{"numFailedTestSuites":0,"numFailedTests":0,"numPassedTestSuites":6,"numPassedTests":6,"numPendingTestSuites":0,"numPendingTests":0,"numRuntimeErrorTestSuites":0,"numTodoTests":0,"numTotalTestSuites":6,"numTotalTests":6,"openHandles":[],"snapshot":{"added":1,"didUpdate":true,"failure":false,"filesAdded":1,"filesRemoved":0,"filesRemovedList":[],"filesUnmatched":0,"filesUpdated":0,"matched":5,"total":6,"unchecked":1,"uncheckedKeysByFile":[{"filePath":"/Users/kane/Lab/Eros/src/components/Chip/Chip.test.tsx","keys":["Chip Renders 1"]}],"unmatched":0,"updated":0},"startTime":1628123833745,"success":true,"testResults":[{"assertionResults":[{"ancestorTitles":[],"failureMessages":[],"fullName":"Switch Renders","location":null,"status":"passed","title":"Switch Renders"}],"endTime":1628123838687,"message":"","name":"/Users/kane/Lab/Eros/src/components/Utils/Hoverable/Hoverable.test.js","startTime":1628123834311,"status":"passed","summary":""},{"assertionResults":[{"ancestorTitles":[],"failureMessages":[],"fullName":"TextField Renders","location":null,"status":"passed","title":"TextField Renders"}],"endTime":1628123839183,"message":"","name":"/Users/kane/Lab/Eros/src/components/TextField/TextField.test.tsx","startTime":1628123834258,"status":"passed","summary":""},{"assertionResults":[{"ancestorTitles":[],"failureMessages":[],"fullName":"Menu Renders","location":null,"status":"passed","title":"Menu Renders"}],"endTime":1628123839296,"message":"","name":"/Users/kane/Lab/Eros/src/components/Menu/Menu.test.js","startTime":1628123834280,"status":"passed","summary":""},{"assertionResults":[{"ancestorTitles":[],"failureMessages":[],"fullName":"Ripple Renders","location":null,"status":"passed","title":"Ripple Renders"}],"endTime":1628123839821,"message":"","name":"/Users/kane/Lab/Eros/src/components/Ripple/Ripple.test.js","startTime":1628123839340,"status":"passed","summary":""},{"assertionResults":[{"ancestorTitles":[],"failureMessages":[],"fullName":"MenuItem Renders","location":null,"status":"passed","title":"MenuItem Renders"}],"endTime":1628123839874,"message":"","name":"/Users/kane/Lab/Eros/src/components/Menu/MenuItem/MenuItem.test.js","startTime":1628123839241,"status":"passed","summary":""},{"assertionResults":[{"ancestorTitles":[],"failureMessages":[],"fullName":"Chip","location":null,"status":"passed","title":"Chip"}],"endTime":1628123840018,"message":"","name":"/Users/kane/Lab/Eros/src/components/Chip/Chip.test.tsx","startTime":1628123838709,"status":"passed","summary":""}],"wasInterrupted":false,"coverageMap":{"/Users/kane/Lab/Eros/src/components/Utils/Hoverable/Hoverable.js":{"path":"/Users/kane/Lab/Eros/src/components/Utils/Hoverable/Hoverable.js","statementMap":{"0":{"start":{"line":8,"column":23},"end":{"line":8,"column":34}},"1":{"start":{"line":10,"column":21},"end":{"line":15,"column":3}},"2":{"start":{"line":17,"column":10},"end":{"line":19,"column":3}},"3":{"start":{"line":21,"column":22},"end":{"line":29,"column":3}},"4":{"start":{"line":22,"column":4},"end":{"line":28,"column":5}},"5":{"start":{"line":23,"column":28},"end":{"line":23,"column":38}},"6":{"start":{"line":24,"column":6},"end":{"line":26,"column":7}},"7":{"start":{"line":25,"column":8},"end":{"line":25,"column":20}},"8":{"start":{"line":27,"column":6},"end":{"line":27,"column":49}},"9":{"start":{"line":27,"column":27},"end":{"line":27,"column":46}},"10":{"start":{"line":31,"column":22},"end":{"line":39,"column":3}},"11":{"start":{"line":32,"column":4},"end":{"line":38,"column":5}},"12":{"start":{"line":33,"column":29},"end":{"line":33,"column":39}},"13":{"start":{"line":34,"column":6},"end":{"line":36,"column":7}},"14":{"start":{"line":35,"column":8},"end":{"line":35,"column":21}},"15":{"start":{"line":37,"column":6},"end":{"line":37,"column":50}},"16":{"start":{"line":37,"column":27},"end":{"line":37,"column":47}},"17":{"start":{"line":41,"column":12},"end":{"line":47,"column":3}},"18":{"start":{"line":42,"column":4},"end":{"line":46,"column":5}},"19":{"start":{"line":43,"column":6},"end":{"line":43,"column":31}},"20":{"start":{"line":45,"column":6},"end":{"line":45,"column":31}},"21":{"start":{"line":50,"column":33},"end":{"line":50,"column":43}},"22":{"start":{"line":52,"column":18},"end":{"line":52,"column":92}},"23":{"start":{"line":54,"column":4},"end":{"line":59,"column":5}},"24":{"start":{"line":55,"column":6},"end":{"line":58,"column":9}},"25":{"start":{"line":60,"column":4},"end":{"line":69,"column":6}}},"fnMap":{"0":{"name":"(anonymous_0)","decl":{"start":{"line":21,"column":22},"end":{"line":21,"column":23}},"loc":{"start":{"line":21,"column":28},"end":{"line":29,"column":3}},"line":21},"1":{"name":"(anonymous_1)","decl":{"start":{"line":27,"column":20},"end":{"line":27,"column":21}},"loc":{"start":{"line":27,"column":27},"end":{"line":27,"column":46}},"line":27},"2":{"name":"(anonymous_2)","decl":{"start":{"line":31,"column":22},"end":{"line":31,"column":23}},"loc":{"start":{"line":31,"column":28},"end":{"line":39,"column":3}},"line":31},"3":{"name":"(anonymous_3)","decl":{"start":{"line":37,"column":20},"end":{"line":37,"column":21}},"loc":{"start":{"line":37,"column":27},"end":{"line":37,"column":47}},"line":37},"4":{"name":"(anonymous_4)","decl":{"start":{"line":41,"column":12},"end":{"line":41,"column":13}},"loc":{"start":{"line":41,"column":18},"end":{"line":47,"column":3}},"line":41},"5":{"name":"(anonymous_5)","decl":{"start":{"line":49,"column":2},"end":{"line":49,"column":3}},"loc":{"start":{"line":49,"column":11},"end":{"line":70,"column":3}},"line":49}},"branchMap":{"0":{"loc":{"start":{"line":22,"column":4},"end":{"line":28,"column":5}},"type":"if","locations":[{"start":{"line":22,"column":4},"end":{"line":28,"column":5}},{"start":{"line":22,"column":4},"end":{"line":28,"column":5}}],"line":22},"1":{"loc":{"start":{"line":24,"column":6},"end":{"line":26,"column":7}},"type":"if","locations":[{"start":{"line":24,"column":6},"end":{"line":26,"column":7}},{"start":{"line":24,"column":6},"end":{"line":26,"column":7}}],"line":24},"2":{"loc":{"start":{"line":32,"column":4},"end":{"line":38,"column":5}},"type":"if","locations":[{"start":{"line":32,"column":4},"end":{"line":38,"column":5}},{"start":{"line":32,"column":4},"end":{"line":38,"column":5}}],"line":32},"3":{"loc":{"start":{"line":34,"column":6},"end":{"line":36,"column":7}},"type":"if","locations":[{"start":{"line":34,"column":6},"end":{"line":36,"column":7}},{"start":{"line":34,"column":6},"end":{"line":36,"column":7}}],"line":34},"4":{"loc":{"start":{"line":42,"column":4},"end":{"line":46,"column":5}},"type":"if","locations":[{"start":{"line":42,"column":4},"end":{"line":46,"column":5}},{"start":{"line":42,"column":4},"end":{"line":46,"column":5}}],"line":42},"5":{"loc":{"start":{"line":52,"column":18},"end":{"line":52,"column":92}},"type":"cond-expr","locations":[{"start":{"line":52,"column":51},"end":{"line":52,"column":81}},{"start":{"line":52,"column":84},"end":{"line":52,"column":92}}],"line":52},"6":{"loc":{"start":{"line":54,"column":4},"end":{"line":59,"column":5}},"type":"if","locations":[{"start":{"line":54,"column":4},"end":{"line":59,"column":5}},{"start":{"line":54,"column":4},"end":{"line":59,"column":5}}],"line":54}},"s":{"0":2,"1":2,"2":2,"3":2,"4":0,"5":0,"6":0,"7":0,"8":0,"9":0,"10":2,"11":0,"12":0,"13":0,"14":0,"15":0,"16":0,"17":2,"18":0,"19":0,"20":0,"21":2,"22":2,"23":2,"24":0,"25":2},"f":{"0":0,"1":0,"2":0,"3":0,"4":0,"5":2},"b":{"0":[0,0],"1":[0,0],"2":[0,0],"3":[0,0],"4":[0,0],"5":[0,2],"6":[0,2]},"_coverageSchema":"1a1c01bbd47fc00a2c39e90264f33305004495a9","hash":"05df9ff91abe8130e4a36897cecd5bdd8b495781"},"/Users/kane/Lab/Eros/src/components/Shadow/index.ts":{"path":"/Users/kane/Lab/Eros/src/components/Shadow/index.ts","statementMap":{"0":{"start":{"line":3,"column":48},"end":{"line":229,"column":1}},"1":{"start":{"line":231,"column":22},"end":{"line":232,"column":73}},"2":{"start":{"line":232,"column":2},"end":{"line":232,"column":73}}},"fnMap":{"0":{"name":"(anonymous_0)","decl":{"start":{"line":231,"column":22},"end":{"line":231,"column":23}},"loc":{"start":{"line":232,"column":2},"end":{"line":232,"column":73}},"line":232}},"branchMap":{"0":{"loc":{"start":{"line":232,"column":2},"end":{"line":232,"column":73}},"type":"cond-expr","locations":[{"start":{"line":232,"column":30},"end":{"line":232,"column":57}},{"start":{"line":232,"column":60},"end":{"line":232,"column":73}}],"line":232}},"s":{"0":3,"1":3,"2":6},"f":{"0":6},"b":{"0":[6,0]},"_coverageSchema":"1a1c01bbd47fc00a2c39e90264f33305004495a9","hash":"bcb354f66b46702dff9da82c1bbc09636e5880b7"},"/Users/kane/Lab/Eros/src/theme/dark.ts":{"path":"/Users/kane/Lab/Eros/src/theme/dark.ts","statementMap":{"0":{"start":{"line":5,"column":23},"end":{"line":7,"column":1}},"1":{"start":{"line":9,"column":20},"end":{"line":9,"column":26}},"2":{"start":{"line":11,"column":34},"end":{"line":11,"column":52}},"3":{"start":{"line":12,"column":26},"end":{"line":12,"column":44}},"4":{"start":{"line":13,"column":31},"end":{"line":13,"column":49}},"5":{"start":{"line":14,"column":37},"end":{"line":14,"column":58}},"6":{"start":{"line":15,"column":42},"end":{"line":15,"column":63}},"7":{"start":{"line":17,"column":22},"end":{"line":17,"column":41}},"8":{"start":{"line":18,"column":28},"end":{"line":18,"column":49}},"9":{"start":{"line":19,"column":23},"end":{"line":19,"column":29}},"10":{"start":{"line":20,"column":29},"end":{"line":20,"column":41}},"11":{"start":{"line":21,"column":23},"end":{"line":21,"column":42}},"12":{"start":{"line":22,"column":29},"end":{"line":22,"column":50}},"13":{"start":{"line":23,"column":23},"end":{"line":23,"column":42}},"14":{"start":{"line":24,"column":29},"end":{"line":24,"column":50}},"15":{"start":{"line":26,"column":27},"end":{"line":26,"column":50}},"16":{"start":{"line":28,"column":25},"end":{"line":35,"column":1}},"17":{"start":{"line":37,"column":28},"end":{"line":37,"column":49}},"18":{"start":{"line":38,"column":34},"end":{"line":38,"column":58}},"19":{"start":{"line":39,"column":39},"end":{"line":39,"column":63}},"20":{"start":{"line":40,"column":44},"end":{"line":40,"column":67}},"21":{"start":{"line":43,"column":35},"end":{"line":43,"column":56}},"22":{"start":{"line":44,"column":41},"end":{"line":44,"column":67}},"23":{"start":{"line":46,"column":30},"end":{"line":46,"column":50}},"24":{"start":{"line":47,"column":36},"end":{"line":47,"column":59}},"25":{"start":{"line":48,"column":41},"end":{"line":48,"column":64}},"26":{"start":{"line":49,"column":46},"end":{"line":49,"column":68}},"27":{"start":{"line":51,"column":21},"end":{"line":51,"column":30}},"28":{"start":{"line":53,"column":32},"end":{"line":53,"column":44}},"29":{"start":{"line":54,"column":28},"end":{"line":54,"column":29}},"30":{"start":{"line":55,"column":27},"end":{"line":55,"column":28}},"31":{"start":{"line":57,"column":20},"end":{"line":57,"column":21}},"32":{"start":{"line":58,"column":22},"end":{"line":58,"column":24}},"33":{"start":{"line":59,"column":23},"end":{"line":59,"column":25}},"34":{"start":{"line":60,"column":26},"end":{"line":60,"column":28}},"35":{"start":{"line":61,"column":27},"end":{"line":61,"column":29}},"36":{"start":{"line":62,"column":34},"end":{"line":62,"column":37}},"37":{"start":{"line":63,"column":36},"end":{"line":63,"column":38}},"38":{"start":{"line":64,"column":29},"end":{"line":64,"column":31}},"39":{"start":{"line":65,"column":35},"end":{"line":65,"column":37}},"40":{"start":{"line":66,"column":34},"end":{"line":66,"column":37}},"41":{"start":{"line":67,"column":26},"end":{"line":67,"column":29}},"42":{"start":{"line":68,"column":32},"end":{"line":68,"column":35}},"43":{"start":{"line":69,"column":34},"end":{"line":69,"column":74}},"44":{"start":{"line":70,"column":28},"end":{"line":70,"column":31}},"45":{"start":{"line":71,"column":26},"end":{"line":71,"column":29}},"46":{"start":{"line":72,"column":27},"end":{"line":72,"column":30}},"47":{"start":{"line":74,"column":24},"end":{"line":74,"column":55}},"48":{"start":{"line":75,"column":27},"end":{"line":75,"column":58}},"49":{"start":{"line":76,"column":25},"end":{"line":76,"column":44}},"50":{"start":{"line":78,"column":26},"end":{"line":169,"column":8}}},"fnMap":{},"branchMap":{"0":{"loc":{"start":{"line":74,"column":24},"end":{"line":74,"column":55}},"type":"cond-expr","locations":[{"start":{"line":74,"column":48},"end":{"line":74,"column":50}},{"start":{"line":74,"column":53},"end":{"line":74,"column":55}}],"line":74},"1":{"loc":{"start":{"line":75,"column":27},"end":{"line":75,"column":58}},"type":"cond-expr","locations":[{"start":{"line":75,"column":51},"end":{"line":75,"column":53}},{"start":{"line":75,"column":56},"end":{"line":75,"column":58}}],"line":75}},"s":{"0":2,"1":2,"2":2,"3":2,"4":2,"5":2,"6":2,"7":2,"8":2,"9":2,"10":2,"11":2,"12":2,"13":2,"14":2,"15":2,"16":2,"17":2,"18":2,"19":2,"20":2,"21":2,"22":2,"23":2,"24":2,"25":2,"26":2,"27":2,"28":2,"29":2,"30":2,"31":2,"32":2,"33":2,"34":2,"35":2,"36":2,"37":2,"38":2,"39":2,"40":2,"41":2,"42":2,"43":2,"44":2,"45":2,"46":2,"47":2,"48":2,"49":2,"50":2},"f":{},"b":{"0":[0,2],"1":[0,2]},"_coverageSchema":"1a1c01bbd47fc00a2c39e90264f33305004495a9","hash":"e2c8e41d96d1506e88fdbf6378a47c3d2d469383"},"/Users/kane/Lab/Eros/src/theme/light.ts":{"path":"/Users/kane/Lab/Eros/src/theme/light.ts","statementMap":{"0":{"start":{"line":5,"column":20},"end":{"line":5,"column":27}},"1":{"start":{"line":7,"column":26},"end":{"line":7,"column":47}},"2":{"start":{"line":8,"column":34},"end":{"line":8,"column":44}},"3":{"start":{"line":9,"column":31},"end":{"line":9,"column":41}},"4":{"start":{"line":10,"column":37},"end":{"line":10,"column":61}},"5":{"start":{"line":11,"column":42},"end":{"line":11,"column":66}},"6":{"start":{"line":13,"column":22},"end":{"line":13,"column":44}},"7":{"start":{"line":14,"column":28},"end":{"line":14,"column":52}},"8":{"start":{"line":15,"column":23},"end":{"line":15,"column":29}},"9":{"start":{"line":16,"column":29},"end":{"line":16,"column":41}},"10":{"start":{"line":17,"column":23},"end":{"line":17,"column":45}},"11":{"start":{"line":18,"column":29},"end":{"line":18,"column":53}},"12":{"start":{"line":19,"column":23},"end":{"line":19,"column":45}},"13":{"start":{"line":20,"column":29},"end":{"line":20,"column":53}},"14":{"start":{"line":22,"column":27},"end":{"line":22,"column":45}},"15":{"start":{"line":25,"column":20},"end":{"line":25,"column":21}},"16":{"start":{"line":26,"column":22},"end":{"line":26,"column":24}},"17":{"start":{"line":27,"column":23},"end":{"line":27,"column":25}},"18":{"start":{"line":28,"column":26},"end":{"line":28,"column":28}},"19":{"start":{"line":29,"column":27},"end":{"line":29,"column":29}},"20":{"start":{"line":30,"column":34},"end":{"line":30,"column":37}},"21":{"start":{"line":31,"column":36},"end":{"line":31,"column":38}},"22":{"start":{"line":32,"column":29},"end":{"line":32,"column":31}},"23":{"start":{"line":33,"column":35},"end":{"line":33,"column":37}},"24":{"start":{"line":34,"column":34},"end":{"line":34,"column":37}},"25":{"start":{"line":35,"column":26},"end":{"line":35,"column":29}},"26":{"start":{"line":36,"column":32},"end":{"line":36,"column":35}},"27":{"start":{"line":37,"column":34},"end":{"line":37,"column":74}},"28":{"start":{"line":38,"column":28},"end":{"line":38,"column":31}},"29":{"start":{"line":39,"column":26},"end":{"line":39,"column":29}},"30":{"start":{"line":40,"column":27},"end":{"line":40,"column":30}},"31":{"start":{"line":42,"column":25},"end":{"line":49,"column":1}},"32":{"start":{"line":51,"column":28},"end":{"line":51,"column":49}},"33":{"start":{"line":52,"column":34},"end":{"line":52,"column":58}},"34":{"start":{"line":53,"column":39},"end":{"line":53,"column":63}},"35":{"start":{"line":54,"column":44},"end":{"line":54,"column":67}},"36":{"start":{"line":57,"column":35},"end":{"line":57,"column":56}},"37":{"start":{"line":58,"column":41},"end":{"line":58,"column":67}},"38":{"start":{"line":60,"column":30},"end":{"line":60,"column":50}},"39":{"start":{"line":61,"column":36},"end":{"line":61,"column":59}},"40":{"start":{"line":62,"column":41},"end":{"line":62,"column":64}},"41":{"start":{"line":63,"column":46},"end":{"line":63,"column":68}},"42":{"start":{"line":65,"column":21},"end":{"line":65,"column":30}},"43":{"start":{"line":68,"column":24},"end":{"line":68,"column":55}},"44":{"start":{"line":69,"column":27},"end":{"line":69,"column":58}},"45":{"start":{"line":70,"column":25},"end":{"line":70,"column":44}},"46":{"start":{"line":72,"column":32},"end":{"line":72,"column":49}},"47":{"start":{"line":73,"column":28},"end":{"line":73,"column":29}},"48":{"start":{"line":74,"column":27},"end":{"line":74,"column":51}},"49":{"start":{"line":92,"column":26},"end":{"line":183,"column":8}}},"fnMap":{},"branchMap":{"0":{"loc":{"start":{"line":68,"column":24},"end":{"line":68,"column":55}},"type":"cond-expr","locations":[{"start":{"line":68,"column":48},"end":{"line":68,"column":50}},{"start":{"line":68,"column":53},"end":{"line":68,"column":55}}],"line":68},"1":{"loc":{"start":{"line":69,"column":27},"end":{"line":69,"column":58}},"type":"cond-expr","locations":[{"start":{"line":69,"column":51},"end":{"line":69,"column":53}},{"start":{"line":69,"column":56},"end":{"line":69,"column":58}}],"line":69}},"s":{"0":2,"1":2,"2":2,"3":2,"4":2,"5":2,"6":2,"7":2,"8":2,"9":2,"10":2,"11":2,"12":2,"13":2,"14":2,"15":2,"16":2,"17":2,"18":2,"19":2,"20":2,"21":2,"22":2,"23":2,"24":2,"25":2,"26":2,"27":2,"28":2,"29":2,"30":2,"31":2,"32":2,"33":2,"34":2,"35":2,"36":2,"37":2,"38":2,"39":2,"40":2,"41":2,"42":2,"43":2,"44":2,"45":2,"46":2,"47":2,"48":2,"49":2},"f":{},"b":{"0":[0,2],"1":[0,2]},"_coverageSchema":"1a1c01bbd47fc00a2c39e90264f33305004495a9","hash":"b6fb9ce2e9c4acad870666c01bbd013b25b9e10c"},"/Users/kane/Lab/Eros/src/theme/makeTheme.ts":{"path":"/Users/kane/Lab/Eros/src/theme/makeTheme.ts","statementMap":{"0":{"start":{"line":16,"column":24},"end":{"line":17,"column":42}},"1":{"start":{"line":17,"column":2},"end":{"line":17,"column":42}},"2":{"start":{"line":19,"column":18},"end":{"line":23,"column":1}},"3":{"start":{"line":20,"column":20},"end":{"line":20,"column":69}},"4":{"start":{"line":21,"column":25},"end":{"line":21,"column":62}},"5":{"start":{"line":22,"column":2},"end":{"line":22,"column":24}}},"fnMap":{"0":{"name":"(anonymous_0)","decl":{"start":{"line":16,"column":24},"end":{"line":16,"column":25}},"loc":{"start":{"line":17,"column":2},"end":{"line":17,"column":42}},"line":17},"1":{"name":"(anonymous_1)","decl":{"start":{"line":19,"column":18},"end":{"line":19,"column":19}},"loc":{"start":{"line":19,"column":48},"end":{"line":23,"column":1}},"line":19}},"branchMap":{"0":{"loc":{"start":{"line":17,"column":2},"end":{"line":17,"column":42}},"type":"cond-expr","locations":[{"start":{"line":17,"column":30},"end":{"line":17,"column":35}},{"start":{"line":17,"column":38},"end":{"line":17,"column":42}}],"line":17},"1":{"loc":{"start":{"line":20,"column":36},"end":{"line":20,"column":68}},"type":"binary-expr","locations":[{"start":{"line":20,"column":36},"end":{"line":20,"column":49}},{"start":{"line":20,"column":53},"end":{"line":20,"column":68}}],"line":20}},"s":{"0":2,"1":4,"2":2,"3":4,"4":4,"5":4},"f":{"0":4,"1":4},"b":{"0":[4,0],"1":[4,0]},"_coverageSchema":"1a1c01bbd47fc00a2c39e90264f33305004495a9","hash":"d77582993b5edfe33f5ff493bf3aa8ef40722360"},"/Users/kane/Lab/Eros/src/theme/ThemeProvider.tsx":{"path":"/Users/kane/Lab/Eros/src/theme/ThemeProvider.tsx","statementMap":{"0":{"start":{"line":8,"column":28},"end":{"line":8,"column":65}},"1":{"start":{"line":9,"column":41},"end":{"line":9,"column":67}},"2":{"start":{"line":9,"column":62},"end":{"line":9,"column":66}},"3":{"start":{"line":10,"column":28},"end":{"line":10,"column":63}},"4":{"start":{"line":29,"column":29},"end":{"line":61,"column":1}},"5":{"start":{"line":30,"column":50},"end":{"line":30,"column":55}},"6":{"start":{"line":31,"column":22},"end":{"line":31,"column":38}},"7":{"start":{"line":32,"column":2},"end":{"line":35,"column":4}},"8":{"start":{"line":37,"column":36},"end":{"line":39,"column":3}},"9":{"start":{"line":41,"column":22},"end":{"line":47,"column":3}},"10":{"start":{"line":43,"column":6},"end":{"line":45,"column":7}},"11":{"start":{"line":44,"column":8},"end":{"line":44,"column":70}},"12":{"start":{"line":49,"column":20},"end":{"line":55,"column":17}},"13":{"start":{"line":51,"column":6},"end":{"line":53,"column":56}},"14":{"start":{"line":54,"column":4},"end":{"line":54,"column":21}},"15":{"start":{"line":57,"column":16},"end":{"line":57,"column":60}},"16":{"start":{"line":58,"column":2},"end":{"line":60,"column":4}}},"fnMap":{"0":{"name":"(anonymous_0)","decl":{"start":{"line":9,"column":56},"end":{"line":9,"column":57}},"loc":{"start":{"line":9,"column":62},"end":{"line":9,"column":66}},"line":9},"1":{"name":"(anonymous_1)","decl":{"start":{"line":29,"column":29},"end":{"line":29,"column":30}},"loc":{"start":{"line":29,"column":60},"end":{"line":61,"column":1}},"line":29},"2":{"name":"(anonymous_2)","decl":{"start":{"line":42,"column":4},"end":{"line":42,"column":5}},"loc":{"start":{"line":43,"column":6},"end":{"line":45,"column":7}},"line":43},"3":{"name":"(anonymous_3)","decl":{"start":{"line":43,"column":19},"end":{"line":43,"column":20}},"loc":{"start":{"line":44,"column":8},"end":{"line":44,"column":70}},"line":44},"4":{"name":"(anonymous_4)","decl":{"start":{"line":49,"column":34},"end":{"line":49,"column":35}},"loc":{"start":{"line":49,"column":40},"end":{"line":55,"column":3}},"line":49}},"branchMap":{"0":{"loc":{"start":{"line":30,"column":35},"end":{"line":30,"column":45}},"type":"default-arg","locations":[{"start":{"line":30,"column":43},"end":{"line":30,"column":45}}],"line":30},"1":{"loc":{"start":{"line":34,"column":29},"end":{"line":34,"column":57}},"type":"binary-expr","locations":[{"start":{"line":34,"column":29},"end":{"line":34,"column":42}},{"start":{"line":34,"column":46},"end":{"line":34,"column":57}}],"line":34},"2":{"loc":{"start":{"line":38,"column":4},"end":{"line":38,"column":32}},"type":"binary-expr","locations":[{"start":{"line":38,"column":4},"end":{"line":38,"column":17}},{"start":{"line":38,"column":21},"end":{"line":38,"column":32}}],"line":38},"3":{"loc":{"start":{"line":44,"column":8},"end":{"line":44,"column":70}},"type":"cond-expr","locations":[{"start":{"line":44,"column":36},"end":{"line":44,"column":51}},{"start":{"line":44,"column":54},"end":{"line":44,"column":70}}],"line":44},"4":{"loc":{"start":{"line":51,"column":6},"end":{"line":53,"column":56}},"type":"cond-expr","locations":[{"start":{"line":52,"column":10},"end":{"line":52,"column":57}},{"start":{"line":53,"column":10},"end":{"line":53,"column":56}}],"line":51}},"s":{"0":2,"1":2,"2":0,"3":2,"4":2,"5":2,"6":2,"7":2,"8":2,"9":2,"10":0,"11":0,"12":2,"13":2,"14":2,"15":2,"16":2},"f":{"0":0,"1":2,"2":0,"3":0,"4":2},"b":{"0":[2],"1":[2,2],"2":[2,2],"3":[0,0],"4":[2,0]},"_coverageSchema":"1a1c01bbd47fc00a2c39e90264f33305004495a9","hash":"f0d35a90b1c0b9e04a39ecbb1f7490d9dd1acf9a"},"/Users/kane/Lab/Eros/src/theme/useTheme.ts":{"path":"/Users/kane/Lab/Eros/src/theme/useTheme.ts","statementMap":{"0":{"start":{"line":4,"column":17},"end":{"line":7,"column":1}},"1":{"start":{"line":5,"column":31},"end":{"line":5,"column":75}},"2":{"start":{"line":6,"column":2},"end":{"line":6,"column":50}}},"fnMap":{"0":{"name":"(anonymous_0)","decl":{"start":{"line":4,"column":17},"end":{"line":4,"column":18}},"loc":{"start":{"line":4,"column":41},"end":{"line":7,"column":1}},"line":4}},"branchMap":{},"s":{"0":2,"1":5,"2":5},"f":{"0":5},"b":{},"_coverageSchema":"1a1c01bbd47fc00a2c39e90264f33305004495a9","hash":"369d678f9cba5a5279159b2e91e0f5a93141bb35"},"/Users/kane/Lab/Eros/src/theme/makeStyles.ts":{"path":"/Users/kane/Lab/Eros/src/theme/makeStyles.ts","statementMap":{"0":{"start":{"line":8,"column":29},"end":{"line":18,"column":1}},"1":{"start":{"line":9,"column":20},"end":{"line":15,"column":3}},"2":{"start":{"line":10,"column":37},"end":{"line":10,"column":47}},"3":{"start":{"line":11,"column":19},"end":{"line":13,"column":6}},"4":{"start":{"line":11,"column":33},"end":{"line":11,"column":70}},"5":{"start":{"line":14,"column":4},"end":{"line":14,"column":18}},"6":{"start":{"line":17,"column":2},"end":{"line":17,"column":19}}},"fnMap":{"0":{"name":"(anonymous_0)","decl":{"start":{"line":8,"column":29},"end":{"line":8,"column":30}},"loc":{"start":{"line":8,"column":57},"end":{"line":18,"column":1}},"line":8},"1":{"name":"(anonymous_1)","decl":{"start":{"line":9,"column":20},"end":{"line":9,"column":21}},"loc":{"start":{"line":9,"column":26},"end":{"line":15,"column":3}},"line":9},"2":{"name":"(anonymous_2)","decl":{"start":{"line":11,"column":27},"end":{"line":11,"column":28}},"loc":{"start":{"line":11,"column":33},"end":{"line":11,"column":70}},"line":11}},"branchMap":{},"s":{"0":2,"1":10,"2":3,"3":3,"4":3,"5":3,"6":10},"f":{"0":10,"1":3,"2":3},"b":{},"_coverageSchema":"1a1c01bbd47fc00a2c39e90264f33305004495a9","hash":"deff118ad5c1c9597bbde38bd4585d4961fc99ca"},"/Users/kane/Lab/Eros/src/theme/Typography.ts":{"path":"/Users/kane/Lab/Eros/src/theme/Typography.ts","statementMap":{"0":{"start":{"line":21,"column":36},"end":{"line":28,"column":1}},"1":{"start":{"line":30,"column":25},"end":{"line":30,"column":34}},"2":{"start":{"line":72,"column":26},"end":{"line":163,"column":8}}},"fnMap":{},"branchMap":{},"s":{"0":2,"1":2,"2":2},"f":{},"b":{},"_coverageSchema":"1a1c01bbd47fc00a2c39e90264f33305004495a9","hash":"daeb8a1bb7c79fc4963afa379ccea95caeb6a544"},"/Users/kane/Lab/Eros/src/theme/index.ts":{"path":"/Users/kane/Lab/Eros/src/theme/index.ts","statementMap":{},"fnMap":{},"branchMap":{},"s":{},"f":{},"b":{},"_coverageSchema":"1a1c01bbd47fc00a2c39e90264f33305004495a9","hash":"b2548eef9abc1615b4fe208c66c04748caf1ab06"},"/Users/kane/Lab/Eros/src/components/TextField/TextField.tsx":{"path":"/Users/kane/Lab/Eros/src/components/TextField/TextField.tsx","statementMap":{"0":{"start":{"line":20,"column":18},"end":{"line":63,"column":2}},"1":{"start":{"line":29,"column":22},"end":{"line":29,"column":27}},"2":{"start":{"line":30,"column":18},"end":{"line":30,"column":28}},"3":{"start":{"line":31,"column":28},"end":{"line":31,"column":53}},"4":{"start":{"line":32,"column":28},"end":{"line":32,"column":49}},"5":{"start":{"line":33,"column":17},"end":{"line":33,"column":28}},"6":{"start":{"line":35,"column":25},"end":{"line":47,"column":3}},"7":{"start":{"line":37,"column":6},"end":{"line":45,"column":8}},"8":{"start":{"line":49,"column":29},"end":{"line":49,"column":79}},"9":{"start":{"line":50,"column":2},"end":{"line":62,"column":4}},"10":{"start":{"line":54,"column":21},"end":{"line":54,"column":35}},"11":{"start":{"line":55,"column":20},"end":{"line":55,"column":35}},"12":{"start":{"line":65,"column":18},"end":{"line":112,"column":3}},"13":{"start":{"line":65,"column":48},"end":{"line":112,"column":1}}},"fnMap":{"0":{"name":"(anonymous_0)","decl":{"start":{"line":20,"column":62},"end":{"line":20,"column":63}},"loc":{"start":{"line":20,"column":78},"end":{"line":63,"column":1}},"line":20},"1":{"name":"(anonymous_1)","decl":{"start":{"line":36,"column":4},"end":{"line":36,"column":5}},"loc":{"start":{"line":37,"column":6},"end":{"line":45,"column":8}},"line":37},"2":{"name":"(anonymous_2)","decl":{"start":{"line":54,"column":15},"end":{"line":54,"column":16}},"loc":{"start":{"line":54,"column":21},"end":{"line":54,"column":35}},"line":54},"3":{"name":"(anonymous_3)","decl":{"start":{"line":55,"column":14},"end":{"line":55,"column":15}},"loc":{"start":{"line":55,"column":20},"end":{"line":55,"column":35}},"line":55},"4":{"name":"(anonymous_4)","decl":{"start":{"line":65,"column":29},"end":{"line":65,"column":30}},"loc":{"start":{"line":65,"column":48},"end":{"line":112,"column":1}},"line":65}},"branchMap":{"0":{"loc":{"start":{"line":22,"column":4},"end":{"line":22,"column":21}},"type":"default-arg","locations":[{"start":{"line":22,"column":16},"end":{"line":22,"column":21}}],"line":22},"1":{"loc":{"start":{"line":23,"column":4},"end":{"line":23,"column":16}},"type":"default-arg","locations":[{"start":{"line":23,"column":12},"end":{"line":23,"column":16}}],"line":23},"2":{"loc":{"start":{"line":24,"column":4},"end":{"line":24,"column":16}},"type":"default-arg","locations":[{"start":{"line":24,"column":11},"end":{"line":24,"column":16}}],"line":24},"3":{"loc":{"start":{"line":25,"column":4},"end":{"line":25,"column":21}},"type":"default-arg","locations":[{"start":{"line":25,"column":16},"end":{"line":25,"column":21}}],"line":25},"4":{"loc":{"start":{"line":39,"column":8},"end":{"line":39,"column":61}},"type":"binary-expr","locations":[{"start":{"line":39,"column":8},"end":{"line":39,"column":13}},{"start":{"line":39,"column":17},"end":{"line":39,"column":61}}],"line":39},"5":{"loc":{"start":{"line":40,"column":8},"end":{"line":40,"column":61}},"type":"binary-expr","locations":[{"start":{"line":40,"column":8},"end":{"line":40,"column":13}},{"start":{"line":40,"column":17},"end":{"line":40,"column":61}}],"line":40},"6":{"loc":{"start":{"line":41,"column":8},"end":{"line":41,"column":27}},"type":"binary-expr","locations":[{"start":{"line":41,"column":8},"end":{"line":41,"column":12}},{"start":{"line":41,"column":16},"end":{"line":41,"column":27}}],"line":41},"7":{"loc":{"start":{"line":42,"column":8},"end":{"line":42,"column":37}},"type":"binary-expr","locations":[{"start":{"line":42,"column":8},"end":{"line":42,"column":17}},{"start":{"line":42,"column":21},"end":{"line":42,"column":37}}],"line":42},"8":{"loc":{"start":{"line":43,"column":8},"end":{"line":43,"column":52}},"type":"binary-expr","locations":[{"start":{"line":43,"column":8},"end":{"line":43,"column":29}},{"start":{"line":43,"column":33},"end":{"line":43,"column":52}}],"line":43},"9":{"loc":{"start":{"line":49,"column":29},"end":{"line":49,"column":79}},"type":"cond-expr","locations":[{"start":{"line":49,"column":63},"end":{"line":49,"column":70}},{"start":{"line":49,"column":73},"end":{"line":49,"column":79}}],"line":49},"10":{"loc":{"start":{"line":58,"column":8},"end":{"line":58,"column":76}},"type":"cond-expr","locations":[{"start":{"line":58,"column":25},"end":{"line":58,"column":48}},{"start":{"line":58,"column":51},"end":{"line":58,"column":76}}],"line":58},"11":{"loc":{"start":{"line":58,"column":8},"end":{"line":58,"column":22}},"type":"binary-expr","locations":[{"start":{"line":58,"column":8},"end":{"line":58,"column":13}},{"start":{"line":58,"column":17},"end":{"line":58,"column":22}}],"line":58}},"s":{"0":1,"1":1,"2":1,"3":1,"4":1,"5":1,"6":1,"7":1,"8":1,"9":1,"10":0,"11":0,"12":1,"13":1},"f":{"0":1,"1":1,"2":0,"3":0,"4":1},"b":{"0":[1],"1":[1],"2":[1],"3":[1],"4":[1,0],"5":[1,0],"6":[1,0],"7":[1,0],"8":[1,0],"9":[1,0],"10":[0,1],"11":[1,1]},"_coverageSchema":"1a1c01bbd47fc00a2c39e90264f33305004495a9","hash":"eca95ba6507705e996603d95896c2ea0ccca1b51"},"/Users/kane/Lab/Eros/src/components/Menu/Menu.styles.ts":{"path":"/Users/kane/Lab/Eros/src/components/Menu/Menu.styles.ts","statementMap":{"0":{"start":{"line":4,"column":15},"end":{"line":22,"column":2}}},"fnMap":{},"branchMap":{},"s":{"0":1},"f":{},"b":{},"_coverageSchema":"1a1c01bbd47fc00a2c39e90264f33305004495a9","hash":"3dcd73a1d423b79634f3a76039b7a2272879013d"},"/Users/kane/Lab/Eros/src/components/Menu/ModalMenu/ModalMenu.native.styles.js":{"path":"/Users/kane/Lab/Eros/src/components/Menu/ModalMenu/ModalMenu.native.styles.js","statementMap":{},"fnMap":{},"branchMap":{},"s":{},"f":{},"b":{},"_coverageSchema":"1a1c01bbd47fc00a2c39e90264f33305004495a9","hash":"840a3803f0a62d340fa0e221eb676cf0a85c11f0"},"/Users/kane/Lab/Eros/src/components/Menu/ModalMenu/index.native.js":{"path":"/Users/kane/Lab/Eros/src/components/Menu/ModalMenu/index.native.js","statementMap":{"0":{"start":{"line":16,"column":21},"end":{"line":25,"column":3}},"1":{"start":{"line":27,"column":24},"end":{"line":29,"column":3}},"2":{"start":{"line":40,"column":8},"end":{"line":40,"column":18}},"3":{"start":{"line":42,"column":24},"end":{"line":42,"column":54}},"4":{"start":{"line":43,"column":25},"end":{"line":43,"column":56}},"5":{"start":{"line":45,"column":4},"end":{"line":70,"column":6}}},"fnMap":{"0":{"name":"(anonymous_0)","decl":{"start":{"line":31,"column":2},"end":{"line":31,"column":3}},"loc":{"start":{"line":31,"column":11},"end":{"line":71,"column":3}},"line":31}},"branchMap":{},"s":{"0":1,"1":1,"2":0,"3":0,"4":0,"5":0},"f":{"0":0},"b":{},"_coverageSchema":"1a1c01bbd47fc00a2c39e90264f33305004495a9","hash":"fcf8f6e6078854ddba94125043c75e23a1c596b2"},"/Users/kane/Lab/Eros/src/components/Menu/Menu.tsx":{"path":"/Users/kane/Lab/Eros/src/components/Menu/Menu.tsx","statementMap":{"0":{"start":{"line":11,"column":21},"end":{"line":27,"column":3}},"1":{"start":{"line":29,"column":10},"end":{"line":37,"column":3}},"2":{"start":{"line":40,"column":24},"end":{"line":40,"column":34}},"3":{"start":{"line":42,"column":4},"end":{"line":44,"column":5}},"4":{"start":{"line":43,"column":6},"end":{"line":43,"column":20}},"5":{"start":{"line":48,"column":24},"end":{"line":48,"column":34}},"6":{"start":{"line":50,"column":4},"end":{"line":52,"column":5}},"7":{"start":{"line":51,"column":6},"end":{"line":51,"column":20}},"8":{"start":{"line":55,"column":22},"end":{"line":60,"column":3}},"9":{"start":{"line":56,"column":22},"end":{"line":56,"column":42}},"10":{"start":{"line":57,"column":4},"end":{"line":59,"column":7}},"11":{"start":{"line":62,"column":19},"end":{"line":89,"column":3}},"12":{"start":{"line":63,"column":30},"end":{"line":63,"column":50}},"13":{"start":{"line":68,"column":4},"end":{"line":88,"column":5}},"14":{"start":{"line":69,"column":6},"end":{"line":69,"column":65}},"15":{"start":{"line":70,"column":6},"end":{"line":70,"column":65}},"16":{"start":{"line":71,"column":6},"end":{"line":76,"column":9}},"17":{"start":{"line":78,"column":6},"end":{"line":87,"column":9}},"18":{"start":{"line":79,"column":8},"end":{"line":79,"column":26}},"19":{"start":{"line":80,"column":8},"end":{"line":80,"column":26}},"20":{"start":{"line":81,"column":8},"end":{"line":86,"column":11}},"21":{"start":{"line":91,"column":17},"end":{"line":98,"column":3}},"22":{"start":{"line":92,"column":30},"end":{"line":92,"column":50}},"23":{"start":{"line":94,"column":4},"end":{"line":97,"column":7}},"24":{"start":{"line":103,"column":8},"end":{"line":103,"column":18}},"25":{"start":{"line":105,"column":4},"end":{"line":108,"column":5}},"26":{"start":{"line":106,"column":6},"end":{"line":106,"column":43}},"27":{"start":{"line":106,"column":23},"end":{"line":106,"column":36}},"28":{"start":{"line":107,"column":6},"end":{"line":107,"column":13}},"29":{"start":{"line":110,"column":26},"end":{"line":110,"column":36}},"30":{"start":{"line":112,"column":22},"end":{"line":112,"column":60}},"31":{"start":{"line":114,"column":18},"end":{"line":114,"column":19}},"32":{"start":{"line":115,"column":17},"end":{"line":115,"column":35}},"33":{"start":{"line":116,"column":16},"end":{"line":116,"column":30}},"34":{"start":{"line":118,"column":4},"end":{"line":122,"column":5}},"35":{"start":{"line":119,"column":6},"end":{"line":119,"column":18}},"36":{"start":{"line":120,"column":6},"end":{"line":120,"column":17}},"37":{"start":{"line":121,"column":6},"end":{"line":121,"column":16}},"38":{"start":{"line":124,"column":4},"end":{"line":140,"column":15}},"39":{"start":{"line":154,"column":8},"end":{"line":154,"column":18}},"40":{"start":{"line":169,"column":8},"end":{"line":169,"column":18}},"41":{"start":{"line":171,"column":31},"end":{"line":176,"column":5}},"42":{"start":{"line":178,"column":4},"end":{"line":184,"column":5}},"43":{"start":{"line":179,"column":6},"end":{"line":183,"column":7}},"44":{"start":{"line":180,"column":8},"end":{"line":180,"column":82}},"45":{"start":{"line":182,"column":8},"end":{"line":182,"column":55}},"46":{"start":{"line":186,"column":4},"end":{"line":199,"column":5}},"47":{"start":{"line":187,"column":6},"end":{"line":187,"column":68}},"48":{"start":{"line":188,"column":6},"end":{"line":188,"column":89}},"49":{"start":{"line":190,"column":6},"end":{"line":198,"column":7}},"50":{"start":{"line":191,"column":8},"end":{"line":191,"column":100}},"51":{"start":{"line":192,"column":13},"end":{"line":198,"column":7}},"52":{"start":{"line":193,"column":8},"end":{"line":193,"column":83}},"53":{"start":{"line":194,"column":8},"end":{"line":194,"column":68}},"54":{"start":{"line":195,"column":13},"end":{"line":198,"column":7}},"55":{"start":{"line":196,"column":8},"end":{"line":196,"column":83}},"56":{"start":{"line":197,"column":8},"end":{"line":197,"column":70}},"57":{"start":{"line":201,"column":4},"end":{"line":204,"column":5}},"58":{"start":{"line":202,"column":6},"end":{"line":202,"column":33}},"59":{"start":{"line":203,"column":6},"end":{"line":203,"column":34}},"60":{"start":{"line":206,"column":4},"end":{"line":243,"column":6}},"61":{"start":{"line":211,"column":12},"end":{"line":211,"column":30}}},"fnMap":{"0":{"name":"(anonymous_0)","decl":{"start":{"line":39,"column":2},"end":{"line":39,"column":3}},"loc":{"start":{"line":39,"column":22},"end":{"line":45,"column":3}},"line":39},"1":{"name":"(anonymous_1)","decl":{"start":{"line":47,"column":2},"end":{"line":47,"column":3}},"loc":{"start":{"line":47,"column":32},"end":{"line":53,"column":3}},"line":47},"2":{"name":"(anonymous_2)","decl":{"start":{"line":55,"column":22},"end":{"line":55,"column":23}},"loc":{"start":{"line":55,"column":29},"end":{"line":60,"column":3}},"line":55},"3":{"name":"(anonymous_3)","decl":{"start":{"line":62,"column":19},"end":{"line":62,"column":20}},"loc":{"start":{"line":62,"column":26},"end":{"line":89,"column":3}},"line":62},"4":{"name":"(anonymous_4)","decl":{"start":{"line":78,"column":26},"end":{"line":78,"column":27}},"loc":{"start":{"line":78,"column":65},"end":{"line":87,"column":7}},"line":78},"5":{"name":"(anonymous_5)","decl":{"start":{"line":91,"column":17},"end":{"line":91,"column":18}},"loc":{"start":{"line":91,"column":24},"end":{"line":98,"column":3}},"line":91},"6":{"name":"(anonymous_6)","decl":{"start":{"line":100,"column":2},"end":{"line":100,"column":3}},"loc":{"start":{"line":100,"column":11},"end":{"line":141,"column":3}},"line":100},"7":{"name":"(anonymous_7)","decl":{"start":{"line":106,"column":17},"end":{"line":106,"column":18}},"loc":{"start":{"line":106,"column":23},"end":{"line":106,"column":36}},"line":106},"8":{"name":"(anonymous_8)","decl":{"start":{"line":143,"column":2},"end":{"line":143,"column":3}},"loc":{"start":{"line":143,"column":11},"end":{"line":244,"column":3}},"line":143},"9":{"name":"(anonymous_9)","decl":{"start":{"line":210,"column":15},"end":{"line":210,"column":16}},"loc":{"start":{"line":210,"column":24},"end":{"line":212,"column":11}},"line":210}},"branchMap":{"0":{"loc":{"start":{"line":42,"column":4},"end":{"line":44,"column":5}},"type":"if","locations":[{"start":{"line":42,"column":4},"end":{"line":44,"column":5}},{"start":{"line":42,"column":4},"end":{"line":44,"column":5}}],"line":42},"1":{"loc":{"start":{"line":50,"column":4},"end":{"line":52,"column":5}},"type":"if","locations":[{"start":{"line":50,"column":4},"end":{"line":52,"column":5}},{"start":{"line":50,"column":4},"end":{"line":52,"column":5}}],"line":50},"2":{"loc":{"start":{"line":68,"column":4},"end":{"line":88,"column":5}},"type":"if","locations":[{"start":{"line":68,"column":4},"end":{"line":88,"column":5}},{"start":{"line":68,"column":4},"end":{"line":88,"column":5}}],"line":68},"3":{"loc":{"start":{"line":105,"column":4},"end":{"line":108,"column":5}},"type":"if","locations":[{"start":{"line":105,"column":4},"end":{"line":108,"column":5}},{"start":{"line":105,"column":4},"end":{"line":108,"column":5}}],"line":105},"4":{"loc":{"start":{"line":105,"column":8},"end":{"line":105,"column":39}},"type":"binary-expr","locations":[{"start":{"line":105,"column":8},"end":{"line":105,"column":22}},{"start":{"line":105,"column":26},"end":{"line":105,"column":39}}],"line":105},"5":{"loc":{"start":{"line":112,"column":22},"end":{"line":112,"column":60}},"type":"cond-expr","locations":[{"start":{"line":112,"column":34},"end":{"line":112,"column":45}},{"start":{"line":112,"column":48},"end":{"line":112,"column":60}}],"line":112},"6":{"loc":{"start":{"line":118,"column":4},"end":{"line":122,"column":5}},"type":"if","locations":[{"start":{"line":118,"column":4},"end":{"line":122,"column":5}},{"start":{"line":118,"column":4},"end":{"line":122,"column":5}}],"line":118},"7":{"loc":{"start":{"line":175,"column":11},"end":{"line":175,"column":53}},"type":"cond-expr","locations":[{"start":{"line":175,"column":29},"end":{"line":175,"column":49}},{"start":{"line":175,"column":52},"end":{"line":175,"column":53}}],"line":175},"8":{"loc":{"start":{"line":178,"column":4},"end":{"line":184,"column":5}},"type":"if","locations":[{"start":{"line":178,"column":4},"end":{"line":184,"column":5}},{"start":{"line":178,"column":4},"end":{"line":184,"column":5}}],"line":178},"9":{"loc":{"start":{"line":179,"column":6},"end":{"line":183,"column":7}},"type":"if","locations":[{"start":{"line":179,"column":6},"end":{"line":183,"column":7}},{"start":{"line":179,"column":6},"end":{"line":183,"column":7}}],"line":179},"10":{"loc":{"start":{"line":186,"column":4},"end":{"line":199,"column":5}},"type":"if","locations":[{"start":{"line":186,"column":4},"end":{"line":199,"column":5}},{"start":{"line":186,"column":4},"end":{"line":199,"column":5}}],"line":186},"11":{"loc":{"start":{"line":190,"column":6},"end":{"line":198,"column":7}},"type":"if","locations":[{"start":{"line":190,"column":6},"end":{"line":198,"column":7}},{"start":{"line":190,"column":6},"end":{"line":198,"column":7}}],"line":190},"12":{"loc":{"start":{"line":191,"column":68},"end":{"line":191,"column":98}},"type":"cond-expr","locations":[{"start":{"line":191,"column":92},"end":{"line":191,"column":93}},{"start":{"line":191,"column":96},"end":{"line":191,"column":98}}],"line":191},"13":{"loc":{"start":{"line":192,"column":13},"end":{"line":198,"column":7}},"type":"if","locations":[{"start":{"line":192,"column":13},"end":{"line":198,"column":7}},{"start":{"line":192,"column":13},"end":{"line":198,"column":7}}],"line":192},"14":{"loc":{"start":{"line":193,"column":52},"end":{"line":193,"column":81}},"type":"cond-expr","locations":[{"start":{"line":193,"column":76},"end":{"line":193,"column":77}},{"start":{"line":193,"column":80},"end":{"line":193,"column":81}}],"line":193},"15":{"loc":{"start":{"line":195,"column":13},"end":{"line":198,"column":7}},"type":"if","locations":[{"start":{"line":195,"column":13},"end":{"line":198,"column":7}},{"start":{"line":195,"column":13},"end":{"line":198,"column":7}}],"line":195},"16":{"loc":{"start":{"line":196,"column":52},"end":{"line":196,"column":81}},"type":"cond-expr","locations":[{"start":{"line":196,"column":76},"end":{"line":196,"column":77}},{"start":{"line":196,"column":80},"end":{"line":196,"column":81}}],"line":196},"17":{"loc":{"start":{"line":201,"column":4},"end":{"line":204,"column":5}},"type":"if","locations":[{"start":{"line":201,"column":4},"end":{"line":204,"column":5}},{"start":{"line":201,"column":4},"end":{"line":204,"column":5}}],"line":201},"18":{"loc":{"start":{"line":201,"column":8},"end":{"line":201,"column":85}},"type":"binary-expr","locations":[{"start":{"line":201,"column":8},"end":{"line":201,"column":44}},{"start":{"line":201,"column":48},"end":{"line":201,"column":85}}],"line":201},"19":{"loc":{"start":{"line":215,"column":19},"end":{"line":215,"column":46}},"type":"cond-expr","locations":[{"start":{"line":215,"column":31},"end":{"line":215,"column":37}},{"start":{"line":215,"column":40},"end":{"line":215,"column":46}}],"line":215},"20":{"loc":{"start":{"line":233,"column":44},"end":{"line":233,"column":76}},"type":"cond-expr","locations":[{"start":{"line":233,"column":56},"end":{"line":233,"column":67}},{"start":{"line":233,"column":70},"end":{"line":233,"column":76}}],"line":233}},"s":{"0":1,"1":1,"2":0,"3":0,"4":0,"5":0,"6":0,"7":0,"8":1,"9":0,"10":0,"11":1,"12":0,"13":0,"14":0,"15":0,"16":0,"17":0,"18":0,"19":0,"20":0,"21":1,"22":0,"23":0,"24":0,"25":0,"26":0,"27":0,"28":0,"29":0,"30":0,"31":0,"32":0,"33":0,"34":0,"35":0,"36":0,"37":0,"38":0,"39":1,"40":1,"41":1,"42":1,"43":0,"44":0,"45":0,"46":1,"47":0,"48":0,"49":0,"50":0,"51":0,"52":0,"53":0,"54":0,"55":0,"56":0,"57":1,"58":0,"59":0,"60":1,"61":0},"f":{"0":0,"1":0,"2":0,"3":0,"4":0,"5":0,"6":0,"7":0,"8":1,"9":0},"b":{"0":[0,0],"1":[0,0],"2":[0,0],"3":[0,0],"4":[0,0],"5":[0,0],"6":[0,0],"7":[0,1],"8":[0,1],"9":[0,0],"10":[0,1],"11":[0,0],"12":[0,0],"13":[0,0],"14":[0,0],"15":[0,0],"16":[0,0],"17":[0,1],"18":[1,1],"19":[0,1],"20":[0,1]},"_coverageSchema":"1a1c01bbd47fc00a2c39e90264f33305004495a9","hash":"ad3d8455fe59284e3aaaeb9a15d1cc162a6cc523"},"/Users/kane/Lab/Eros/src/components/Ripple/Ripple.styles.js":{"path":"/Users/kane/Lab/Eros/src/components/Ripple/Ripple.styles.js","statementMap":{"0":{"start":{"line":3,"column":22},"end":{"line":3,"column":24}},"1":{"start":{"line":5,"column":15},"end":{"line":22,"column":1}}},"fnMap":{},"branchMap":{},"s":{"0":2,"1":2},"f":{},"b":{},"_coverageSchema":"1a1c01bbd47fc00a2c39e90264f33305004495a9","hash":"81fe1edac7fb267fa446a443a33ad4e5526cadfb"},"/Users/kane/Lab/Eros/src/components/Ripple/Ripple.js":{"path":"/Users/kane/Lab/Eros/src/components/Ripple/Ripple.js","statementMap":{"0":{"start":{"line":9,"column":24},"end":{"line":25,"column":3}},"1":{"start":{"line":23,"column":48},"end":{"line":23,"column":73}},"2":{"start":{"line":27,"column":21},"end":{"line":44,"column":3}},"3":{"start":{"line":47,"column":4},"end":{"line":47,"column":17}},"4":{"start":{"line":49,"column":4},"end":{"line":49,"column":45}},"5":{"start":{"line":50,"column":4},"end":{"line":50,"column":43}},"6":{"start":{"line":51,"column":4},"end":{"line":51,"column":47}},"7":{"start":{"line":52,"column":4},"end":{"line":52,"column":49}},"8":{"start":{"line":53,"column":4},"end":{"line":53,"column":51}},"9":{"start":{"line":54,"column":4},"end":{"line":54,"column":57}},"10":{"start":{"line":56,"column":4},"end":{"line":56,"column":53}},"11":{"start":{"line":58,"column":4},"end":{"line":58,"column":20}},"12":{"start":{"line":59,"column":4},"end":{"line":59,"column":25}},"13":{"start":{"line":61,"column":4},"end":{"line":61,"column":82}},"14":{"start":{"line":62,"column":4},"end":{"line":62,"column":30}},"15":{"start":{"line":63,"column":4},"end":{"line":63,"column":40}},"16":{"start":{"line":65,"column":4},"end":{"line":69,"column":6}},"17":{"start":{"line":73,"column":4},"end":{"line":73,"column":24}},"18":{"start":{"line":77,"column":4},"end":{"line":77,"column":25}},"19":{"start":{"line":81,"column":30},"end":{"line":81,"column":54}},"20":{"start":{"line":82,"column":25},"end":{"line":82,"column":35}},"21":{"start":{"line":84,"column":4},"end":{"line":86,"column":5}},"22":{"start":{"line":85,"column":6},"end":{"line":85,"column":22}},"23":{"start":{"line":88,"column":4},"end":{"line":88,"column":37}},"24":{"start":{"line":92,"column":24},"end":{"line":92,"column":34}},"25":{"start":{"line":94,"column":4},"end":{"line":96,"column":5}},"26":{"start":{"line":95,"column":6},"end":{"line":95,"column":50}},"27":{"start":{"line":95,"column":34},"end":{"line":95,"column":48}},"28":{"start":{"line":100,"column":38},"end":{"line":100,"column":48}},"29":{"start":{"line":101,"column":4},"end":{"line":101,"column":25}},"30":{"start":{"line":101,"column":18},"end":{"line":101,"column":25}},"31":{"start":{"line":102,"column":4},"end":{"line":104,"column":5}},"32":{"start":{"line":103,"column":6},"end":{"line":103,"column":54}},"33":{"start":{"line":103,"column":34},"end":{"line":103,"column":52}},"34":{"start":{"line":106,"column":4},"end":{"line":106,"column":28}},"35":{"start":{"line":110,"column":54},"end":{"line":110,"column":64}},"36":{"start":{"line":111,"column":24},"end":{"line":111,"column":34}},"37":{"start":{"line":112,"column":4},"end":{"line":112,"column":25}},"38":{"start":{"line":112,"column":18},"end":{"line":112,"column":25}},"39":{"start":{"line":114,"column":4},"end":{"line":114,"column":29}},"40":{"start":{"line":116,"column":4},"end":{"line":122,"column":5}},"41":{"start":{"line":117,"column":6},"end":{"line":119,"column":7}},"42":{"start":{"line":118,"column":8},"end":{"line":118,"column":25}},"43":{"start":{"line":121,"column":6},"end":{"line":121,"column":30}},"44":{"start":{"line":126,"column":27},"end":{"line":126,"column":37}},"45":{"start":{"line":128,"column":4},"end":{"line":130,"column":5}},"46":{"start":{"line":129,"column":6},"end":{"line":129,"column":24}},"47":{"start":{"line":132,"column":4},"end":{"line":132,"column":30}},"48":{"start":{"line":133,"column":4},"end":{"line":133,"column":30}},"49":{"start":{"line":137,"column":4},"end":{"line":140,"column":5}},"50":{"start":{"line":138,"column":6},"end":{"line":138,"column":41}},"51":{"start":{"line":139,"column":6},"end":{"line":139,"column":13}},"52":{"start":{"line":141,"column":4},"end":{"line":143,"column":5}},"53":{"start":{"line":142,"column":6},"end":{"line":142,"column":39}},"54":{"start":{"line":145,"column":4},"end":{"line":145,"column":29}},"55":{"start":{"line":148,"column":28},"end":{"line":153,"column":3}},"56":{"start":{"line":149,"column":17},"end":{"line":149,"column":61}},"57":{"start":{"line":150,"column":14},"end":{"line":150,"column":45}},"58":{"start":{"line":151,"column":14},"end":{"line":151,"column":64}},"59":{"start":{"line":152,"column":4},"end":{"line":152,"column":20}},"60":{"start":{"line":156,"column":4},"end":{"line":158,"column":5}},"61":{"start":{"line":157,"column":6},"end":{"line":157,"column":31}},"62":{"start":{"line":162,"column":4},"end":{"line":164,"column":5}},"63":{"start":{"line":163,"column":6},"end":{"line":163,"column":70}},"64":{"start":{"line":163,"column":38},"end":{"line":163,"column":67}},"65":{"start":{"line":166,"column":4},"end":{"line":166,"column":40}},"66":{"start":{"line":170,"column":30},"end":{"line":170,"column":40}},"67":{"start":{"line":173,"column":8},"end":{"line":173,"column":18}},"68":{"start":{"line":175,"column":15},"end":{"line":175,"column":26}},"69":{"start":{"line":176,"column":15},"end":{"line":176,"column":27}},"70":{"start":{"line":178,"column":35},"end":{"line":178,"column":52}},"71":{"start":{"line":180,"column":4},"end":{"line":183,"column":5}},"72":{"start":{"line":181,"column":6},"end":{"line":181,"column":56}},"73":{"start":{"line":182,"column":6},"end":{"line":182,"column":56}},"74":{"start":{"line":184,"column":4},"end":{"line":187,"column":5}},"75":{"start":{"line":185,"column":6},"end":{"line":185,"column":21}},"76":{"start":{"line":186,"column":6},"end":{"line":186,"column":21}},"77":{"start":{"line":188,"column":20},"end":{"line":188,"column":44}},"78":{"start":{"line":189,"column":20},"end":{"line":189,"column":44}},"79":{"start":{"line":191,"column":14},"end":{"line":193,"column":72}},"80":{"start":{"line":195,"column":19},"end":{"line":201,"column":5}},"81":{"start":{"line":203,"column":22},"end":{"line":208,"column":6}},"82":{"start":{"line":210,"column":4},"end":{"line":210,"column":54}},"83":{"start":{"line":212,"column":4},"end":{"line":212,"column":74}},"84":{"start":{"line":212,"column":36},"end":{"line":212,"column":71}},"85":{"start":{"line":218,"column":43},"end":{"line":218,"column":53}},"86":{"start":{"line":219,"column":28},"end":{"line":219,"column":32}},"87":{"start":{"line":221,"column":24},"end":{"line":241,"column":5}},"88":{"start":{"line":243,"column":4},"end":{"line":245,"column":6}},"89":{"start":{"line":249,"column":24},"end":{"line":249,"column":34}},"90":{"start":{"line":252,"column":8},"end":{"line":252,"column":12}},"91":{"start":{"line":268,"column":8},"end":{"line":268,"column":18}},"92":{"start":{"line":270,"column":27},"end":{"line":286,"column":5}},"93":{"start":{"line":288,"column":27},"end":{"line":290,"column":5}},"94":{"start":{"line":292,"column":4},"end":{"line":301,"column":6}}},"fnMap":{"0":{"name":"(anonymous_0)","decl":{"start":{"line":23,"column":23},"end":{"line":23,"column":24}},"loc":{"start":{"line":23,"column":48},"end":{"line":23,"column":73}},"line":23},"1":{"name":"(anonymous_1)","decl":{"start":{"line":46,"column":2},"end":{"line":46,"column":3}},"loc":{"start":{"line":46,"column":21},"end":{"line":70,"column":3}},"line":46},"2":{"name":"(anonymous_2)","decl":{"start":{"line":72,"column":2},"end":{"line":72,"column":3}},"loc":{"start":{"line":72,"column":22},"end":{"line":74,"column":3}},"line":72},"3":{"name":"(anonymous_3)","decl":{"start":{"line":76,"column":2},"end":{"line":76,"column":3}},"loc":{"start":{"line":76,"column":25},"end":{"line":78,"column":3}},"line":76},"4":{"name":"(anonymous_4)","decl":{"start":{"line":80,"column":2},"end":{"line":80,"column":3}},"loc":{"start":{"line":80,"column":18},"end":{"line":89,"column":3}},"line":80},"5":{"name":"(anonymous_5)","decl":{"start":{"line":91,"column":2},"end":{"line":91,"column":3}},"loc":{"start":{"line":91,"column":17},"end":{"line":97,"column":3}},"line":91},"6":{"name":"(anonymous_6)","decl":{"start":{"line":95,"column":28},"end":{"line":95,"column":29}},"loc":{"start":{"line":95,"column":34},"end":{"line":95,"column":48}},"line":95},"7":{"name":"(anonymous_7)","decl":{"start":{"line":99,"column":2},"end":{"line":99,"column":3}},"loc":{"start":{"line":99,"column":21},"end":{"line":107,"column":3}},"line":99},"8":{"name":"(anonymous_8)","decl":{"start":{"line":103,"column":28},"end":{"line":103,"column":29}},"loc":{"start":{"line":103,"column":34},"end":{"line":103,"column":52}},"line":103},"9":{"name":"(anonymous_9)","decl":{"start":{"line":109,"column":2},"end":{"line":109,"column":3}},"loc":{"start":{"line":109,"column":19},"end":{"line":123,"column":3}},"line":109},"10":{"name":"(anonymous_10)","decl":{"start":{"line":125,"column":2},"end":{"line":125,"column":3}},"loc":{"start":{"line":125,"column":20},"end":{"line":134,"column":3}},"line":125},"11":{"name":"(anonymous_11)","decl":{"start":{"line":136,"column":2},"end":{"line":136,"column":3}},"loc":{"start":{"line":136,"column":24},"end":{"line":146,"column":3}},"line":136},"12":{"name":"(anonymous_12)","decl":{"start":{"line":148,"column":28},"end":{"line":148,"column":29}},"loc":{"start":{"line":148,"column":35},"end":{"line":153,"column":3}},"line":148},"13":{"name":"(anonymous_13)","decl":{"start":{"line":155,"column":2},"end":{"line":155,"column":3}},"loc":{"start":{"line":155,"column":23},"end":{"line":159,"column":3}},"line":155},"14":{"name":"(anonymous_14)","decl":{"start":{"line":161,"column":2},"end":{"line":161,"column":3}},"loc":{"start":{"line":161,"column":22},"end":{"line":167,"column":3}},"line":161},"15":{"name":"(anonymous_15)","decl":{"start":{"line":163,"column":20},"end":{"line":163,"column":21}},"loc":{"start":{"line":163,"column":38},"end":{"line":163,"column":67}},"line":163},"16":{"name":"(anonymous_16)","decl":{"start":{"line":169,"column":2},"end":{"line":169,"column":3}},"loc":{"start":{"line":169,"column":21},"end":{"line":213,"column":3}},"line":169},"17":{"name":"(anonymous_17)","decl":{"start":{"line":212,"column":18},"end":{"line":212,"column":19}},"loc":{"start":{"line":212,"column":36},"end":{"line":212,"column":71}},"line":212},"18":{"name":"(anonymous_18)","decl":{"start":{"line":215,"column":2},"end":{"line":215,"column":3}},"loc":{"start":{"line":217,"column":5},"end":{"line":246,"column":3}},"line":217},"19":{"name":"(anonymous_19)","decl":{"start":{"line":248,"column":2},"end":{"line":248,"column":3}},"loc":{"start":{"line":248,"column":11},"end":{"line":302,"column":3}},"line":248}},"branchMap":{"0":{"loc":{"start":{"line":61,"column":23},"end":{"line":61,"column":81}},"type":"binary-expr","locations":[{"start":{"line":61,"column":23},"end":{"line":61,"column":45}},{"start":{"line":61,"column":49},"end":{"line":61,"column":81}}],"line":61},"1":{"loc":{"start":{"line":84,"column":4},"end":{"line":86,"column":5}},"type":"if","locations":[{"start":{"line":84,"column":4},"end":{"line":86,"column":5}},{"start":{"line":84,"column":4},"end":{"line":86,"column":5}}],"line":84},"2":{"loc":{"start":{"line":94,"column":4},"end":{"line":96,"column":5}},"type":"if","locations":[{"start":{"line":94,"column":4},"end":{"line":96,"column":5}},{"start":{"line":94,"column":4},"end":{"line":96,"column":5}}],"line":94},"3":{"loc":{"start":{"line":101,"column":4},"end":{"line":101,"column":25}},"type":"if","locations":[{"start":{"line":101,"column":4},"end":{"line":101,"column":25}},{"start":{"line":101,"column":4},"end":{"line":101,"column":25}}],"line":101},"4":{"loc":{"start":{"line":102,"column":4},"end":{"line":104,"column":5}},"type":"if","locations":[{"start":{"line":102,"column":4},"end":{"line":104,"column":5}},{"start":{"line":102,"column":4},"end":{"line":104,"column":5}}],"line":102},"5":{"loc":{"start":{"line":112,"column":4},"end":{"line":112,"column":25}},"type":"if","locations":[{"start":{"line":112,"column":4},"end":{"line":112,"column":25}},{"start":{"line":112,"column":4},"end":{"line":112,"column":25}}],"line":112},"6":{"loc":{"start":{"line":116,"column":4},"end":{"line":122,"column":5}},"type":"if","locations":[{"start":{"line":116,"column":4},"end":{"line":122,"column":5}},{"start":{"line":116,"column":4},"end":{"line":122,"column":5}}],"line":116},"7":{"loc":{"start":{"line":116,"column":8},"end":{"line":116,"column":44}},"type":"binary-expr","locations":[{"start":{"line":116,"column":8},"end":{"line":116,"column":25}},{"start":{"line":116,"column":29},"end":{"line":116,"column":44}}],"line":116},"8":{"loc":{"start":{"line":117,"column":6},"end":{"line":119,"column":7}},"type":"if","locations":[{"start":{"line":117,"column":6},"end":{"line":119,"column":7}},{"start":{"line":117,"column":6},"end":{"line":119,"column":7}}],"line":117},"9":{"loc":{"start":{"line":128,"column":4},"end":{"line":130,"column":5}},"type":"if","locations":[{"start":{"line":128,"column":4},"end":{"line":130,"column":5}},{"start":{"line":128,"column":4},"end":{"line":130,"column":5}}],"line":128},"10":{"loc":{"start":{"line":137,"column":4},"end":{"line":140,"column":5}},"type":"if","locations":[{"start":{"line":137,"column":4},"end":{"line":140,"column":5}},{"start":{"line":137,"column":4},"end":{"line":140,"column":5}}],"line":137},"11":{"loc":{"start":{"line":137,"column":8},"end":{"line":137,"column":60}},"type":"binary-expr","locations":[{"start":{"line":137,"column":8},"end":{"line":137,"column":39}},{"start":{"line":137,"column":43},"end":{"line":137,"column":60}}],"line":137},"12":{"loc":{"start":{"line":141,"column":4},"end":{"line":143,"column":5}},"type":"if","locations":[{"start":{"line":141,"column":4},"end":{"line":143,"column":5}},{"start":{"line":141,"column":4},"end":{"line":143,"column":5}}],"line":141},"13":{"loc":{"start":{"line":156,"column":4},"end":{"line":158,"column":5}},"type":"if","locations":[{"start":{"line":156,"column":4},"end":{"line":158,"column":5}},{"start":{"line":156,"column":4},"end":{"line":158,"column":5}}],"line":156},"14":{"loc":{"start":{"line":162,"column":4},"end":{"line":164,"column":5}},"type":"if","locations":[{"start":{"line":162,"column":4},"end":{"line":164,"column":5}},{"start":{"line":162,"column":4},"end":{"line":164,"column":5}}],"line":162},"15":{"loc":{"start":{"line":180,"column":4},"end":{"line":183,"column":5}},"type":"if","locations":[{"start":{"line":180,"column":4},"end":{"line":183,"column":5}},{"start":{"line":180,"column":4},"end":{"line":183,"column":5}}],"line":180},"16":{"loc":{"start":{"line":184,"column":4},"end":{"line":187,"column":5}},"type":"if","locations":[{"start":{"line":184,"column":4},"end":{"line":187,"column":5}},{"start":{"line":184,"column":4},"end":{"line":187,"column":5}}],"line":184},"17":{"loc":{"start":{"line":191,"column":14},"end":{"line":193,"column":72}},"type":"cond-expr","locations":[{"start":{"line":192,"column":8},"end":{"line":192,"column":24}},{"start":{"line":193,"column":8},"end":{"line":193,"column":72}}],"line":191},"18":{"loc":{"start":{"line":235,"column":15},"end":{"line":240,"column":23}},"type":"cond-expr","locations":[{"start":{"line":236,"column":10},"end":{"line":239,"column":10}},{"start":{"line":240,"column":10},"end":{"line":240,"column":23}}],"line":235},"19":{"loc":{"start":{"line":284,"column":19},"end":{"line":284,"column":62}},"type":"cond-expr","locations":[{"start":{"line":284,"column":39},"end":{"line":284,"column":50}},{"start":{"line":284,"column":53},"end":{"line":284,"column":62}}],"line":284}},"s":{"0":2,"1":0,"2":2,"3":2,"4":2,"5":2,"6":2,"7":2,"8":2,"9":2,"10":2,"11":2,"12":2,"13":2,"14":2,"15":2,"16":2,"17":2,"18":0,"19":0,"20":0,"21":0,"22":0,"23":0,"24":0,"25":0,"26":0,"27":0,"28":0,"29":0,"30":0,"31":0,"32":0,"33":0,"34":0,"35":0,"36":0,"37":0,"38":0,"39":0,"40":0,"41":0,"42":0,"43":0,"44":0,"45":0,"46":0,"47":0,"48":0,"49":0,"50":0,"51":0,"52":0,"53":0,"54":0,"55":2,"56":0,"57":0,"58":0,"59":0,"60":0,"61":0,"62":0,"63":0,"64":0,"65":0,"66":0,"67":0,"68":0,"69":0,"70":0,"71":0,"72":0,"73":0,"74":0,"75":0,"76":0,"77":0,"78":0,"79":0,"80":0,"81":0,"82":0,"83":0,"84":0,"85":0,"86":0,"87":0,"88":0,"89":2,"90":2,"91":2,"92":2,"93":2,"94":2},"f":{"0":0,"1":2,"2":2,"3":0,"4":0,"5":0,"6":0,"7":0,"8":0,"9":0,"10":0,"11":0,"12":0,"13":0,"14":0,"15":0,"16":0,"17":0,"18":0,"19":2},"b":{"0":[2,2],"1":[0,0],"2":[0,0],"3":[0,0],"4":[0,0],"5":[0,0],"6":[0,0],"7":[0,0],"8":[0,0],"9":[0,0],"10":[0,0],"11":[0,0],"12":[0,0],"13":[0,0],"14":[0,0],"15":[0,0],"16":[0,0],"17":[0,0],"18":[0,0],"19":[0,2]},"_coverageSchema":"1a1c01bbd47fc00a2c39e90264f33305004495a9","hash":"eba0e995974e5217323d28353df25d59eed6a33c"},"/Users/kane/Lab/Eros/src/components/Menu/MenuItem/MenuItem.styles.js":{"path":"/Users/kane/Lab/Eros/src/components/Menu/MenuItem/MenuItem.styles.js","statementMap":{"0":{"start":{"line":1,"column":15},"end":{"line":18,"column":1}}},"fnMap":{},"branchMap":{},"s":{"0":1},"f":{},"b":{},"_coverageSchema":"1a1c01bbd47fc00a2c39e90264f33305004495a9","hash":"538414390a82014cd0526985437b45f78cb736f0"},"/Users/kane/Lab/Eros/src/components/Menu/MenuItem/MenuItem.tsx":{"path":"/Users/kane/Lab/Eros/src/components/Menu/MenuItem/MenuItem.tsx","statementMap":{"0":{"start":{"line":12,"column":4},"end":{"line":12,"column":17}},"1":{"start":{"line":13,"column":4},"end":{"line":15,"column":6}},"2":{"start":{"line":19,"column":25},"end":{"line":19,"column":35}},"3":{"start":{"line":20,"column":27},"end":{"line":20,"column":60}},"4":{"start":{"line":21,"column":4},"end":{"line":21,"column":42}},"5":{"start":{"line":21,"column":18},"end":{"line":21,"column":42}},"6":{"start":{"line":23,"column":4},"end":{"line":23,"column":62}},"7":{"start":{"line":27,"column":21},"end":{"line":27,"column":31}},"8":{"start":{"line":28,"column":4},"end":{"line":31,"column":7}},"9":{"start":{"line":35,"column":32},"end":{"line":35,"column":42}},"10":{"start":{"line":36,"column":4},"end":{"line":41,"column":6}},"11":{"start":{"line":45,"column":48},"end":{"line":45,"column":58}},"12":{"start":{"line":46,"column":4},"end":{"line":60,"column":6}},"13":{"start":{"line":71,"column":8},"end":{"line":71,"column":18}},"14":{"start":{"line":72,"column":37},"end":{"line":72,"column":47}},"15":{"start":{"line":74,"column":4},"end":{"line":91,"column":6}},"16":{"start":{"line":76,"column":25},"end":{"line":76,"column":47}},"17":{"start":{"line":77,"column":26},"end":{"line":77,"column":49}},"18":{"start":{"line":95,"column":0},"end":{"line":104,"column":2}},"19":{"start":{"line":106,"column":0},"end":{"line":110,"column":2}}},"fnMap":{"0":{"name":"(anonymous_0)","decl":{"start":{"line":11,"column":2},"end":{"line":11,"column":3}},"loc":{"start":{"line":11,"column":21},"end":{"line":16,"column":3}},"line":11},"1":{"name":"(anonymous_1)","decl":{"start":{"line":18,"column":2},"end":{"line":18,"column":3}},"loc":{"start":{"line":18,"column":22},"end":{"line":24,"column":3}},"line":18},"2":{"name":"(anonymous_2)","decl":{"start":{"line":26,"column":2},"end":{"line":26,"column":3}},"loc":{"start":{"line":26,"column":16},"end":{"line":32,"column":3}},"line":26},"3":{"name":"(anonymous_3)","decl":{"start":{"line":34,"column":2},"end":{"line":34,"column":3}},"loc":{"start":{"line":34,"column":27},"end":{"line":42,"column":3}},"line":34},"4":{"name":"(anonymous_4)","decl":{"start":{"line":44,"column":2},"end":{"line":44,"column":3}},"loc":{"start":{"line":44,"column":16},"end":{"line":61,"column":3}},"line":44},"5":{"name":"(anonymous_5)","decl":{"start":{"line":63,"column":2},"end":{"line":63,"column":3}},"loc":{"start":{"line":63,"column":11},"end":{"line":92,"column":3}},"line":63},"6":{"name":"(anonymous_6)","decl":{"start":{"line":76,"column":19},"end":{"line":76,"column":20}},"loc":{"start":{"line":76,"column":25},"end":{"line":76,"column":47}},"line":76},"7":{"name":"(anonymous_7)","decl":{"start":{"line":77,"column":20},"end":{"line":77,"column":21}},"loc":{"start":{"line":77,"column":26},"end":{"line":77,"column":49}},"line":77}},"branchMap":{"0":{"loc":{"start":{"line":20,"column":27},"end":{"line":20,"column":60}},"type":"cond-expr","locations":[{"start":{"line":20,"column":36},"end":{"line":20,"column":53}},{"start":{"line":20,"column":56},"end":{"line":20,"column":60}}],"line":20},"1":{"loc":{"start":{"line":21,"column":4},"end":{"line":21,"column":42}},"type":"if","locations":[{"start":{"line":21,"column":4},"end":{"line":21,"column":42}},{"start":{"line":21,"column":4},"end":{"line":21,"column":42}}],"line":21},"2":{"loc":{"start":{"line":48,"column":23},"end":{"line":48,"column":62}},"type":"cond-expr","locations":[{"start":{"line":48,"column":47},"end":{"line":48,"column":53}},{"start":{"line":48,"column":56},"end":{"line":48,"column":62}}],"line":48},"3":{"loc":{"start":{"line":53,"column":19},"end":{"line":53,"column":67}},"type":"cond-expr","locations":[{"start":{"line":53,"column":30},"end":{"line":53,"column":47}},{"start":{"line":53,"column":50},"end":{"line":53,"column":67}}],"line":53},"4":{"loc":{"start":{"line":54,"column":24},"end":{"line":54,"column":37}},"type":"cond-expr","locations":[{"start":{"line":54,"column":31},"end":{"line":54,"column":33}},{"start":{"line":54,"column":36},"end":{"line":54,"column":37}}],"line":54},"5":{"loc":{"start":{"line":86,"column":11},"end":{"line":86,"column":43}},"type":"cond-expr","locations":[{"start":{"line":86,"column":18},"end":{"line":86,"column":36}},{"start":{"line":86,"column":39},"end":{"line":86,"column":43}}],"line":86},"6":{"loc":{"start":{"line":87,"column":11},"end":{"line":87,"column":41}},"type":"binary-expr","locations":[{"start":{"line":87,"column":11},"end":{"line":87,"column":19}},{"start":{"line":87,"column":23},"end":{"line":87,"column":41}}],"line":87},"7":{"loc":{"start":{"line":88,"column":11},"end":{"line":88,"column":65}},"type":"cond-expr","locations":[{"start":{"line":88,"column":29},"end":{"line":88,"column":58}},{"start":{"line":88,"column":61},"end":{"line":88,"column":65}}],"line":88}},"s":{"0":1,"1":1,"2":0,"3":0,"4":0,"5":0,"6":0,"7":0,"8":0,"9":0,"10":0,"11":1,"12":1,"13":1,"14":1,"15":1,"16":0,"17":0,"18":1,"19":1},"f":{"0":1,"1":0,"2":0,"3":0,"4":1,"5":1,"6":0,"7":0},"b":{"0":[0,0],"1":[0,0],"2":[1,0],"3":[0,1],"4":[0,1],"5":[0,1],"6":[1,1],"7":[0,1]},"_coverageSchema":"1a1c01bbd47fc00a2c39e90264f33305004495a9","hash":"26cc4d41c8c08c199d60059cf0623571200a2276"},"/Users/kane/Lab/Eros/src/components/Paper/Paper.tsx":{"path":"/Users/kane/Lab/Eros/src/components/Paper/Paper.tsx","statementMap":{"0":{"start":{"line":30,"column":14},"end":{"line":56,"column":1}},"1":{"start":{"line":39,"column":8},"end":{"line":39,"column":13}},"2":{"start":{"line":40,"column":19},"end":{"line":40,"column":30}},"3":{"start":{"line":42,"column":4},"end":{"line":54,"column":6}},"4":{"start":{"line":58,"column":18},"end":{"line":66,"column":3}},"5":{"start":{"line":58,"column":48},"end":{"line":66,"column":1}}},"fnMap":{"0":{"name":"(anonymous_0)","decl":{"start":{"line":31,"column":2},"end":{"line":31,"column":3}},"loc":{"start":{"line":31,"column":30},"end":{"line":55,"column":3}},"line":31},"1":{"name":"(anonymous_1)","decl":{"start":{"line":58,"column":29},"end":{"line":58,"column":30}},"loc":{"start":{"line":58,"column":48},"end":{"line":66,"column":1}},"line":58}},"branchMap":{"0":{"loc":{"start":{"line":35,"column":6},"end":{"line":35,"column":16}},"type":"default-arg","locations":[{"start":{"line":35,"column":15},"end":{"line":35,"column":16}}],"line":35},"1":{"loc":{"start":{"line":37,"column":6},"end":{"line":37,"column":23}},"type":"default-arg","locations":[{"start":{"line":37,"column":18},"end":{"line":37,"column":23}}],"line":37},"2":{"loc":{"start":{"line":48,"column":12},"end":{"line":48,"column":42}},"type":"binary-expr","locations":[{"start":{"line":48,"column":12},"end":{"line":48,"column":21}},{"start":{"line":48,"column":25},"end":{"line":48,"column":42}}],"line":48}},"s":{"0":1,"1":1,"2":1,"3":1,"4":1,"5":1},"f":{"0":1,"1":1},"b":{"0":[1],"1":[1],"2":[1,0]},"_coverageSchema":"1a1c01bbd47fc00a2c39e90264f33305004495a9","hash":"88d5024cc0988a4f2adc7eef72ec2a76870c5afd"},"/Users/kane/Lab/Eros/src/components/Paper/index.ts":{"path":"/Users/kane/Lab/Eros/src/components/Paper/index.ts","statementMap":{},"fnMap":{},"branchMap":{},"s":{},"f":{},"b":{},"_coverageSchema":"1a1c01bbd47fc00a2c39e90264f33305004495a9","hash":"8f937797124cbe74f71408ce8887c40a601c4323"},"/Users/kane/Lab/Eros/src/components/Typography/Typography.tsx":{"path":"/Users/kane/Lab/Eros/src/components/Typography/Typography.tsx","statementMap":{"0":{"start":{"line":35,"column":19},"end":{"line":57,"column":1}},"1":{"start":{"line":43,"column":6},"end":{"line":43,"column":11}},"2":{"start":{"line":44,"column":18},"end":{"line":44,"column":28}},"3":{"start":{"line":45,"column":29},"end":{"line":50,"column":33}},"4":{"start":{"line":46,"column":26},"end":{"line":46,"column":48}},"5":{"start":{"line":47,"column":25},"end":{"line":47,"column":58}},"6":{"start":{"line":49,"column":4},"end":{"line":49,"column":68}},"7":{"start":{"line":52,"column":2},"end":{"line":56,"column":4}}},"fnMap":{"0":{"name":"(anonymous_0)","decl":{"start":{"line":35,"column":19},"end":{"line":35,"column":20}},"loc":{"start":{"line":35,"column":47},"end":{"line":57,"column":1}},"line":35},"1":{"name":"(anonymous_1)","decl":{"start":{"line":45,"column":43},"end":{"line":45,"column":44}},"loc":{"start":{"line":45,"column":49},"end":{"line":50,"column":3}},"line":45}},"branchMap":{"0":{"loc":{"start":{"line":40,"column":4},"end":{"line":40,"column":18}},"type":"default-arg","locations":[{"start":{"line":40,"column":13},"end":{"line":40,"column":18}}],"line":40},"1":{"loc":{"start":{"line":41,"column":4},"end":{"line":41,"column":32}},"type":"default-arg","locations":[{"start":{"line":41,"column":11},"end":{"line":41,"column":32}}],"line":41},"2":{"loc":{"start":{"line":47,"column":41},"end":{"line":47,"column":56}},"type":"cond-expr","locations":[{"start":{"line":47,"column":50},"end":{"line":47,"column":52}},{"start":{"line":47,"column":55},"end":{"line":47,"column":56}}],"line":47},"3":{"loc":{"start":{"line":54,"column":7},"end":{"line":54,"column":36}},"type":"binary-expr","locations":[{"start":{"line":54,"column":7},"end":{"line":54,"column":11}},{"start":{"line":54,"column":15},"end":{"line":54,"column":23}},{"start":{"line":54,"column":27},"end":{"line":54,"column":36}}],"line":54}},"s":{"0":1,"1":1,"2":1,"3":1,"4":1,"5":1,"6":1,"7":1},"f":{"0":1,"1":1},"b":{"0":[1],"1":[0],"2":[0,1],"3":[1,1,0]},"_coverageSchema":"1a1c01bbd47fc00a2c39e90264f33305004495a9","hash":"d14aa9602ff6aa0aa4c484b68115bf4b2fdd088a"},"/Users/kane/Lab/Eros/src/components/Typography/BodyText.tsx":{"path":"/Users/kane/Lab/Eros/src/components/Typography/BodyText.tsx","statementMap":{"0":{"start":{"line":5,"column":24},"end":{"line":33,"column":1}},"1":{"start":{"line":13,"column":28},"end":{"line":13,"column":38}},"2":{"start":{"line":14,"column":17},"end":{"line":14,"column":28}},"3":{"start":{"line":15,"column":20},"end":{"line":15,"column":59}},"4":{"start":{"line":16,"column":21},"end":{"line":18,"column":42}},"5":{"start":{"line":20,"column":28},"end":{"line":25,"column":3}},"6":{"start":{"line":26,"column":18},"end":{"line":26,"column":34}},"7":{"start":{"line":28,"column":2},"end":{"line":32,"column":4}},"8":{"start":{"line":35,"column":18},"end":{"line":49,"column":3}},"9":{"start":{"line":35,"column":41},"end":{"line":49,"column":1}}},"fnMap":{"0":{"name":"(anonymous_0)","decl":{"start":{"line":5,"column":24},"end":{"line":5,"column":25}},"loc":{"start":{"line":12,"column":6},"end":{"line":33,"column":1}},"line":12},"1":{"name":"(anonymous_1)","decl":{"start":{"line":35,"column":29},"end":{"line":35,"column":30}},"loc":{"start":{"line":35,"column":41},"end":{"line":49,"column":1}},"line":35}},"branchMap":{"0":{"loc":{"start":{"line":6,"column":2},"end":{"line":6,"column":13}},"type":"default-arg","locations":[{"start":{"line":6,"column":9},"end":{"line":6,"column":13}}],"line":6},"1":{"loc":{"start":{"line":7,"column":2},"end":{"line":7,"column":17}},"type":"default-arg","locations":[{"start":{"line":7,"column":13},"end":{"line":7,"column":17}}],"line":7},"2":{"loc":{"start":{"line":8,"column":2},"end":{"line":8,"column":12}},"type":"default-arg","locations":[{"start":{"line":8,"column":10},"end":{"line":8,"column":12}}],"line":8},"3":{"loc":{"start":{"line":9,"column":2},"end":{"line":9,"column":15}},"type":"default-arg","locations":[{"start":{"line":9,"column":11},"end":{"line":9,"column":15}}],"line":9},"4":{"loc":{"start":{"line":10,"column":2},"end":{"line":10,"column":10}},"type":"default-arg","locations":[{"start":{"line":10,"column":9},"end":{"line":10,"column":10}}],"line":10},"5":{"loc":{"start":{"line":15,"column":20},"end":{"line":15,"column":59}},"type":"cond-expr","locations":[{"start":{"line":15,"column":33},"end":{"line":15,"column":44}},{"start":{"line":15,"column":47},"end":{"line":15,"column":59}}],"line":15},"6":{"loc":{"start":{"line":16,"column":21},"end":{"line":18,"column":42}},"type":"cond-expr","locations":[{"start":{"line":17,"column":6},"end":{"line":17,"column":40}},{"start":{"line":18,"column":6},"end":{"line":18,"column":42}}],"line":16},"7":{"loc":{"start":{"line":23,"column":4},"end":{"line":23,"column":27}},"type":"binary-expr","locations":[{"start":{"line":23,"column":4},"end":{"line":23,"column":10}},{"start":{"line":23,"column":14},"end":{"line":23,"column":27}}],"line":23},"8":{"loc":{"start":{"line":26,"column":18},"end":{"line":26,"column":34}},"type":"binary-expr","locations":[{"start":{"line":26,"column":18},"end":{"line":26,"column":22}},{"start":{"line":26,"column":26},"end":{"line":26,"column":34}}],"line":26}},"s":{"0":1,"1":0,"2":0,"3":0,"4":0,"5":0,"6":0,"7":0,"8":1,"9":0},"f":{"0":0,"1":0},"b":{"0":[0],"1":[0],"2":[0],"3":[0],"4":[0],"5":[0,0],"6":[0,0],"7":[0,0],"8":[0,0]},"_coverageSchema":"1a1c01bbd47fc00a2c39e90264f33305004495a9","hash":"1b04304080ca29bed715b0c2286bb5db5ba03008"},"/Users/kane/Lab/Eros/src/components/Typography/ButtonText.tsx":{"path":"/Users/kane/Lab/Eros/src/components/Typography/ButtonText.tsx","statementMap":{"0":{"start":{"line":5,"column":18},"end":{"line":19,"column":3}},"1":{"start":{"line":5,"column":41},"end":{"line":19,"column":1}},"2":{"start":{"line":21,"column":26},"end":{"line":31,"column":1}},"3":{"start":{"line":24,"column":17},"end":{"line":24,"column":28}},"4":{"start":{"line":25,"column":18},"end":{"line":25,"column":34}},"5":{"start":{"line":26,"column":2},"end":{"line":30,"column":4}}},"fnMap":{"0":{"name":"(anonymous_0)","decl":{"start":{"line":5,"column":29},"end":{"line":5,"column":30}},"loc":{"start":{"line":5,"column":41},"end":{"line":19,"column":1}},"line":5},"1":{"name":"(anonymous_1)","decl":{"start":{"line":21,"column":26},"end":{"line":21,"column":27}},"loc":{"start":{"line":23,"column":6},"end":{"line":31,"column":1}},"line":23}},"branchMap":{"0":{"loc":{"start":{"line":22,"column":2},"end":{"line":22,"column":11}},"type":"default-arg","locations":[{"start":{"line":22,"column":9},"end":{"line":22,"column":11}}],"line":22},"1":{"loc":{"start":{"line":22,"column":13},"end":{"line":22,"column":23}},"type":"default-arg","locations":[{"start":{"line":22,"column":21},"end":{"line":22,"column":23}}],"line":22},"2":{"loc":{"start":{"line":25,"column":18},"end":{"line":25,"column":34}},"type":"binary-expr","locations":[{"start":{"line":25,"column":18},"end":{"line":25,"column":26}},{"start":{"line":25,"column":30},"end":{"line":25,"column":34}}],"line":25},"3":{"loc":{"start":{"line":27,"column":44},"end":{"line":27,"column":67}},"type":"binary-expr","locations":[{"start":{"line":27,"column":44},"end":{"line":27,"column":50}},{"start":{"line":27,"column":54},"end":{"line":27,"column":67}}],"line":27},"4":{"loc":{"start":{"line":27,"column":69},"end":{"line":27,"column":94}},"type":"binary-expr","locations":[{"start":{"line":27,"column":69},"end":{"line":27,"column":76}},{"start":{"line":27,"column":80},"end":{"line":27,"column":94}}],"line":27}},"s":{"0":1,"1":0,"2":1,"3":0,"4":0,"5":0},"f":{"0":0,"1":0},"b":{"0":[0],"1":[0],"2":[0,0],"3":[0,0],"4":[0,0]},"_coverageSchema":"1a1c01bbd47fc00a2c39e90264f33305004495a9","hash":"d03e6dea6d6833b88905ad7e98f3c394a91b5062"},"/Users/kane/Lab/Eros/src/components/Typography/Caption.tsx":{"path":"/Users/kane/Lab/Eros/src/components/Typography/Caption.tsx","statementMap":{"0":{"start":{"line":5,"column":18},"end":{"line":15,"column":3}},"1":{"start":{"line":5,"column":41},"end":{"line":15,"column":1}},"2":{"start":{"line":17,"column":23},"end":{"line":26,"column":1}},"3":{"start":{"line":20,"column":17},"end":{"line":20,"column":28}},"4":{"start":{"line":21,"column":2},"end":{"line":25,"column":4}}},"fnMap":{"0":{"name":"(anonymous_0)","decl":{"start":{"line":5,"column":29},"end":{"line":5,"column":30}},"loc":{"start":{"line":5,"column":41},"end":{"line":15,"column":1}},"line":5},"1":{"name":"(anonymous_1)","decl":{"start":{"line":17,"column":23},"end":{"line":17,"column":24}},"loc":{"start":{"line":19,"column":6},"end":{"line":26,"column":1}},"line":19}},"branchMap":{"0":{"loc":{"start":{"line":18,"column":2},"end":{"line":18,"column":13}},"type":"default-arg","locations":[{"start":{"line":18,"column":9},"end":{"line":18,"column":13}}],"line":18},"1":{"loc":{"start":{"line":18,"column":15},"end":{"line":18,"column":27}},"type":"default-arg","locations":[{"start":{"line":18,"column":23},"end":{"line":18,"column":27}}],"line":18},"2":{"loc":{"start":{"line":22,"column":41},"end":{"line":22,"column":64}},"type":"binary-expr","locations":[{"start":{"line":22,"column":41},"end":{"line":22,"column":47}},{"start":{"line":22,"column":51},"end":{"line":22,"column":64}}],"line":22},"3":{"loc":{"start":{"line":23,"column":7},"end":{"line":23,"column":23}},"type":"binary-expr","locations":[{"start":{"line":23,"column":7},"end":{"line":23,"column":11}},{"start":{"line":23,"column":15},"end":{"line":23,"column":23}}],"line":23}},"s":{"0":1,"1":0,"2":1,"3":0,"4":0},"f":{"0":0,"1":0},"b":{"0":[0],"1":[0],"2":[0,0],"3":[0,0]},"_coverageSchema":"1a1c01bbd47fc00a2c39e90264f33305004495a9","hash":"d18daf1616a08c28e50f73ce805e8f740dd0e6a9"},"/Users/kane/Lab/Eros/src/components/Typography/Headline.tsx":{"path":"/Users/kane/Lab/Eros/src/components/Typography/Headline.tsx","statementMap":{"0":{"start":{"line":5,"column":24},"end":{"line":25,"column":2}},"1":{"start":{"line":11,"column":18},"end":{"line":11,"column":28}},"2":{"start":{"line":12,"column":17},"end":{"line":12,"column":28}},"3":{"start":{"line":13,"column":23},"end":{"line":13,"column":33}},"4":{"start":{"line":14,"column":20},"end":{"line":14,"column":50}},"5":{"start":{"line":15,"column":2},"end":{"line":15,"column":29}},"6":{"start":{"line":17,"column":2},"end":{"line":24,"column":4}},"7":{"start":{"line":27,"column":18},"end":{"line":31,"column":3}},"8":{"start":{"line":27,"column":41},"end":{"line":31,"column":1}}},"fnMap":{"0":{"name":"(anonymous_0)","decl":{"start":{"line":5,"column":35},"end":{"line":5,"column":36}},"loc":{"start":{"line":10,"column":5},"end":{"line":25,"column":1}},"line":10},"1":{"name":"(anonymous_1)","decl":{"start":{"line":27,"column":29},"end":{"line":27,"column":30}},"loc":{"start":{"line":27,"column":41},"end":{"line":31,"column":1}},"line":27}},"branchMap":{"0":{"loc":{"start":{"line":7,"column":20},"end":{"line":7,"column":32}},"type":"default-arg","locations":[{"start":{"line":7,"column":28},"end":{"line":7,"column":32}}],"line":7},"1":{"loc":{"start":{"line":7,"column":34},"end":{"line":7,"column":47}},"type":"default-arg","locations":[{"start":{"line":7,"column":43},"end":{"line":7,"column":47}}],"line":7},"2":{"loc":{"start":{"line":7,"column":49},"end":{"line":7,"column":57}},"type":"default-arg","locations":[{"start":{"line":7,"column":56},"end":{"line":7,"column":57}}],"line":7},"3":{"loc":{"start":{"line":20,"column":32},"end":{"line":20,"column":55}},"type":"binary-expr","locations":[{"start":{"line":20,"column":32},"end":{"line":20,"column":38}},{"start":{"line":20,"column":42},"end":{"line":20,"column":55}}],"line":20},"4":{"loc":{"start":{"line":22,"column":7},"end":{"line":22,"column":23}},"type":"binary-expr","locations":[{"start":{"line":22,"column":7},"end":{"line":22,"column":11}},{"start":{"line":22,"column":15},"end":{"line":22,"column":23}}],"line":22}},"s":{"0":1,"1":0,"2":0,"3":0,"4":0,"5":0,"6":0,"7":1,"8":0},"f":{"0":0,"1":0},"b":{"0":[0],"1":[0],"2":[0],"3":[0,0],"4":[0,0]},"_coverageSchema":"1a1c01bbd47fc00a2c39e90264f33305004495a9","hash":"5d4e56dbeb7052a76f0cba52111b869ecf35f01f"},"/Users/kane/Lab/Eros/src/components/Typography/Overline.tsx":{"path":"/Users/kane/Lab/Eros/src/components/Typography/Overline.tsx","statementMap":{"0":{"start":{"line":5,"column":18},"end":{"line":16,"column":3}},"1":{"start":{"line":5,"column":41},"end":{"line":16,"column":1}},"2":{"start":{"line":18,"column":24},"end":{"line":28,"column":1}},"3":{"start":{"line":21,"column":18},"end":{"line":21,"column":50}},"4":{"start":{"line":22,"column":17},"end":{"line":22,"column":28}},"5":{"start":{"line":23,"column":2},"end":{"line":27,"column":4}}},"fnMap":{"0":{"name":"(anonymous_0)","decl":{"start":{"line":5,"column":29},"end":{"line":5,"column":30}},"loc":{"start":{"line":5,"column":41},"end":{"line":16,"column":1}},"line":5},"1":{"name":"(anonymous_1)","decl":{"start":{"line":18,"column":24},"end":{"line":18,"column":25}},"loc":{"start":{"line":20,"column":6},"end":{"line":28,"column":1}},"line":20}},"branchMap":{"0":{"loc":{"start":{"line":19,"column":2},"end":{"line":19,"column":13}},"type":"default-arg","locations":[{"start":{"line":19,"column":9},"end":{"line":19,"column":13}}],"line":19},"1":{"loc":{"start":{"line":19,"column":15},"end":{"line":19,"column":25}},"type":"default-arg","locations":[{"start":{"line":19,"column":23},"end":{"line":19,"column":25}}],"line":19},"2":{"loc":{"start":{"line":21,"column":19},"end":{"line":21,"column":35}},"type":"binary-expr","locations":[{"start":{"line":21,"column":19},"end":{"line":21,"column":23}},{"start":{"line":21,"column":27},"end":{"line":21,"column":35}}],"line":21},"3":{"loc":{"start":{"line":24,"column":42},"end":{"line":24,"column":65}},"type":"binary-expr","locations":[{"start":{"line":24,"column":42},"end":{"line":24,"column":48}},{"start":{"line":24,"column":52},"end":{"line":24,"column":65}}],"line":24}},"s":{"0":1,"1":0,"2":1,"3":0,"4":0,"5":0},"f":{"0":0,"1":0},"b":{"0":[0],"1":[0],"2":[0,0],"3":[0,0]},"_coverageSchema":"1a1c01bbd47fc00a2c39e90264f33305004495a9","hash":"8e417296a89ea9769c12aa1f7bd8b67abedb558f"},"/Users/kane/Lab/Eros/src/components/Typography/Subtitle.tsx":{"path":"/Users/kane/Lab/Eros/src/components/Typography/Subtitle.tsx","statementMap":{"0":{"start":{"line":5,"column":24},"end":{"line":18,"column":1}},"1":{"start":{"line":13,"column":17},"end":{"line":13,"column":28}},"2":{"start":{"line":14,"column":20},"end":{"line":14,"column":68}},"3":{"start":{"line":16,"column":28},"end":{"line":16,"column":71}},"4":{"start":{"line":17,"column":2},"end":{"line":17,"column":77}},"5":{"start":{"line":20,"column":18},"end":{"line":36,"column":3}},"6":{"start":{"line":20,"column":41},"end":{"line":36,"column":1}}},"fnMap":{"0":{"name":"(anonymous_0)","decl":{"start":{"line":5,"column":24},"end":{"line":5,"column":25}},"loc":{"start":{"line":12,"column":6},"end":{"line":18,"column":1}},"line":12},"1":{"name":"(anonymous_1)","decl":{"start":{"line":20,"column":29},"end":{"line":20,"column":30}},"loc":{"start":{"line":20,"column":41},"end":{"line":36,"column":1}},"line":20}},"branchMap":{"0":{"loc":{"start":{"line":6,"column":2},"end":{"line":6,"column":13}},"type":"default-arg","locations":[{"start":{"line":6,"column":9},"end":{"line":6,"column":13}}],"line":6},"1":{"loc":{"start":{"line":7,"column":2},"end":{"line":7,"column":17}},"type":"default-arg","locations":[{"start":{"line":7,"column":13},"end":{"line":7,"column":17}}],"line":7},"2":{"loc":{"start":{"line":8,"column":2},"end":{"line":8,"column":12}},"type":"default-arg","locations":[{"start":{"line":8,"column":10},"end":{"line":8,"column":12}}],"line":8},"3":{"loc":{"start":{"line":9,"column":2},"end":{"line":9,"column":15}},"type":"default-arg","locations":[{"start":{"line":9,"column":11},"end":{"line":9,"column":15}}],"line":9},"4":{"loc":{"start":{"line":10,"column":2},"end":{"line":10,"column":10}},"type":"default-arg","locations":[{"start":{"line":10,"column":9},"end":{"line":10,"column":10}}],"line":10},"5":{"loc":{"start":{"line":14,"column":20},"end":{"line":14,"column":68}},"type":"cond-expr","locations":[{"start":{"line":14,"column":33},"end":{"line":14,"column":49}},{"start":{"line":14,"column":52},"end":{"line":14,"column":68}}],"line":14},"6":{"loc":{"start":{"line":16,"column":47},"end":{"line":16,"column":70}},"type":"binary-expr","locations":[{"start":{"line":16,"column":47},"end":{"line":16,"column":53}},{"start":{"line":16,"column":57},"end":{"line":16,"column":70}}],"line":16},"7":{"loc":{"start":{"line":17,"column":52},"end":{"line":17,"column":68}},"type":"binary-expr","locations":[{"start":{"line":17,"column":52},"end":{"line":17,"column":56}},{"start":{"line":17,"column":60},"end":{"line":17,"column":68}}],"line":17}},"s":{"0":1,"1":0,"2":0,"3":0,"4":0,"5":1,"6":0},"f":{"0":0,"1":0},"b":{"0":[0],"1":[0],"2":[0],"3":[0],"4":[0],"5":[0,0],"6":[0,0],"7":[0,0]},"_coverageSchema":"1a1c01bbd47fc00a2c39e90264f33305004495a9","hash":"c8b79d1432db6834634b42d03e9a25adb8ed5c50"},"/Users/kane/Lab/Eros/src/components/Typography/Title.tsx":{"path":"/Users/kane/Lab/Eros/src/components/Typography/Title.tsx","statementMap":{"0":{"start":{"line":5,"column":21},"end":{"line":24,"column":2}},"1":{"start":{"line":11,"column":18},"end":{"line":11,"column":28}},"2":{"start":{"line":12,"column":17},"end":{"line":12,"column":28}},"3":{"start":{"line":13,"column":20},"end":{"line":13,"column":30}},"4":{"start":{"line":14,"column":20},"end":{"line":14,"column":47}},"5":{"start":{"line":16,"column":2},"end":{"line":23,"column":4}},"6":{"start":{"line":26,"column":18},"end":{"line":30,"column":3}},"7":{"start":{"line":26,"column":41},"end":{"line":30,"column":1}}},"fnMap":{"0":{"name":"(anonymous_0)","decl":{"start":{"line":5,"column":32},"end":{"line":5,"column":33}},"loc":{"start":{"line":10,"column":5},"end":{"line":24,"column":1}},"line":10},"1":{"name":"(anonymous_1)","decl":{"start":{"line":26,"column":29},"end":{"line":26,"column":30}},"loc":{"start":{"line":26,"column":41},"end":{"line":30,"column":1}},"line":26}},"branchMap":{"0":{"loc":{"start":{"line":7,"column":20},"end":{"line":7,"column":32}},"type":"default-arg","locations":[{"start":{"line":7,"column":28},"end":{"line":7,"column":32}}],"line":7},"1":{"loc":{"start":{"line":7,"column":34},"end":{"line":7,"column":47}},"type":"default-arg","locations":[{"start":{"line":7,"column":43},"end":{"line":7,"column":47}}],"line":7},"2":{"loc":{"start":{"line":7,"column":49},"end":{"line":7,"column":57}},"type":"default-arg","locations":[{"start":{"line":7,"column":56},"end":{"line":7,"column":57}}],"line":7},"3":{"loc":{"start":{"line":19,"column":32},"end":{"line":19,"column":55}},"type":"binary-expr","locations":[{"start":{"line":19,"column":32},"end":{"line":19,"column":38}},{"start":{"line":19,"column":42},"end":{"line":19,"column":55}}],"line":19},"4":{"loc":{"start":{"line":21,"column":7},"end":{"line":21,"column":23}},"type":"binary-expr","locations":[{"start":{"line":21,"column":7},"end":{"line":21,"column":11}},{"start":{"line":21,"column":15},"end":{"line":21,"column":23}}],"line":21}},"s":{"0":1,"1":0,"2":0,"3":0,"4":0,"5":0,"6":1,"7":0},"f":{"0":0,"1":0},"b":{"0":[0],"1":[0],"2":[0],"3":[0,0],"4":[0,0]},"_coverageSchema":"1a1c01bbd47fc00a2c39e90264f33305004495a9","hash":"0a3b7f6c1428e4ff6febd009190ffb12a19c7d68"},"/Users/kane/Lab/Eros/src/components/Typography/index.ts":{"path":"/Users/kane/Lab/Eros/src/components/Typography/index.ts","statementMap":{},"fnMap":{},"branchMap":{},"s":{},"f":{},"b":{},"_coverageSchema":"1a1c01bbd47fc00a2c39e90264f33305004495a9","hash":"d59277a5ccbc9d398918d2fe22c77f862db6fdbb"},"/Users/kane/Lab/Eros/src/components/Chip/Chip.tsx":{"path":"/Users/kane/Lab/Eros/src/components/Chip/Chip.tsx","statementMap":{"0":{"start":{"line":9,"column":28},"end":{"line":9,"column":30}},"1":{"start":{"line":20,"column":34},"end":{"line":62,"column":1}},"2":{"start":{"line":29,"column":6},"end":{"line":29,"column":11}},"3":{"start":{"line":30,"column":28},"end":{"line":30,"column":43}},"4":{"start":{"line":31,"column":28},"end":{"line":31,"column":43}},"5":{"start":{"line":32,"column":17},"end":{"line":32,"column":28}},"6":{"start":{"line":34,"column":20},"end":{"line":47,"column":3}},"7":{"start":{"line":36,"column":6},"end":{"line":45,"column":8}},"8":{"start":{"line":49,"column":2},"end":{"line":61,"column":4}},"9":{"start":{"line":52,"column":21},"end":{"line":52,"column":35}},"10":{"start":{"line":53,"column":20},"end":{"line":53,"column":35}},"11":{"start":{"line":54,"column":26},"end":{"line":54,"column":40}},"12":{"start":{"line":55,"column":26},"end":{"line":55,"column":41}},"13":{"start":{"line":64,"column":18},"end":{"line":97,"column":3}},"14":{"start":{"line":64,"column":48},"end":{"line":97,"column":1}}},"fnMap":{"0":{"name":"(anonymous_0)","decl":{"start":{"line":20,"column":34},"end":{"line":20,"column":35}},"loc":{"start":{"line":20,"column":43},"end":{"line":62,"column":1}},"line":20},"1":{"name":"(anonymous_1)","decl":{"start":{"line":35,"column":4},"end":{"line":35,"column":5}},"loc":{"start":{"line":36,"column":6},"end":{"line":45,"column":8}},"line":36},"2":{"name":"(anonymous_2)","decl":{"start":{"line":52,"column":15},"end":{"line":52,"column":16}},"loc":{"start":{"line":52,"column":21},"end":{"line":52,"column":35}},"line":52},"3":{"name":"(anonymous_3)","decl":{"start":{"line":53,"column":14},"end":{"line":53,"column":15}},"loc":{"start":{"line":53,"column":20},"end":{"line":53,"column":35}},"line":53},"4":{"name":"(anonymous_4)","decl":{"start":{"line":54,"column":20},"end":{"line":54,"column":21}},"loc":{"start":{"line":54,"column":26},"end":{"line":54,"column":40}},"line":54},"5":{"name":"(anonymous_5)","decl":{"start":{"line":55,"column":20},"end":{"line":55,"column":21}},"loc":{"start":{"line":55,"column":26},"end":{"line":55,"column":41}},"line":55},"6":{"name":"(anonymous_6)","decl":{"start":{"line":64,"column":29},"end":{"line":64,"column":30}},"loc":{"start":{"line":64,"column":48},"end":{"line":97,"column":1}},"line":64}},"branchMap":{"0":{"loc":{"start":{"line":23,"column":4},"end":{"line":23,"column":16}},"type":"default-arg","locations":[{"start":{"line":23,"column":11},"end":{"line":23,"column":16}}],"line":23},"1":{"loc":{"start":{"line":38,"column":8},"end":{"line":38,"column":35}},"type":"binary-expr","locations":[{"start":{"line":38,"column":8},"end":{"line":38,"column":13}},{"start":{"line":38,"column":17},"end":{"line":38,"column":35}}],"line":38},"2":{"loc":{"start":{"line":39,"column":8},"end":{"line":39,"column":27}},"type":"binary-expr","locations":[{"start":{"line":39,"column":8},"end":{"line":39,"column":13}},{"start":{"line":39,"column":17},"end":{"line":39,"column":27}}],"line":39},"3":{"loc":{"start":{"line":40,"column":8},"end":{"line":40,"column":35}},"type":"binary-expr","locations":[{"start":{"line":40,"column":8},"end":{"line":40,"column":13}},{"start":{"line":40,"column":17},"end":{"line":40,"column":35}}],"line":40},"4":{"loc":{"start":{"line":41,"column":8},"end":{"line":41,"column":27}},"type":"binary-expr","locations":[{"start":{"line":41,"column":8},"end":{"line":41,"column":13}},{"start":{"line":41,"column":17},"end":{"line":41,"column":27}}],"line":41},"5":{"loc":{"start":{"line":42,"column":8},"end":{"line":42,"column":31}},"type":"binary-expr","locations":[{"start":{"line":42,"column":8},"end":{"line":42,"column":12}},{"start":{"line":42,"column":16},"end":{"line":42,"column":31}}],"line":42},"6":{"loc":{"start":{"line":43,"column":8},"end":{"line":43,"column":52}},"type":"binary-expr","locations":[{"start":{"line":43,"column":8},"end":{"line":43,"column":29}},{"start":{"line":43,"column":33},"end":{"line":43,"column":52}}],"line":43},"7":{"loc":{"start":{"line":57,"column":7},"end":{"line":59,"column":12}},"type":"binary-expr","locations":[{"start":{"line":57,"column":8},"end":{"line":57,"column":12}},{"start":{"line":57,"column":16},"end":{"line":57,"column":76}},{"start":{"line":58,"column":8},"end":{"line":58,"column":16}},{"start":{"line":59,"column":8},"end":{"line":59,"column":12}}],"line":57}},"s":{"0":1,"1":1,"2":1,"3":1,"4":1,"5":1,"6":1,"7":1,"8":1,"9":0,"10":0,"11":0,"12":0,"13":1,"14":1},"f":{"0":1,"1":1,"2":0,"3":0,"4":0,"5":0,"6":1},"b":{"0":[1],"1":[1,0],"2":[1,0],"3":[1,0],"4":[1,0],"5":[1,0],"6":[1,0],"7":[1,1,0,0]},"_coverageSchema":"1a1c01bbd47fc00a2c39e90264f33305004495a9","hash":"3993bd52f10e2f89021d961181068037668fb4be"}}}