{"/Users/kane/Lab/Eros/src/components/Chip/Chip.tsx": {"path":"/Users/kane/Lab/Eros/src/components/Chip/Chip.tsx","statementMap":{"0":{"start":{"line":9,"column":28},"end":{"line":9,"column":30}},"1":{"start":{"line":20,"column":34},"end":{"line":62,"column":1}},"2":{"start":{"line":29,"column":6},"end":{"line":29,"column":11}},"3":{"start":{"line":30,"column":28},"end":{"line":30,"column":43}},"4":{"start":{"line":31,"column":28},"end":{"line":31,"column":43}},"5":{"start":{"line":32,"column":17},"end":{"line":32,"column":28}},"6":{"start":{"line":34,"column":20},"end":{"line":47,"column":3}},"7":{"start":{"line":36,"column":6},"end":{"line":45,"column":8}},"8":{"start":{"line":49,"column":2},"end":{"line":61,"column":4}},"9":{"start":{"line":52,"column":21},"end":{"line":52,"column":35}},"10":{"start":{"line":53,"column":20},"end":{"line":53,"column":35}},"11":{"start":{"line":54,"column":26},"end":{"line":54,"column":40}},"12":{"start":{"line":55,"column":26},"end":{"line":55,"column":41}},"13":{"start":{"line":64,"column":18},"end":{"line":97,"column":3}},"14":{"start":{"line":64,"column":48},"end":{"line":97,"column":1}}},"fnMap":{"0":{"name":"(anonymous_0)","decl":{"start":{"line":20,"column":34},"end":{"line":20,"column":35}},"loc":{"start":{"line":20,"column":45},"end":{"line":62,"column":1}},"line":20},"1":{"name":"(anonymous_1)","decl":{"start":{"line":35,"column":4},"end":{"line":35,"column":5}},"loc":{"start":{"line":36,"column":6},"end":{"line":45,"column":8}},"line":36},"2":{"name":"(anonymous_2)","decl":{"start":{"line":52,"column":15},"end":{"line":52,"column":16}},"loc":{"start":{"line":52,"column":21},"end":{"line":52,"column":35}},"line":52},"3":{"name":"(anonymous_3)","decl":{"start":{"line":53,"column":14},"end":{"line":53,"column":15}},"loc":{"start":{"line":53,"column":20},"end":{"line":53,"column":35}},"line":53},"4":{"name":"(anonymous_4)","decl":{"start":{"line":54,"column":20},"end":{"line":54,"column":21}},"loc":{"start":{"line":54,"column":26},"end":{"line":54,"column":40}},"line":54},"5":{"name":"(anonymous_5)","decl":{"start":{"line":55,"column":20},"end":{"line":55,"column":21}},"loc":{"start":{"line":55,"column":26},"end":{"line":55,"column":41}},"line":55},"6":{"name":"(anonymous_6)","decl":{"start":{"line":64,"column":29},"end":{"line":64,"column":30}},"loc":{"start":{"line":64,"column":48},"end":{"line":97,"column":1}},"line":64}},"branchMap":{"0":{"loc":{"start":{"line":23,"column":4},"end":{"line":23,"column":16}},"type":"default-arg","locations":[{"start":{"line":23,"column":11},"end":{"line":23,"column":16}}],"line":23},"1":{"loc":{"start":{"line":38,"column":8},"end":{"line":38,"column":35}},"type":"binary-expr","locations":[{"start":{"line":38,"column":8},"end":{"line":38,"column":13}},{"start":{"line":38,"column":17},"end":{"line":38,"column":35}}],"line":38},"2":{"loc":{"start":{"line":39,"column":8},"end":{"line":39,"column":27}},"type":"binary-expr","locations":[{"start":{"line":39,"column":8},"end":{"line":39,"column":13}},{"start":{"line":39,"column":17},"end":{"line":39,"column":27}}],"line":39},"3":{"loc":{"start":{"line":40,"column":8},"end":{"line":40,"column":35}},"type":"binary-expr","locations":[{"start":{"line":40,"column":8},"end":{"line":40,"column":13}},{"start":{"line":40,"column":17},"end":{"line":40,"column":35}}],"line":40},"4":{"loc":{"start":{"line":41,"column":8},"end":{"line":41,"column":27}},"type":"binary-expr","locations":[{"start":{"line":41,"column":8},"end":{"line":41,"column":13}},{"start":{"line":41,"column":17},"end":{"line":41,"column":27}}],"line":41},"5":{"loc":{"start":{"line":42,"column":8},"end":{"line":42,"column":31}},"type":"binary-expr","locations":[{"start":{"line":42,"column":8},"end":{"line":42,"column":12}},{"start":{"line":42,"column":16},"end":{"line":42,"column":31}}],"line":42},"6":{"loc":{"start":{"line":43,"column":8},"end":{"line":43,"column":52}},"type":"binary-expr","locations":[{"start":{"line":43,"column":8},"end":{"line":43,"column":29}},{"start":{"line":43,"column":33},"end":{"line":43,"column":52}}],"line":43},"7":{"loc":{"start":{"line":57,"column":7},"end":{"line":59,"column":12}},"type":"binary-expr","locations":[{"start":{"line":57,"column":8},"end":{"line":57,"column":12}},{"start":{"line":57,"column":16},"end":{"line":57,"column":76}},{"start":{"line":58,"column":8},"end":{"line":58,"column":16}},{"start":{"line":59,"column":8},"end":{"line":59,"column":12}}],"line":57}},"s":{"0":1,"1":1,"2":1,"3":1,"4":1,"5":1,"6":1,"7":1,"8":1,"9":0,"10":0,"11":0,"12":0,"13":1,"14":1},"f":{"0":1,"1":1,"2":0,"3":0,"4":0,"5":0,"6":1},"b":{"0":[1],"1":[1,0],"2":[1,0],"3":[1,0],"4":[1,0],"5":[1,0],"6":[1,0],"7":[1,1,0,0]},"_coverageSchema":"1a1c01bbd47fc00a2c39e90264f33305004495a9","hash":"f1bfd90d5496c21c543183b10d6843eb219fb296"}
,"/Users/kane/Lab/Eros/src/components/Menu/Menu.styles.ts": {"path":"/Users/kane/Lab/Eros/src/components/Menu/Menu.styles.ts","statementMap":{"0":{"start":{"line":4,"column":15},"end":{"line":22,"column":2}}},"fnMap":{},"branchMap":{},"s":{"0":1},"f":{},"b":{},"_coverageSchema":"1a1c01bbd47fc00a2c39e90264f33305004495a9","hash":"3dcd73a1d423b79634f3a76039b7a2272879013d"}
,"/Users/kane/Lab/Eros/src/components/Menu/Menu.tsx": {"path":"/Users/kane/Lab/Eros/src/components/Menu/Menu.tsx","statementMap":{"0":{"start":{"line":9,"column":21},"end":{"line":28,"column":3}},"1":{"start":{"line":30,"column":10},"end":{"line":38,"column":3}},"2":{"start":{"line":41,"column":24},"end":{"line":41,"column":34}},"3":{"start":{"line":43,"column":4},"end":{"line":45,"column":5}},"4":{"start":{"line":44,"column":6},"end":{"line":44,"column":20}},"5":{"start":{"line":49,"column":24},"end":{"line":49,"column":34}},"6":{"start":{"line":51,"column":4},"end":{"line":53,"column":5}},"7":{"start":{"line":52,"column":6},"end":{"line":52,"column":20}},"8":{"start":{"line":56,"column":22},"end":{"line":61,"column":3}},"9":{"start":{"line":57,"column":22},"end":{"line":57,"column":42}},"10":{"start":{"line":58,"column":4},"end":{"line":60,"column":7}},"11":{"start":{"line":63,"column":19},"end":{"line":90,"column":3}},"12":{"start":{"line":64,"column":30},"end":{"line":64,"column":50}},"13":{"start":{"line":69,"column":4},"end":{"line":89,"column":5}},"14":{"start":{"line":70,"column":6},"end":{"line":70,"column":65}},"15":{"start":{"line":71,"column":6},"end":{"line":71,"column":65}},"16":{"start":{"line":72,"column":6},"end":{"line":77,"column":9}},"17":{"start":{"line":79,"column":6},"end":{"line":88,"column":9}},"18":{"start":{"line":80,"column":8},"end":{"line":80,"column":26}},"19":{"start":{"line":81,"column":8},"end":{"line":81,"column":26}},"20":{"start":{"line":82,"column":8},"end":{"line":87,"column":11}},"21":{"start":{"line":92,"column":17},"end":{"line":99,"column":3}},"22":{"start":{"line":93,"column":30},"end":{"line":93,"column":50}},"23":{"start":{"line":95,"column":4},"end":{"line":98,"column":7}},"24":{"start":{"line":108,"column":8},"end":{"line":108,"column":18}},"25":{"start":{"line":110,"column":4},"end":{"line":113,"column":5}},"26":{"start":{"line":111,"column":6},"end":{"line":111,"column":43}},"27":{"start":{"line":111,"column":23},"end":{"line":111,"column":36}},"28":{"start":{"line":112,"column":6},"end":{"line":112,"column":13}},"29":{"start":{"line":115,"column":26},"end":{"line":115,"column":36}},"30":{"start":{"line":117,"column":22},"end":{"line":117,"column":60}},"31":{"start":{"line":119,"column":18},"end":{"line":119,"column":19}},"32":{"start":{"line":120,"column":17},"end":{"line":120,"column":35}},"33":{"start":{"line":121,"column":16},"end":{"line":121,"column":30}},"34":{"start":{"line":123,"column":4},"end":{"line":127,"column":5}},"35":{"start":{"line":124,"column":6},"end":{"line":124,"column":18}},"36":{"start":{"line":125,"column":6},"end":{"line":125,"column":17}},"37":{"start":{"line":126,"column":6},"end":{"line":126,"column":16}},"38":{"start":{"line":129,"column":4},"end":{"line":145,"column":15}},"39":{"start":{"line":159,"column":8},"end":{"line":159,"column":18}},"40":{"start":{"line":174,"column":8},"end":{"line":174,"column":18}},"41":{"start":{"line":176,"column":31},"end":{"line":181,"column":5}},"42":{"start":{"line":183,"column":4},"end":{"line":190,"column":5}},"43":{"start":{"line":184,"column":6},"end":{"line":189,"column":7}},"44":{"start":{"line":185,"column":8},"end":{"line":186,"column":57}},"45":{"start":{"line":188,"column":8},"end":{"line":188,"column":55}},"46":{"start":{"line":192,"column":4},"end":{"line":209,"column":5}},"47":{"start":{"line":193,"column":6},"end":{"line":193,"column":68}},"48":{"start":{"line":194,"column":6},"end":{"line":195,"column":65}},"49":{"start":{"line":197,"column":6},"end":{"line":208,"column":7}},"50":{"start":{"line":198,"column":8},"end":{"line":199,"column":77}},"51":{"start":{"line":200,"column":13},"end":{"line":208,"column":7}},"52":{"start":{"line":201,"column":8},"end":{"line":202,"column":60}},"53":{"start":{"line":203,"column":8},"end":{"line":203,"column":68}},"54":{"start":{"line":204,"column":13},"end":{"line":208,"column":7}},"55":{"start":{"line":205,"column":8},"end":{"line":206,"column":60}},"56":{"start":{"line":207,"column":8},"end":{"line":207,"column":70}},"57":{"start":{"line":211,"column":4},"end":{"line":217,"column":5}},"58":{"start":{"line":215,"column":6},"end":{"line":215,"column":33}},"59":{"start":{"line":216,"column":6},"end":{"line":216,"column":34}},"60":{"start":{"line":219,"column":4},"end":{"line":260,"column":6}},"61":{"start":{"line":224,"column":12},"end":{"line":224,"column":30}}},"fnMap":{"0":{"name":"(anonymous_0)","decl":{"start":{"line":40,"column":2},"end":{"line":40,"column":3}},"loc":{"start":{"line":40,"column":22},"end":{"line":46,"column":3}},"line":40},"1":{"name":"(anonymous_1)","decl":{"start":{"line":48,"column":2},"end":{"line":48,"column":3}},"loc":{"start":{"line":48,"column":32},"end":{"line":54,"column":3}},"line":48},"2":{"name":"(anonymous_2)","decl":{"start":{"line":56,"column":22},"end":{"line":56,"column":23}},"loc":{"start":{"line":56,"column":29},"end":{"line":61,"column":3}},"line":56},"3":{"name":"(anonymous_3)","decl":{"start":{"line":63,"column":19},"end":{"line":63,"column":20}},"loc":{"start":{"line":63,"column":26},"end":{"line":90,"column":3}},"line":63},"4":{"name":"(anonymous_4)","decl":{"start":{"line":79,"column":26},"end":{"line":79,"column":27}},"loc":{"start":{"line":79,"column":65},"end":{"line":88,"column":7}},"line":79},"5":{"name":"(anonymous_5)","decl":{"start":{"line":92,"column":17},"end":{"line":92,"column":18}},"loc":{"start":{"line":92,"column":24},"end":{"line":99,"column":3}},"line":92},"6":{"name":"(anonymous_6)","decl":{"start":{"line":101,"column":2},"end":{"line":101,"column":3}},"loc":{"start":{"line":101,"column":11},"end":{"line":146,"column":3}},"line":101},"7":{"name":"(anonymous_7)","decl":{"start":{"line":111,"column":17},"end":{"line":111,"column":18}},"loc":{"start":{"line":111,"column":23},"end":{"line":111,"column":36}},"line":111},"8":{"name":"(anonymous_8)","decl":{"start":{"line":148,"column":2},"end":{"line":148,"column":3}},"loc":{"start":{"line":148,"column":11},"end":{"line":261,"column":3}},"line":148},"9":{"name":"(anonymous_9)","decl":{"start":{"line":223,"column":15},"end":{"line":223,"column":16}},"loc":{"start":{"line":223,"column":24},"end":{"line":225,"column":11}},"line":223}},"branchMap":{"0":{"loc":{"start":{"line":43,"column":4},"end":{"line":45,"column":5}},"type":"if","locations":[{"start":{"line":43,"column":4},"end":{"line":45,"column":5}},{"start":{"line":43,"column":4},"end":{"line":45,"column":5}}],"line":43},"1":{"loc":{"start":{"line":51,"column":4},"end":{"line":53,"column":5}},"type":"if","locations":[{"start":{"line":51,"column":4},"end":{"line":53,"column":5}},{"start":{"line":51,"column":4},"end":{"line":53,"column":5}}],"line":51},"2":{"loc":{"start":{"line":69,"column":4},"end":{"line":89,"column":5}},"type":"if","locations":[{"start":{"line":69,"column":4},"end":{"line":89,"column":5}},{"start":{"line":69,"column":4},"end":{"line":89,"column":5}}],"line":69},"3":{"loc":{"start":{"line":110,"column":4},"end":{"line":113,"column":5}},"type":"if","locations":[{"start":{"line":110,"column":4},"end":{"line":113,"column":5}},{"start":{"line":110,"column":4},"end":{"line":113,"column":5}}],"line":110},"4":{"loc":{"start":{"line":110,"column":8},"end":{"line":110,"column":39}},"type":"binary-expr","locations":[{"start":{"line":110,"column":8},"end":{"line":110,"column":22}},{"start":{"line":110,"column":26},"end":{"line":110,"column":39}}],"line":110},"5":{"loc":{"start":{"line":117,"column":22},"end":{"line":117,"column":60}},"type":"cond-expr","locations":[{"start":{"line":117,"column":34},"end":{"line":117,"column":45}},{"start":{"line":117,"column":48},"end":{"line":117,"column":60}}],"line":117},"6":{"loc":{"start":{"line":123,"column":4},"end":{"line":127,"column":5}},"type":"if","locations":[{"start":{"line":123,"column":4},"end":{"line":127,"column":5}},{"start":{"line":123,"column":4},"end":{"line":127,"column":5}}],"line":123},"7":{"loc":{"start":{"line":180,"column":11},"end":{"line":180,"column":53}},"type":"cond-expr","locations":[{"start":{"line":180,"column":29},"end":{"line":180,"column":49}},{"start":{"line":180,"column":52},"end":{"line":180,"column":53}}],"line":180},"8":{"loc":{"start":{"line":183,"column":4},"end":{"line":190,"column":5}},"type":"if","locations":[{"start":{"line":183,"column":4},"end":{"line":190,"column":5}},{"start":{"line":183,"column":4},"end":{"line":190,"column":5}}],"line":183},"9":{"loc":{"start":{"line":184,"column":6},"end":{"line":189,"column":7}},"type":"if","locations":[{"start":{"line":184,"column":6},"end":{"line":189,"column":7}},{"start":{"line":184,"column":6},"end":{"line":189,"column":7}}],"line":184},"10":{"loc":{"start":{"line":192,"column":4},"end":{"line":209,"column":5}},"type":"if","locations":[{"start":{"line":192,"column":4},"end":{"line":209,"column":5}},{"start":{"line":192,"column":4},"end":{"line":209,"column":5}}],"line":192},"11":{"loc":{"start":{"line":197,"column":6},"end":{"line":208,"column":7}},"type":"if","locations":[{"start":{"line":197,"column":6},"end":{"line":208,"column":7}},{"start":{"line":197,"column":6},"end":{"line":208,"column":7}}],"line":197},"12":{"loc":{"start":{"line":199,"column":45},"end":{"line":199,"column":75}},"type":"cond-expr","locations":[{"start":{"line":199,"column":69},"end":{"line":199,"column":70}},{"start":{"line":199,"column":73},"end":{"line":199,"column":75}}],"line":199},"13":{"loc":{"start":{"line":200,"column":13},"end":{"line":208,"column":7}},"type":"if","locations":[{"start":{"line":200,"column":13},"end":{"line":208,"column":7}},{"start":{"line":200,"column":13},"end":{"line":208,"column":7}}],"line":200},"14":{"loc":{"start":{"line":202,"column":29},"end":{"line":202,"column":58}},"type":"cond-expr","locations":[{"start":{"line":202,"column":53},"end":{"line":202,"column":54}},{"start":{"line":202,"column":57},"end":{"line":202,"column":58}}],"line":202},"15":{"loc":{"start":{"line":204,"column":13},"end":{"line":208,"column":7}},"type":"if","locations":[{"start":{"line":204,"column":13},"end":{"line":208,"column":7}},{"start":{"line":204,"column":13},"end":{"line":208,"column":7}}],"line":204},"16":{"loc":{"start":{"line":206,"column":29},"end":{"line":206,"column":58}},"type":"cond-expr","locations":[{"start":{"line":206,"column":53},"end":{"line":206,"column":54}},{"start":{"line":206,"column":57},"end":{"line":206,"column":58}}],"line":206},"17":{"loc":{"start":{"line":211,"column":4},"end":{"line":217,"column":5}},"type":"if","locations":[{"start":{"line":211,"column":4},"end":{"line":217,"column":5}},{"start":{"line":211,"column":4},"end":{"line":217,"column":5}}],"line":211},"18":{"loc":{"start":{"line":212,"column":6},"end":{"line":213,"column":43}},"type":"binary-expr","locations":[{"start":{"line":212,"column":6},"end":{"line":212,"column":42}},{"start":{"line":213,"column":6},"end":{"line":213,"column":43}}],"line":212},"19":{"loc":{"start":{"line":228,"column":19},"end":{"line":228,"column":46}},"type":"cond-expr","locations":[{"start":{"line":228,"column":31},"end":{"line":228,"column":37}},{"start":{"line":228,"column":40},"end":{"line":228,"column":46}}],"line":228},"20":{"loc":{"start":{"line":245,"column":25},"end":{"line":245,"column":57}},"type":"cond-expr","locations":[{"start":{"line":245,"column":37},"end":{"line":245,"column":48}},{"start":{"line":245,"column":51},"end":{"line":245,"column":57}}],"line":245}},"s":{"0":1,"1":1,"2":0,"3":0,"4":0,"5":0,"6":0,"7":0,"8":1,"9":0,"10":0,"11":1,"12":0,"13":0,"14":0,"15":0,"16":0,"17":0,"18":0,"19":0,"20":0,"21":1,"22":0,"23":0,"24":0,"25":0,"26":0,"27":0,"28":0,"29":0,"30":0,"31":0,"32":0,"33":0,"34":0,"35":0,"36":0,"37":0,"38":0,"39":1,"40":1,"41":1,"42":1,"43":0,"44":0,"45":0,"46":1,"47":0,"48":0,"49":0,"50":0,"51":0,"52":0,"53":0,"54":0,"55":0,"56":0,"57":1,"58":0,"59":0,"60":1,"61":0},"f":{"0":0,"1":0,"2":0,"3":0,"4":0,"5":0,"6":0,"7":0,"8":1,"9":0},"b":{"0":[0,0],"1":[0,0],"2":[0,0],"3":[0,0],"4":[0,0],"5":[0,0],"6":[0,0],"7":[0,1],"8":[0,1],"9":[0,0],"10":[0,1],"11":[0,0],"12":[0,0],"13":[0,0],"14":[0,0],"15":[0,0],"16":[0,0],"17":[0,1],"18":[1,1],"19":[0,1],"20":[0,1]},"_coverageSchema":"1a1c01bbd47fc00a2c39e90264f33305004495a9","hash":"46d026f8a342c099d64cd4dcc827ab3cb612a47f"}
,"/Users/kane/Lab/Eros/src/components/Menu/MenuItem/MenuItem.styles.ts": {"path":"/Users/kane/Lab/Eros/src/components/Menu/MenuItem/MenuItem.styles.ts","statementMap":{"0":{"start":{"line":1,"column":15},"end":{"line":18,"column":1}}},"fnMap":{},"branchMap":{},"s":{"0":1},"f":{},"b":{},"_coverageSchema":"1a1c01bbd47fc00a2c39e90264f33305004495a9","hash":"b0e89ca8a4c93d76c6f2467d6bfdcac2631c516d"}
,"/Users/kane/Lab/Eros/src/components/Menu/MenuItem/MenuItem.tsx": {"path":"/Users/kane/Lab/Eros/src/components/Menu/MenuItem/MenuItem.tsx","statementMap":{"0":{"start":{"line":12,"column":4},"end":{"line":12,"column":17}},"1":{"start":{"line":13,"column":4},"end":{"line":15,"column":6}},"2":{"start":{"line":19,"column":25},"end":{"line":19,"column":35}},"3":{"start":{"line":20,"column":27},"end":{"line":20,"column":60}},"4":{"start":{"line":21,"column":4},"end":{"line":21,"column":42}},"5":{"start":{"line":21,"column":18},"end":{"line":21,"column":42}},"6":{"start":{"line":23,"column":4},"end":{"line":23,"column":62}},"7":{"start":{"line":27,"column":21},"end":{"line":27,"column":31}},"8":{"start":{"line":28,"column":4},"end":{"line":31,"column":7}},"9":{"start":{"line":35,"column":32},"end":{"line":35,"column":42}},"10":{"start":{"line":36,"column":4},"end":{"line":41,"column":6}},"11":{"start":{"line":45,"column":48},"end":{"line":45,"column":58}},"12":{"start":{"line":46,"column":4},"end":{"line":60,"column":6}},"13":{"start":{"line":65,"column":6},"end":{"line":65,"column":16}},"14":{"start":{"line":66,"column":37},"end":{"line":66,"column":47}},"15":{"start":{"line":68,"column":4},"end":{"line":85,"column":6}},"16":{"start":{"line":70,"column":25},"end":{"line":70,"column":47}},"17":{"start":{"line":71,"column":26},"end":{"line":71,"column":49}},"18":{"start":{"line":89,"column":0},"end":{"line":98,"column":2}},"19":{"start":{"line":100,"column":0},"end":{"line":104,"column":2}}},"fnMap":{"0":{"name":"(anonymous_0)","decl":{"start":{"line":11,"column":2},"end":{"line":11,"column":3}},"loc":{"start":{"line":11,"column":21},"end":{"line":16,"column":3}},"line":11},"1":{"name":"(anonymous_1)","decl":{"start":{"line":18,"column":2},"end":{"line":18,"column":3}},"loc":{"start":{"line":18,"column":22},"end":{"line":24,"column":3}},"line":18},"2":{"name":"(anonymous_2)","decl":{"start":{"line":26,"column":2},"end":{"line":26,"column":3}},"loc":{"start":{"line":26,"column":16},"end":{"line":32,"column":3}},"line":26},"3":{"name":"(anonymous_3)","decl":{"start":{"line":34,"column":2},"end":{"line":34,"column":3}},"loc":{"start":{"line":34,"column":27},"end":{"line":42,"column":3}},"line":34},"4":{"name":"(anonymous_4)","decl":{"start":{"line":44,"column":2},"end":{"line":44,"column":3}},"loc":{"start":{"line":44,"column":16},"end":{"line":61,"column":3}},"line":44},"5":{"name":"(anonymous_5)","decl":{"start":{"line":63,"column":2},"end":{"line":63,"column":3}},"loc":{"start":{"line":63,"column":11},"end":{"line":86,"column":3}},"line":63},"6":{"name":"(anonymous_6)","decl":{"start":{"line":70,"column":19},"end":{"line":70,"column":20}},"loc":{"start":{"line":70,"column":25},"end":{"line":70,"column":47}},"line":70},"7":{"name":"(anonymous_7)","decl":{"start":{"line":71,"column":20},"end":{"line":71,"column":21}},"loc":{"start":{"line":71,"column":26},"end":{"line":71,"column":49}},"line":71}},"branchMap":{"0":{"loc":{"start":{"line":20,"column":27},"end":{"line":20,"column":60}},"type":"cond-expr","locations":[{"start":{"line":20,"column":36},"end":{"line":20,"column":53}},{"start":{"line":20,"column":56},"end":{"line":20,"column":60}}],"line":20},"1":{"loc":{"start":{"line":21,"column":4},"end":{"line":21,"column":42}},"type":"if","locations":[{"start":{"line":21,"column":4},"end":{"line":21,"column":42}},{"start":{"line":21,"column":4},"end":{"line":21,"column":42}}],"line":21},"2":{"loc":{"start":{"line":48,"column":23},"end":{"line":48,"column":62}},"type":"cond-expr","locations":[{"start":{"line":48,"column":47},"end":{"line":48,"column":53}},{"start":{"line":48,"column":56},"end":{"line":48,"column":62}}],"line":48},"3":{"loc":{"start":{"line":53,"column":19},"end":{"line":53,"column":67}},"type":"cond-expr","locations":[{"start":{"line":53,"column":30},"end":{"line":53,"column":47}},{"start":{"line":53,"column":50},"end":{"line":53,"column":67}}],"line":53},"4":{"loc":{"start":{"line":54,"column":24},"end":{"line":54,"column":37}},"type":"cond-expr","locations":[{"start":{"line":54,"column":31},"end":{"line":54,"column":33}},{"start":{"line":54,"column":36},"end":{"line":54,"column":37}}],"line":54},"5":{"loc":{"start":{"line":80,"column":11},"end":{"line":80,"column":43}},"type":"cond-expr","locations":[{"start":{"line":80,"column":18},"end":{"line":80,"column":36}},{"start":{"line":80,"column":39},"end":{"line":80,"column":43}}],"line":80},"6":{"loc":{"start":{"line":81,"column":11},"end":{"line":81,"column":41}},"type":"binary-expr","locations":[{"start":{"line":81,"column":11},"end":{"line":81,"column":19}},{"start":{"line":81,"column":23},"end":{"line":81,"column":41}}],"line":81},"7":{"loc":{"start":{"line":82,"column":11},"end":{"line":82,"column":65}},"type":"cond-expr","locations":[{"start":{"line":82,"column":29},"end":{"line":82,"column":58}},{"start":{"line":82,"column":61},"end":{"line":82,"column":65}}],"line":82}},"s":{"0":1,"1":1,"2":0,"3":0,"4":0,"5":0,"6":0,"7":0,"8":0,"9":0,"10":0,"11":1,"12":1,"13":1,"14":1,"15":1,"16":0,"17":0,"18":1,"19":1},"f":{"0":1,"1":0,"2":0,"3":0,"4":1,"5":1,"6":0,"7":0},"b":{"0":[0,0],"1":[0,0],"2":[1,0],"3":[0,1],"4":[0,1],"5":[0,1],"6":[1,1],"7":[0,1]},"_coverageSchema":"1a1c01bbd47fc00a2c39e90264f33305004495a9","hash":"afb8055d769fc3f26dca2480ec731d088d79d409"}
,"/Users/kane/Lab/Eros/src/components/Menu/ModalMenu/ModalMenu.native.styles.js": {"path":"/Users/kane/Lab/Eros/src/components/Menu/ModalMenu/ModalMenu.native.styles.js","statementMap":{},"fnMap":{},"branchMap":{},"s":{},"f":{},"b":{},"_coverageSchema":"1a1c01bbd47fc00a2c39e90264f33305004495a9","hash":"840a3803f0a62d340fa0e221eb676cf0a85c11f0"}
,"/Users/kane/Lab/Eros/src/components/Menu/ModalMenu/index.native.js": {"path":"/Users/kane/Lab/Eros/src/components/Menu/ModalMenu/index.native.js","statementMap":{"0":{"start":{"line":16,"column":21},"end":{"line":25,"column":3}},"1":{"start":{"line":27,"column":24},"end":{"line":29,"column":3}},"2":{"start":{"line":40,"column":8},"end":{"line":40,"column":18}},"3":{"start":{"line":42,"column":24},"end":{"line":42,"column":54}},"4":{"start":{"line":43,"column":25},"end":{"line":43,"column":56}},"5":{"start":{"line":45,"column":4},"end":{"line":69,"column":6}}},"fnMap":{"0":{"name":"(anonymous_0)","decl":{"start":{"line":31,"column":2},"end":{"line":31,"column":3}},"loc":{"start":{"line":31,"column":11},"end":{"line":70,"column":3}},"line":31}},"branchMap":{},"s":{"0":1,"1":1,"2":0,"3":0,"4":0,"5":0},"f":{"0":0},"b":{},"_coverageSchema":"1a1c01bbd47fc00a2c39e90264f33305004495a9","hash":"a43147ba9dcbb792736376c8b754628ffc46b787"}
,"/Users/kane/Lab/Eros/src/components/Paper/Paper.tsx": {"path":"/Users/kane/Lab/Eros/src/components/Paper/Paper.tsx","statementMap":{"0":{"start":{"line":30,"column":14},"end":{"line":56,"column":1}},"1":{"start":{"line":39,"column":8},"end":{"line":39,"column":13}},"2":{"start":{"line":40,"column":19},"end":{"line":40,"column":30}},"3":{"start":{"line":42,"column":4},"end":{"line":54,"column":6}},"4":{"start":{"line":58,"column":18},"end":{"line":66,"column":3}},"5":{"start":{"line":58,"column":48},"end":{"line":66,"column":1}}},"fnMap":{"0":{"name":"(anonymous_0)","decl":{"start":{"line":31,"column":2},"end":{"line":31,"column":3}},"loc":{"start":{"line":31,"column":30},"end":{"line":55,"column":3}},"line":31},"1":{"name":"(anonymous_1)","decl":{"start":{"line":58,"column":29},"end":{"line":58,"column":30}},"loc":{"start":{"line":58,"column":48},"end":{"line":66,"column":1}},"line":58}},"branchMap":{"0":{"loc":{"start":{"line":35,"column":6},"end":{"line":35,"column":16}},"type":"default-arg","locations":[{"start":{"line":35,"column":15},"end":{"line":35,"column":16}}],"line":35},"1":{"loc":{"start":{"line":37,"column":6},"end":{"line":37,"column":23}},"type":"default-arg","locations":[{"start":{"line":37,"column":18},"end":{"line":37,"column":23}}],"line":37},"2":{"loc":{"start":{"line":48,"column":12},"end":{"line":48,"column":42}},"type":"binary-expr","locations":[{"start":{"line":48,"column":12},"end":{"line":48,"column":21}},{"start":{"line":48,"column":25},"end":{"line":48,"column":42}}],"line":48}},"s":{"0":1,"1":1,"2":1,"3":1,"4":1,"5":1},"f":{"0":1,"1":1},"b":{"0":[1],"1":[1],"2":[1,0]},"_coverageSchema":"1a1c01bbd47fc00a2c39e90264f33305004495a9","hash":"88d5024cc0988a4f2adc7eef72ec2a76870c5afd"}
,"/Users/kane/Lab/Eros/src/components/Paper/index.ts": {"path":"/Users/kane/Lab/Eros/src/components/Paper/index.ts","statementMap":{},"fnMap":{},"branchMap":{},"s":{},"f":{},"b":{},"_coverageSchema":"1a1c01bbd47fc00a2c39e90264f33305004495a9","hash":"8f937797124cbe74f71408ce8887c40a601c4323"}
,"/Users/kane/Lab/Eros/src/components/Ripple/Ripple.js": {"path":"/Users/kane/Lab/Eros/src/components/Ripple/Ripple.js","statementMap":{"0":{"start":{"line":13,"column":24},"end":{"line":29,"column":3}},"1":{"start":{"line":27,"column":48},"end":{"line":27,"column":73}},"2":{"start":{"line":31,"column":21},"end":{"line":48,"column":3}},"3":{"start":{"line":51,"column":4},"end":{"line":51,"column":17}},"4":{"start":{"line":53,"column":4},"end":{"line":53,"column":45}},"5":{"start":{"line":54,"column":4},"end":{"line":54,"column":43}},"6":{"start":{"line":55,"column":4},"end":{"line":55,"column":47}},"7":{"start":{"line":56,"column":4},"end":{"line":56,"column":49}},"8":{"start":{"line":57,"column":4},"end":{"line":57,"column":51}},"9":{"start":{"line":58,"column":4},"end":{"line":58,"column":57}},"10":{"start":{"line":60,"column":4},"end":{"line":60,"column":53}},"11":{"start":{"line":62,"column":4},"end":{"line":62,"column":20}},"12":{"start":{"line":63,"column":4},"end":{"line":63,"column":25}},"13":{"start":{"line":65,"column":4},"end":{"line":66,"column":65}},"14":{"start":{"line":67,"column":4},"end":{"line":67,"column":30}},"15":{"start":{"line":68,"column":4},"end":{"line":68,"column":40}},"16":{"start":{"line":70,"column":4},"end":{"line":74,"column":6}},"17":{"start":{"line":78,"column":4},"end":{"line":78,"column":24}},"18":{"start":{"line":82,"column":4},"end":{"line":82,"column":25}},"19":{"start":{"line":86,"column":30},"end":{"line":86,"column":54}},"20":{"start":{"line":87,"column":25},"end":{"line":87,"column":35}},"21":{"start":{"line":89,"column":4},"end":{"line":91,"column":5}},"22":{"start":{"line":90,"column":6},"end":{"line":90,"column":22}},"23":{"start":{"line":93,"column":4},"end":{"line":93,"column":37}},"24":{"start":{"line":97,"column":24},"end":{"line":97,"column":34}},"25":{"start":{"line":99,"column":4},"end":{"line":101,"column":5}},"26":{"start":{"line":100,"column":6},"end":{"line":100,"column":50}},"27":{"start":{"line":100,"column":34},"end":{"line":100,"column":48}},"28":{"start":{"line":105,"column":38},"end":{"line":105,"column":48}},"29":{"start":{"line":106,"column":4},"end":{"line":106,"column":25}},"30":{"start":{"line":106,"column":18},"end":{"line":106,"column":25}},"31":{"start":{"line":107,"column":4},"end":{"line":109,"column":5}},"32":{"start":{"line":108,"column":6},"end":{"line":108,"column":54}},"33":{"start":{"line":108,"column":34},"end":{"line":108,"column":52}},"34":{"start":{"line":111,"column":4},"end":{"line":111,"column":28}},"35":{"start":{"line":115,"column":54},"end":{"line":115,"column":64}},"36":{"start":{"line":116,"column":24},"end":{"line":116,"column":34}},"37":{"start":{"line":117,"column":4},"end":{"line":117,"column":25}},"38":{"start":{"line":117,"column":18},"end":{"line":117,"column":25}},"39":{"start":{"line":119,"column":4},"end":{"line":119,"column":29}},"40":{"start":{"line":121,"column":4},"end":{"line":127,"column":5}},"41":{"start":{"line":122,"column":6},"end":{"line":124,"column":7}},"42":{"start":{"line":123,"column":8},"end":{"line":123,"column":25}},"43":{"start":{"line":126,"column":6},"end":{"line":126,"column":30}},"44":{"start":{"line":131,"column":27},"end":{"line":131,"column":37}},"45":{"start":{"line":133,"column":4},"end":{"line":135,"column":5}},"46":{"start":{"line":134,"column":6},"end":{"line":134,"column":24}},"47":{"start":{"line":137,"column":4},"end":{"line":137,"column":30}},"48":{"start":{"line":138,"column":4},"end":{"line":138,"column":30}},"49":{"start":{"line":142,"column":4},"end":{"line":145,"column":5}},"50":{"start":{"line":143,"column":6},"end":{"line":143,"column":41}},"51":{"start":{"line":144,"column":6},"end":{"line":144,"column":13}},"52":{"start":{"line":146,"column":4},"end":{"line":148,"column":5}},"53":{"start":{"line":147,"column":6},"end":{"line":147,"column":39}},"54":{"start":{"line":150,"column":4},"end":{"line":150,"column":29}},"55":{"start":{"line":153,"column":28},"end":{"line":158,"column":3}},"56":{"start":{"line":154,"column":17},"end":{"line":154,"column":61}},"57":{"start":{"line":155,"column":14},"end":{"line":155,"column":45}},"58":{"start":{"line":156,"column":14},"end":{"line":156,"column":64}},"59":{"start":{"line":157,"column":4},"end":{"line":157,"column":20}},"60":{"start":{"line":161,"column":4},"end":{"line":163,"column":5}},"61":{"start":{"line":162,"column":6},"end":{"line":162,"column":31}},"62":{"start":{"line":167,"column":4},"end":{"line":169,"column":5}},"63":{"start":{"line":168,"column":6},"end":{"line":168,"column":70}},"64":{"start":{"line":168,"column":38},"end":{"line":168,"column":67}},"65":{"start":{"line":171,"column":4},"end":{"line":171,"column":40}},"66":{"start":{"line":175,"column":30},"end":{"line":175,"column":40}},"67":{"start":{"line":177,"column":6},"end":{"line":177,"column":16}},"68":{"start":{"line":179,"column":15},"end":{"line":179,"column":26}},"69":{"start":{"line":180,"column":15},"end":{"line":180,"column":27}},"70":{"start":{"line":182,"column":35},"end":{"line":182,"column":52}},"71":{"start":{"line":184,"column":4},"end":{"line":187,"column":5}},"72":{"start":{"line":185,"column":6},"end":{"line":185,"column":56}},"73":{"start":{"line":186,"column":6},"end":{"line":186,"column":56}},"74":{"start":{"line":188,"column":4},"end":{"line":191,"column":5}},"75":{"start":{"line":189,"column":6},"end":{"line":189,"column":21}},"76":{"start":{"line":190,"column":6},"end":{"line":190,"column":21}},"77":{"start":{"line":192,"column":20},"end":{"line":192,"column":44}},"78":{"start":{"line":193,"column":20},"end":{"line":193,"column":44}},"79":{"start":{"line":196,"column":6},"end":{"line":198,"column":74}},"80":{"start":{"line":200,"column":19},"end":{"line":206,"column":5}},"81":{"start":{"line":208,"column":22},"end":{"line":213,"column":6}},"82":{"start":{"line":215,"column":4},"end":{"line":215,"column":54}},"83":{"start":{"line":217,"column":4},"end":{"line":217,"column":74}},"84":{"start":{"line":217,"column":36},"end":{"line":217,"column":71}},"85":{"start":{"line":221,"column":43},"end":{"line":221,"column":53}},"86":{"start":{"line":222,"column":28},"end":{"line":222,"column":32}},"87":{"start":{"line":224,"column":24},"end":{"line":244,"column":5}},"88":{"start":{"line":246,"column":4},"end":{"line":252,"column":6}},"89":{"start":{"line":256,"column":24},"end":{"line":256,"column":34}},"90":{"start":{"line":257,"column":70},"end":{"line":257,"column":74}},"91":{"start":{"line":273,"column":8},"end":{"line":273,"column":18}},"92":{"start":{"line":275,"column":27},"end":{"line":291,"column":5}},"93":{"start":{"line":293,"column":27},"end":{"line":295,"column":5}},"94":{"start":{"line":297,"column":4},"end":{"line":309,"column":6}}},"fnMap":{"0":{"name":"(anonymous_0)","decl":{"start":{"line":27,"column":23},"end":{"line":27,"column":24}},"loc":{"start":{"line":27,"column":48},"end":{"line":27,"column":73}},"line":27},"1":{"name":"(anonymous_1)","decl":{"start":{"line":50,"column":2},"end":{"line":50,"column":3}},"loc":{"start":{"line":50,"column":21},"end":{"line":75,"column":3}},"line":50},"2":{"name":"(anonymous_2)","decl":{"start":{"line":77,"column":2},"end":{"line":77,"column":3}},"loc":{"start":{"line":77,"column":22},"end":{"line":79,"column":3}},"line":77},"3":{"name":"(anonymous_3)","decl":{"start":{"line":81,"column":2},"end":{"line":81,"column":3}},"loc":{"start":{"line":81,"column":25},"end":{"line":83,"column":3}},"line":81},"4":{"name":"(anonymous_4)","decl":{"start":{"line":85,"column":2},"end":{"line":85,"column":3}},"loc":{"start":{"line":85,"column":18},"end":{"line":94,"column":3}},"line":85},"5":{"name":"(anonymous_5)","decl":{"start":{"line":96,"column":2},"end":{"line":96,"column":3}},"loc":{"start":{"line":96,"column":17},"end":{"line":102,"column":3}},"line":96},"6":{"name":"(anonymous_6)","decl":{"start":{"line":100,"column":28},"end":{"line":100,"column":29}},"loc":{"start":{"line":100,"column":34},"end":{"line":100,"column":48}},"line":100},"7":{"name":"(anonymous_7)","decl":{"start":{"line":104,"column":2},"end":{"line":104,"column":3}},"loc":{"start":{"line":104,"column":21},"end":{"line":112,"column":3}},"line":104},"8":{"name":"(anonymous_8)","decl":{"start":{"line":108,"column":28},"end":{"line":108,"column":29}},"loc":{"start":{"line":108,"column":34},"end":{"line":108,"column":52}},"line":108},"9":{"name":"(anonymous_9)","decl":{"start":{"line":114,"column":2},"end":{"line":114,"column":3}},"loc":{"start":{"line":114,"column":19},"end":{"line":128,"column":3}},"line":114},"10":{"name":"(anonymous_10)","decl":{"start":{"line":130,"column":2},"end":{"line":130,"column":3}},"loc":{"start":{"line":130,"column":20},"end":{"line":139,"column":3}},"line":130},"11":{"name":"(anonymous_11)","decl":{"start":{"line":141,"column":2},"end":{"line":141,"column":3}},"loc":{"start":{"line":141,"column":24},"end":{"line":151,"column":3}},"line":141},"12":{"name":"(anonymous_12)","decl":{"start":{"line":153,"column":28},"end":{"line":153,"column":29}},"loc":{"start":{"line":153,"column":35},"end":{"line":158,"column":3}},"line":153},"13":{"name":"(anonymous_13)","decl":{"start":{"line":160,"column":2},"end":{"line":160,"column":3}},"loc":{"start":{"line":160,"column":23},"end":{"line":164,"column":3}},"line":160},"14":{"name":"(anonymous_14)","decl":{"start":{"line":166,"column":2},"end":{"line":166,"column":3}},"loc":{"start":{"line":166,"column":22},"end":{"line":172,"column":3}},"line":166},"15":{"name":"(anonymous_15)","decl":{"start":{"line":168,"column":20},"end":{"line":168,"column":21}},"loc":{"start":{"line":168,"column":38},"end":{"line":168,"column":67}},"line":168},"16":{"name":"(anonymous_16)","decl":{"start":{"line":174,"column":2},"end":{"line":174,"column":3}},"loc":{"start":{"line":174,"column":21},"end":{"line":218,"column":3}},"line":174},"17":{"name":"(anonymous_17)","decl":{"start":{"line":217,"column":18},"end":{"line":217,"column":19}},"loc":{"start":{"line":217,"column":36},"end":{"line":217,"column":71}},"line":217},"18":{"name":"(anonymous_18)","decl":{"start":{"line":220,"column":2},"end":{"line":220,"column":3}},"loc":{"start":{"line":220,"column":62},"end":{"line":253,"column":3}},"line":220},"19":{"name":"(anonymous_19)","decl":{"start":{"line":255,"column":2},"end":{"line":255,"column":3}},"loc":{"start":{"line":255,"column":11},"end":{"line":310,"column":3}},"line":255}},"branchMap":{"0":{"loc":{"start":{"line":66,"column":6},"end":{"line":66,"column":64}},"type":"binary-expr","locations":[{"start":{"line":66,"column":6},"end":{"line":66,"column":28}},{"start":{"line":66,"column":32},"end":{"line":66,"column":64}}],"line":66},"1":{"loc":{"start":{"line":89,"column":4},"end":{"line":91,"column":5}},"type":"if","locations":[{"start":{"line":89,"column":4},"end":{"line":91,"column":5}},{"start":{"line":89,"column":4},"end":{"line":91,"column":5}}],"line":89},"2":{"loc":{"start":{"line":99,"column":4},"end":{"line":101,"column":5}},"type":"if","locations":[{"start":{"line":99,"column":4},"end":{"line":101,"column":5}},{"start":{"line":99,"column":4},"end":{"line":101,"column":5}}],"line":99},"3":{"loc":{"start":{"line":106,"column":4},"end":{"line":106,"column":25}},"type":"if","locations":[{"start":{"line":106,"column":4},"end":{"line":106,"column":25}},{"start":{"line":106,"column":4},"end":{"line":106,"column":25}}],"line":106},"4":{"loc":{"start":{"line":107,"column":4},"end":{"line":109,"column":5}},"type":"if","locations":[{"start":{"line":107,"column":4},"end":{"line":109,"column":5}},{"start":{"line":107,"column":4},"end":{"line":109,"column":5}}],"line":107},"5":{"loc":{"start":{"line":117,"column":4},"end":{"line":117,"column":25}},"type":"if","locations":[{"start":{"line":117,"column":4},"end":{"line":117,"column":25}},{"start":{"line":117,"column":4},"end":{"line":117,"column":25}}],"line":117},"6":{"loc":{"start":{"line":121,"column":4},"end":{"line":127,"column":5}},"type":"if","locations":[{"start":{"line":121,"column":4},"end":{"line":127,"column":5}},{"start":{"line":121,"column":4},"end":{"line":127,"column":5}}],"line":121},"7":{"loc":{"start":{"line":121,"column":8},"end":{"line":121,"column":44}},"type":"binary-expr","locations":[{"start":{"line":121,"column":8},"end":{"line":121,"column":25}},{"start":{"line":121,"column":29},"end":{"line":121,"column":44}}],"line":121},"8":{"loc":{"start":{"line":122,"column":6},"end":{"line":124,"column":7}},"type":"if","locations":[{"start":{"line":122,"column":6},"end":{"line":124,"column":7}},{"start":{"line":122,"column":6},"end":{"line":124,"column":7}}],"line":122},"9":{"loc":{"start":{"line":133,"column":4},"end":{"line":135,"column":5}},"type":"if","locations":[{"start":{"line":133,"column":4},"end":{"line":135,"column":5}},{"start":{"line":133,"column":4},"end":{"line":135,"column":5}}],"line":133},"10":{"loc":{"start":{"line":142,"column":4},"end":{"line":145,"column":5}},"type":"if","locations":[{"start":{"line":142,"column":4},"end":{"line":145,"column":5}},{"start":{"line":142,"column":4},"end":{"line":145,"column":5}}],"line":142},"11":{"loc":{"start":{"line":142,"column":8},"end":{"line":142,"column":60}},"type":"binary-expr","locations":[{"start":{"line":142,"column":8},"end":{"line":142,"column":39}},{"start":{"line":142,"column":43},"end":{"line":142,"column":60}}],"line":142},"12":{"loc":{"start":{"line":146,"column":4},"end":{"line":148,"column":5}},"type":"if","locations":[{"start":{"line":146,"column":4},"end":{"line":148,"column":5}},{"start":{"line":146,"column":4},"end":{"line":148,"column":5}}],"line":146},"13":{"loc":{"start":{"line":161,"column":4},"end":{"line":163,"column":5}},"type":"if","locations":[{"start":{"line":161,"column":4},"end":{"line":163,"column":5}},{"start":{"line":161,"column":4},"end":{"line":163,"column":5}}],"line":161},"14":{"loc":{"start":{"line":167,"column":4},"end":{"line":169,"column":5}},"type":"if","locations":[{"start":{"line":167,"column":4},"end":{"line":169,"column":5}},{"start":{"line":167,"column":4},"end":{"line":169,"column":5}}],"line":167},"15":{"loc":{"start":{"line":184,"column":4},"end":{"line":187,"column":5}},"type":"if","locations":[{"start":{"line":184,"column":4},"end":{"line":187,"column":5}},{"start":{"line":184,"column":4},"end":{"line":187,"column":5}}],"line":184},"16":{"loc":{"start":{"line":188,"column":4},"end":{"line":191,"column":5}},"type":"if","locations":[{"start":{"line":188,"column":4},"end":{"line":191,"column":5}},{"start":{"line":188,"column":4},"end":{"line":191,"column":5}}],"line":188},"17":{"loc":{"start":{"line":196,"column":6},"end":{"line":198,"column":74}},"type":"cond-expr","locations":[{"start":{"line":197,"column":10},"end":{"line":197,"column":26}},{"start":{"line":198,"column":10},"end":{"line":198,"column":74}}],"line":196},"18":{"loc":{"start":{"line":238,"column":15},"end":{"line":243,"column":23}},"type":"cond-expr","locations":[{"start":{"line":239,"column":10},"end":{"line":242,"column":12}},{"start":{"line":243,"column":10},"end":{"line":243,"column":23}}],"line":238},"19":{"loc":{"start":{"line":289,"column":19},"end":{"line":289,"column":62}},"type":"cond-expr","locations":[{"start":{"line":289,"column":39},"end":{"line":289,"column":50}},{"start":{"line":289,"column":53},"end":{"line":289,"column":62}}],"line":289}},"s":{"0":2,"1":0,"2":2,"3":2,"4":2,"5":2,"6":2,"7":2,"8":2,"9":2,"10":2,"11":2,"12":2,"13":2,"14":2,"15":2,"16":2,"17":2,"18":0,"19":0,"20":0,"21":0,"22":0,"23":0,"24":0,"25":0,"26":0,"27":0,"28":0,"29":0,"30":0,"31":0,"32":0,"33":0,"34":0,"35":0,"36":0,"37":0,"38":0,"39":0,"40":0,"41":0,"42":0,"43":0,"44":0,"45":0,"46":0,"47":0,"48":0,"49":0,"50":0,"51":0,"52":0,"53":0,"54":0,"55":2,"56":0,"57":0,"58":0,"59":0,"60":0,"61":0,"62":0,"63":0,"64":0,"65":0,"66":0,"67":0,"68":0,"69":0,"70":0,"71":0,"72":0,"73":0,"74":0,"75":0,"76":0,"77":0,"78":0,"79":0,"80":0,"81":0,"82":0,"83":0,"84":0,"85":0,"86":0,"87":0,"88":0,"89":2,"90":2,"91":2,"92":2,"93":2,"94":2},"f":{"0":0,"1":2,"2":2,"3":0,"4":0,"5":0,"6":0,"7":0,"8":0,"9":0,"10":0,"11":0,"12":0,"13":0,"14":0,"15":0,"16":0,"17":0,"18":0,"19":2},"b":{"0":[2,2],"1":[0,0],"2":[0,0],"3":[0,0],"4":[0,0],"5":[0,0],"6":[0,0],"7":[0,0],"8":[0,0],"9":[0,0],"10":[0,0],"11":[0,0],"12":[0,0],"13":[0,0],"14":[0,0],"15":[0,0],"16":[0,0],"17":[0,0],"18":[0,0],"19":[0,2]},"_coverageSchema":"1a1c01bbd47fc00a2c39e90264f33305004495a9","hash":"1ff90cd0b7add5a63a46daeaa19fa51fb12d653b"}
,"/Users/kane/Lab/Eros/src/components/Ripple/Ripple.styles.js": {"path":"/Users/kane/Lab/Eros/src/components/Ripple/Ripple.styles.js","statementMap":{"0":{"start":{"line":3,"column":22},"end":{"line":3,"column":24}},"1":{"start":{"line":5,"column":15},"end":{"line":22,"column":1}}},"fnMap":{},"branchMap":{},"s":{"0":2,"1":2},"f":{},"b":{},"_coverageSchema":"1a1c01bbd47fc00a2c39e90264f33305004495a9","hash":"81fe1edac7fb267fa446a443a33ad4e5526cadfb"}
,"/Users/kane/Lab/Eros/src/components/Shadow/index.ts": {"path":"/Users/kane/Lab/Eros/src/components/Shadow/index.ts","statementMap":{"0":{"start":{"line":3,"column":48},"end":{"line":229,"column":1}},"1":{"start":{"line":231,"column":22},"end":{"line":232,"column":73}},"2":{"start":{"line":232,"column":2},"end":{"line":232,"column":73}}},"fnMap":{"0":{"name":"(anonymous_0)","decl":{"start":{"line":231,"column":22},"end":{"line":231,"column":23}},"loc":{"start":{"line":232,"column":2},"end":{"line":232,"column":73}},"line":232}},"branchMap":{"0":{"loc":{"start":{"line":232,"column":2},"end":{"line":232,"column":73}},"type":"cond-expr","locations":[{"start":{"line":232,"column":30},"end":{"line":232,"column":57}},{"start":{"line":232,"column":60},"end":{"line":232,"column":73}}],"line":232}},"s":{"0":3,"1":3,"2":6},"f":{"0":6},"b":{"0":[6,0]},"_coverageSchema":"1a1c01bbd47fc00a2c39e90264f33305004495a9","hash":"bcb354f66b46702dff9da82c1bbc09636e5880b7"}
,"/Users/kane/Lab/Eros/src/components/TextField/TextField.tsx": {"path":"/Users/kane/Lab/Eros/src/components/TextField/TextField.tsx","statementMap":{"0":{"start":{"line":20,"column":18},"end":{"line":63,"column":2}},"1":{"start":{"line":29,"column":22},"end":{"line":29,"column":27}},"2":{"start":{"line":30,"column":18},"end":{"line":30,"column":28}},"3":{"start":{"line":31,"column":28},"end":{"line":31,"column":53}},"4":{"start":{"line":32,"column":28},"end":{"line":32,"column":49}},"5":{"start":{"line":33,"column":17},"end":{"line":33,"column":28}},"6":{"start":{"line":35,"column":25},"end":{"line":47,"column":3}},"7":{"start":{"line":37,"column":6},"end":{"line":45,"column":8}},"8":{"start":{"line":49,"column":29},"end":{"line":49,"column":79}},"9":{"start":{"line":50,"column":2},"end":{"line":62,"column":4}},"10":{"start":{"line":54,"column":21},"end":{"line":54,"column":35}},"11":{"start":{"line":55,"column":20},"end":{"line":55,"column":35}},"12":{"start":{"line":65,"column":18},"end":{"line":112,"column":3}},"13":{"start":{"line":65,"column":48},"end":{"line":112,"column":1}}},"fnMap":{"0":{"name":"(anonymous_0)","decl":{"start":{"line":20,"column":62},"end":{"line":20,"column":63}},"loc":{"start":{"line":20,"column":78},"end":{"line":63,"column":1}},"line":20},"1":{"name":"(anonymous_1)","decl":{"start":{"line":36,"column":4},"end":{"line":36,"column":5}},"loc":{"start":{"line":37,"column":6},"end":{"line":45,"column":8}},"line":37},"2":{"name":"(anonymous_2)","decl":{"start":{"line":54,"column":15},"end":{"line":54,"column":16}},"loc":{"start":{"line":54,"column":21},"end":{"line":54,"column":35}},"line":54},"3":{"name":"(anonymous_3)","decl":{"start":{"line":55,"column":14},"end":{"line":55,"column":15}},"loc":{"start":{"line":55,"column":20},"end":{"line":55,"column":35}},"line":55},"4":{"name":"(anonymous_4)","decl":{"start":{"line":65,"column":29},"end":{"line":65,"column":30}},"loc":{"start":{"line":65,"column":48},"end":{"line":112,"column":1}},"line":65}},"branchMap":{"0":{"loc":{"start":{"line":22,"column":4},"end":{"line":22,"column":21}},"type":"default-arg","locations":[{"start":{"line":22,"column":16},"end":{"line":22,"column":21}}],"line":22},"1":{"loc":{"start":{"line":23,"column":4},"end":{"line":23,"column":16}},"type":"default-arg","locations":[{"start":{"line":23,"column":12},"end":{"line":23,"column":16}}],"line":23},"2":{"loc":{"start":{"line":24,"column":4},"end":{"line":24,"column":16}},"type":"default-arg","locations":[{"start":{"line":24,"column":11},"end":{"line":24,"column":16}}],"line":24},"3":{"loc":{"start":{"line":25,"column":4},"end":{"line":25,"column":21}},"type":"default-arg","locations":[{"start":{"line":25,"column":16},"end":{"line":25,"column":21}}],"line":25},"4":{"loc":{"start":{"line":39,"column":8},"end":{"line":39,"column":61}},"type":"binary-expr","locations":[{"start":{"line":39,"column":8},"end":{"line":39,"column":13}},{"start":{"line":39,"column":17},"end":{"line":39,"column":61}}],"line":39},"5":{"loc":{"start":{"line":40,"column":8},"end":{"line":40,"column":61}},"type":"binary-expr","locations":[{"start":{"line":40,"column":8},"end":{"line":40,"column":13}},{"start":{"line":40,"column":17},"end":{"line":40,"column":61}}],"line":40},"6":{"loc":{"start":{"line":41,"column":8},"end":{"line":41,"column":27}},"type":"binary-expr","locations":[{"start":{"line":41,"column":8},"end":{"line":41,"column":12}},{"start":{"line":41,"column":16},"end":{"line":41,"column":27}}],"line":41},"7":{"loc":{"start":{"line":42,"column":8},"end":{"line":42,"column":37}},"type":"binary-expr","locations":[{"start":{"line":42,"column":8},"end":{"line":42,"column":17}},{"start":{"line":42,"column":21},"end":{"line":42,"column":37}}],"line":42},"8":{"loc":{"start":{"line":43,"column":8},"end":{"line":43,"column":52}},"type":"binary-expr","locations":[{"start":{"line":43,"column":8},"end":{"line":43,"column":29}},{"start":{"line":43,"column":33},"end":{"line":43,"column":52}}],"line":43},"9":{"loc":{"start":{"line":49,"column":29},"end":{"line":49,"column":79}},"type":"cond-expr","locations":[{"start":{"line":49,"column":63},"end":{"line":49,"column":70}},{"start":{"line":49,"column":73},"end":{"line":49,"column":79}}],"line":49},"10":{"loc":{"start":{"line":58,"column":8},"end":{"line":58,"column":76}},"type":"cond-expr","locations":[{"start":{"line":58,"column":25},"end":{"line":58,"column":48}},{"start":{"line":58,"column":51},"end":{"line":58,"column":76}}],"line":58},"11":{"loc":{"start":{"line":58,"column":8},"end":{"line":58,"column":22}},"type":"binary-expr","locations":[{"start":{"line":58,"column":8},"end":{"line":58,"column":13}},{"start":{"line":58,"column":17},"end":{"line":58,"column":22}}],"line":58}},"s":{"0":1,"1":1,"2":1,"3":1,"4":1,"5":1,"6":1,"7":1,"8":1,"9":1,"10":0,"11":0,"12":1,"13":1},"f":{"0":1,"1":1,"2":0,"3":0,"4":1},"b":{"0":[1],"1":[1],"2":[1],"3":[1],"4":[1,0],"5":[1,0],"6":[1,0],"7":[1,0],"8":[1,0],"9":[1,0],"10":[0,1],"11":[1,1]},"_coverageSchema":"1a1c01bbd47fc00a2c39e90264f33305004495a9","hash":"eca95ba6507705e996603d95896c2ea0ccca1b51"}
,"/Users/kane/Lab/Eros/src/components/Typography/BodyText.tsx": {"path":"/Users/kane/Lab/Eros/src/components/Typography/BodyText.tsx","statementMap":{"0":{"start":{"line":5,"column":24},"end":{"line":34,"column":1}},"1":{"start":{"line":13,"column":28},"end":{"line":13,"column":38}},"2":{"start":{"line":14,"column":17},"end":{"line":14,"column":28}},"3":{"start":{"line":15,"column":20},"end":{"line":15,"column":59}},"4":{"start":{"line":17,"column":4},"end":{"line":19,"column":44}},"5":{"start":{"line":21,"column":28},"end":{"line":26,"column":3}},"6":{"start":{"line":27,"column":18},"end":{"line":27,"column":34}},"7":{"start":{"line":29,"column":2},"end":{"line":33,"column":4}},"8":{"start":{"line":36,"column":18},"end":{"line":50,"column":3}},"9":{"start":{"line":36,"column":41},"end":{"line":50,"column":1}}},"fnMap":{"0":{"name":"(anonymous_0)","decl":{"start":{"line":5,"column":24},"end":{"line":5,"column":25}},"loc":{"start":{"line":12,"column":6},"end":{"line":34,"column":1}},"line":12},"1":{"name":"(anonymous_1)","decl":{"start":{"line":36,"column":29},"end":{"line":36,"column":30}},"loc":{"start":{"line":36,"column":41},"end":{"line":50,"column":1}},"line":36}},"branchMap":{"0":{"loc":{"start":{"line":6,"column":2},"end":{"line":6,"column":13}},"type":"default-arg","locations":[{"start":{"line":6,"column":9},"end":{"line":6,"column":13}}],"line":6},"1":{"loc":{"start":{"line":7,"column":2},"end":{"line":7,"column":17}},"type":"default-arg","locations":[{"start":{"line":7,"column":13},"end":{"line":7,"column":17}}],"line":7},"2":{"loc":{"start":{"line":8,"column":2},"end":{"line":8,"column":12}},"type":"default-arg","locations":[{"start":{"line":8,"column":10},"end":{"line":8,"column":12}}],"line":8},"3":{"loc":{"start":{"line":9,"column":2},"end":{"line":9,"column":15}},"type":"default-arg","locations":[{"start":{"line":9,"column":11},"end":{"line":9,"column":15}}],"line":9},"4":{"loc":{"start":{"line":10,"column":2},"end":{"line":10,"column":10}},"type":"default-arg","locations":[{"start":{"line":10,"column":9},"end":{"line":10,"column":10}}],"line":10},"5":{"loc":{"start":{"line":15,"column":20},"end":{"line":15,"column":59}},"type":"cond-expr","locations":[{"start":{"line":15,"column":33},"end":{"line":15,"column":44}},{"start":{"line":15,"column":47},"end":{"line":15,"column":59}}],"line":15},"6":{"loc":{"start":{"line":17,"column":4},"end":{"line":19,"column":44}},"type":"cond-expr","locations":[{"start":{"line":18,"column":8},"end":{"line":18,"column":42}},{"start":{"line":19,"column":8},"end":{"line":19,"column":44}}],"line":17},"7":{"loc":{"start":{"line":24,"column":4},"end":{"line":24,"column":27}},"type":"binary-expr","locations":[{"start":{"line":24,"column":4},"end":{"line":24,"column":10}},{"start":{"line":24,"column":14},"end":{"line":24,"column":27}}],"line":24},"8":{"loc":{"start":{"line":27,"column":18},"end":{"line":27,"column":34}},"type":"binary-expr","locations":[{"start":{"line":27,"column":18},"end":{"line":27,"column":22}},{"start":{"line":27,"column":26},"end":{"line":27,"column":34}}],"line":27}},"s":{"0":1,"1":0,"2":0,"3":0,"4":0,"5":0,"6":0,"7":0,"8":1,"9":0},"f":{"0":0,"1":0},"b":{"0":[0],"1":[0],"2":[0],"3":[0],"4":[0],"5":[0,0],"6":[0,0],"7":[0,0],"8":[0,0]},"_coverageSchema":"1a1c01bbd47fc00a2c39e90264f33305004495a9","hash":"5f8425c50907fc62fce67c232e4d59b11008b5aa"}
,"/Users/kane/Lab/Eros/src/components/Typography/ButtonText.tsx": {"path":"/Users/kane/Lab/Eros/src/components/Typography/ButtonText.tsx","statementMap":{"0":{"start":{"line":5,"column":18},"end":{"line":19,"column":3}},"1":{"start":{"line":5,"column":41},"end":{"line":19,"column":1}},"2":{"start":{"line":21,"column":26},"end":{"line":41,"column":1}},"3":{"start":{"line":28,"column":17},"end":{"line":28,"column":28}},"4":{"start":{"line":29,"column":18},"end":{"line":29,"column":34}},"5":{"start":{"line":30,"column":2},"end":{"line":40,"column":4}}},"fnMap":{"0":{"name":"(anonymous_0)","decl":{"start":{"line":5,"column":29},"end":{"line":5,"column":30}},"loc":{"start":{"line":5,"column":41},"end":{"line":19,"column":1}},"line":5},"1":{"name":"(anonymous_1)","decl":{"start":{"line":21,"column":26},"end":{"line":21,"column":27}},"loc":{"start":{"line":27,"column":6},"end":{"line":41,"column":1}},"line":27}},"branchMap":{"0":{"loc":{"start":{"line":22,"column":2},"end":{"line":22,"column":11}},"type":"default-arg","locations":[{"start":{"line":22,"column":9},"end":{"line":22,"column":11}}],"line":22},"1":{"loc":{"start":{"line":23,"column":2},"end":{"line":23,"column":12}},"type":"default-arg","locations":[{"start":{"line":23,"column":10},"end":{"line":23,"column":12}}],"line":23},"2":{"loc":{"start":{"line":29,"column":18},"end":{"line":29,"column":34}},"type":"binary-expr","locations":[{"start":{"line":29,"column":18},"end":{"line":29,"column":26}},{"start":{"line":29,"column":30},"end":{"line":29,"column":34}}],"line":29},"3":{"loc":{"start":{"line":35,"column":8},"end":{"line":35,"column":31}},"type":"binary-expr","locations":[{"start":{"line":35,"column":8},"end":{"line":35,"column":14}},{"start":{"line":35,"column":18},"end":{"line":35,"column":31}}],"line":35},"4":{"loc":{"start":{"line":36,"column":8},"end":{"line":36,"column":33}},"type":"binary-expr","locations":[{"start":{"line":36,"column":8},"end":{"line":36,"column":15}},{"start":{"line":36,"column":19},"end":{"line":36,"column":33}}],"line":36}},"s":{"0":1,"1":0,"2":1,"3":0,"4":0,"5":0},"f":{"0":0,"1":0},"b":{"0":[0],"1":[0],"2":[0,0],"3":[0,0],"4":[0,0]},"_coverageSchema":"1a1c01bbd47fc00a2c39e90264f33305004495a9","hash":"4a1e76c8f12d7a01f6b391c29fe9f2a6c1b41bea"}
,"/Users/kane/Lab/Eros/src/components/Typography/Caption.tsx": {"path":"/Users/kane/Lab/Eros/src/components/Typography/Caption.tsx","statementMap":{"0":{"start":{"line":5,"column":18},"end":{"line":15,"column":3}},"1":{"start":{"line":5,"column":41},"end":{"line":15,"column":1}},"2":{"start":{"line":17,"column":23},"end":{"line":30,"column":1}},"3":{"start":{"line":24,"column":17},"end":{"line":24,"column":28}},"4":{"start":{"line":25,"column":2},"end":{"line":29,"column":4}}},"fnMap":{"0":{"name":"(anonymous_0)","decl":{"start":{"line":5,"column":29},"end":{"line":5,"column":30}},"loc":{"start":{"line":5,"column":41},"end":{"line":15,"column":1}},"line":5},"1":{"name":"(anonymous_1)","decl":{"start":{"line":17,"column":23},"end":{"line":17,"column":24}},"loc":{"start":{"line":23,"column":6},"end":{"line":30,"column":1}},"line":23}},"branchMap":{"0":{"loc":{"start":{"line":18,"column":2},"end":{"line":18,"column":13}},"type":"default-arg","locations":[{"start":{"line":18,"column":9},"end":{"line":18,"column":13}}],"line":18},"1":{"loc":{"start":{"line":19,"column":2},"end":{"line":19,"column":14}},"type":"default-arg","locations":[{"start":{"line":19,"column":10},"end":{"line":19,"column":14}}],"line":19},"2":{"loc":{"start":{"line":26,"column":41},"end":{"line":26,"column":64}},"type":"binary-expr","locations":[{"start":{"line":26,"column":41},"end":{"line":26,"column":47}},{"start":{"line":26,"column":51},"end":{"line":26,"column":64}}],"line":26},"3":{"loc":{"start":{"line":27,"column":7},"end":{"line":27,"column":23}},"type":"binary-expr","locations":[{"start":{"line":27,"column":7},"end":{"line":27,"column":11}},{"start":{"line":27,"column":15},"end":{"line":27,"column":23}}],"line":27}},"s":{"0":1,"1":0,"2":1,"3":0,"4":0},"f":{"0":0,"1":0},"b":{"0":[0],"1":[0],"2":[0,0],"3":[0,0]},"_coverageSchema":"1a1c01bbd47fc00a2c39e90264f33305004495a9","hash":"e2b5f428c5a9ce45e10213c00b9ef9efa5e34de3"}
,"/Users/kane/Lab/Eros/src/components/Typography/Headline.tsx": {"path":"/Users/kane/Lab/Eros/src/components/Typography/Headline.tsx","statementMap":{"0":{"start":{"line":5,"column":24},"end":{"line":19,"column":1}},"1":{"start":{"line":7,"column":20},"end":{"line":7,"column":30}},"2":{"start":{"line":8,"column":19},"end":{"line":8,"column":30}},"3":{"start":{"line":9,"column":25},"end":{"line":9,"column":35}},"4":{"start":{"line":10,"column":22},"end":{"line":10,"column":52}},"5":{"start":{"line":11,"column":4},"end":{"line":11,"column":31}},"6":{"start":{"line":13,"column":4},"end":{"line":17,"column":6}},"7":{"start":{"line":21,"column":18},"end":{"line":25,"column":3}},"8":{"start":{"line":21,"column":41},"end":{"line":25,"column":1}}},"fnMap":{"0":{"name":"(anonymous_0)","decl":{"start":{"line":6,"column":2},"end":{"line":6,"column":3}},"loc":{"start":{"line":6,"column":70},"end":{"line":18,"column":3}},"line":6},"1":{"name":"(anonymous_1)","decl":{"start":{"line":21,"column":29},"end":{"line":21,"column":30}},"loc":{"start":{"line":21,"column":41},"end":{"line":25,"column":1}},"line":21}},"branchMap":{"0":{"loc":{"start":{"line":6,"column":21},"end":{"line":6,"column":33}},"type":"default-arg","locations":[{"start":{"line":6,"column":29},"end":{"line":6,"column":33}}],"line":6},"1":{"loc":{"start":{"line":6,"column":35},"end":{"line":6,"column":48}},"type":"default-arg","locations":[{"start":{"line":6,"column":44},"end":{"line":6,"column":48}}],"line":6},"2":{"loc":{"start":{"line":6,"column":50},"end":{"line":6,"column":58}},"type":"default-arg","locations":[{"start":{"line":6,"column":57},"end":{"line":6,"column":58}}],"line":6},"3":{"loc":{"start":{"line":14,"column":48},"end":{"line":14,"column":71}},"type":"binary-expr","locations":[{"start":{"line":14,"column":48},"end":{"line":14,"column":54}},{"start":{"line":14,"column":58},"end":{"line":14,"column":71}}],"line":14},"4":{"loc":{"start":{"line":15,"column":9},"end":{"line":15,"column":25}},"type":"binary-expr","locations":[{"start":{"line":15,"column":9},"end":{"line":15,"column":13}},{"start":{"line":15,"column":17},"end":{"line":15,"column":25}}],"line":15}},"s":{"0":1,"1":0,"2":0,"3":0,"4":0,"5":0,"6":0,"7":1,"8":0},"f":{"0":0,"1":0},"b":{"0":[0],"1":[0],"2":[0],"3":[0,0],"4":[0,0]},"_coverageSchema":"1a1c01bbd47fc00a2c39e90264f33305004495a9","hash":"009c0bbd814c16114f767c885dd7e14f2ce1ef2b"}
,"/Users/kane/Lab/Eros/src/components/Typography/Overline.tsx": {"path":"/Users/kane/Lab/Eros/src/components/Typography/Overline.tsx","statementMap":{"0":{"start":{"line":5,"column":18},"end":{"line":16,"column":3}},"1":{"start":{"line":5,"column":41},"end":{"line":16,"column":1}},"2":{"start":{"line":18,"column":24},"end":{"line":26,"column":1}},"3":{"start":{"line":19,"column":18},"end":{"line":19,"column":50}},"4":{"start":{"line":20,"column":17},"end":{"line":20,"column":28}},"5":{"start":{"line":21,"column":2},"end":{"line":25,"column":4}}},"fnMap":{"0":{"name":"(anonymous_0)","decl":{"start":{"line":5,"column":29},"end":{"line":5,"column":30}},"loc":{"start":{"line":5,"column":41},"end":{"line":16,"column":1}},"line":5},"1":{"name":"(anonymous_1)","decl":{"start":{"line":18,"column":24},"end":{"line":18,"column":25}},"loc":{"start":{"line":18,"column":75},"end":{"line":26,"column":1}},"line":18}},"branchMap":{"0":{"loc":{"start":{"line":18,"column":27},"end":{"line":18,"column":38}},"type":"default-arg","locations":[{"start":{"line":18,"column":34},"end":{"line":18,"column":38}}],"line":18},"1":{"loc":{"start":{"line":18,"column":40},"end":{"line":18,"column":50}},"type":"default-arg","locations":[{"start":{"line":18,"column":48},"end":{"line":18,"column":50}}],"line":18},"2":{"loc":{"start":{"line":19,"column":19},"end":{"line":19,"column":35}},"type":"binary-expr","locations":[{"start":{"line":19,"column":19},"end":{"line":19,"column":23}},{"start":{"line":19,"column":27},"end":{"line":19,"column":35}}],"line":19},"3":{"loc":{"start":{"line":22,"column":42},"end":{"line":22,"column":65}},"type":"binary-expr","locations":[{"start":{"line":22,"column":42},"end":{"line":22,"column":48}},{"start":{"line":22,"column":52},"end":{"line":22,"column":65}}],"line":22}},"s":{"0":1,"1":0,"2":1,"3":0,"4":0,"5":0},"f":{"0":0,"1":0},"b":{"0":[0],"1":[0],"2":[0,0],"3":[0,0]},"_coverageSchema":"1a1c01bbd47fc00a2c39e90264f33305004495a9","hash":"031d095dd8c8e586ac9e7562638b958062851824"}
,"/Users/kane/Lab/Eros/src/components/Typography/Subtitle.tsx": {"path":"/Users/kane/Lab/Eros/src/components/Typography/Subtitle.tsx","statementMap":{"0":{"start":{"line":5,"column":24},"end":{"line":22,"column":1}},"1":{"start":{"line":13,"column":17},"end":{"line":13,"column":28}},"2":{"start":{"line":14,"column":20},"end":{"line":14,"column":68}},"3":{"start":{"line":16,"column":28},"end":{"line":16,"column":71}},"4":{"start":{"line":17,"column":2},"end":{"line":21,"column":4}},"5":{"start":{"line":24,"column":18},"end":{"line":40,"column":3}},"6":{"start":{"line":24,"column":41},"end":{"line":40,"column":1}}},"fnMap":{"0":{"name":"(anonymous_0)","decl":{"start":{"line":5,"column":24},"end":{"line":5,"column":25}},"loc":{"start":{"line":12,"column":6},"end":{"line":22,"column":1}},"line":12},"1":{"name":"(anonymous_1)","decl":{"start":{"line":24,"column":29},"end":{"line":24,"column":30}},"loc":{"start":{"line":24,"column":41},"end":{"line":40,"column":1}},"line":24}},"branchMap":{"0":{"loc":{"start":{"line":6,"column":2},"end":{"line":6,"column":13}},"type":"default-arg","locations":[{"start":{"line":6,"column":9},"end":{"line":6,"column":13}}],"line":6},"1":{"loc":{"start":{"line":7,"column":2},"end":{"line":7,"column":17}},"type":"default-arg","locations":[{"start":{"line":7,"column":13},"end":{"line":7,"column":17}}],"line":7},"2":{"loc":{"start":{"line":8,"column":2},"end":{"line":8,"column":12}},"type":"default-arg","locations":[{"start":{"line":8,"column":10},"end":{"line":8,"column":12}}],"line":8},"3":{"loc":{"start":{"line":9,"column":2},"end":{"line":9,"column":15}},"type":"default-arg","locations":[{"start":{"line":9,"column":11},"end":{"line":9,"column":15}}],"line":9},"4":{"loc":{"start":{"line":10,"column":2},"end":{"line":10,"column":10}},"type":"default-arg","locations":[{"start":{"line":10,"column":9},"end":{"line":10,"column":10}}],"line":10},"5":{"loc":{"start":{"line":14,"column":20},"end":{"line":14,"column":68}},"type":"cond-expr","locations":[{"start":{"line":14,"column":33},"end":{"line":14,"column":49}},{"start":{"line":14,"column":52},"end":{"line":14,"column":68}}],"line":14},"6":{"loc":{"start":{"line":16,"column":47},"end":{"line":16,"column":70}},"type":"binary-expr","locations":[{"start":{"line":16,"column":47},"end":{"line":16,"column":53}},{"start":{"line":16,"column":57},"end":{"line":16,"column":70}}],"line":16},"7":{"loc":{"start":{"line":19,"column":7},"end":{"line":19,"column":23}},"type":"binary-expr","locations":[{"start":{"line":19,"column":7},"end":{"line":19,"column":11}},{"start":{"line":19,"column":15},"end":{"line":19,"column":23}}],"line":19}},"s":{"0":1,"1":0,"2":0,"3":0,"4":0,"5":1,"6":0},"f":{"0":0,"1":0},"b":{"0":[0],"1":[0],"2":[0],"3":[0],"4":[0],"5":[0,0],"6":[0,0],"7":[0,0]},"_coverageSchema":"1a1c01bbd47fc00a2c39e90264f33305004495a9","hash":"c7fba88ef78a77db0114599319a303a1052b35fb"}
,"/Users/kane/Lab/Eros/src/components/Typography/Title.tsx": {"path":"/Users/kane/Lab/Eros/src/components/Typography/Title.tsx","statementMap":{"0":{"start":{"line":5,"column":21},"end":{"line":18,"column":1}},"1":{"start":{"line":7,"column":20},"end":{"line":7,"column":30}},"2":{"start":{"line":8,"column":19},"end":{"line":8,"column":30}},"3":{"start":{"line":9,"column":22},"end":{"line":9,"column":32}},"4":{"start":{"line":10,"column":22},"end":{"line":10,"column":49}},"5":{"start":{"line":12,"column":4},"end":{"line":16,"column":6}},"6":{"start":{"line":20,"column":18},"end":{"line":24,"column":3}},"7":{"start":{"line":20,"column":41},"end":{"line":24,"column":1}}},"fnMap":{"0":{"name":"(anonymous_0)","decl":{"start":{"line":6,"column":2},"end":{"line":6,"column":3}},"loc":{"start":{"line":6,"column":70},"end":{"line":17,"column":3}},"line":6},"1":{"name":"(anonymous_1)","decl":{"start":{"line":20,"column":29},"end":{"line":20,"column":30}},"loc":{"start":{"line":20,"column":41},"end":{"line":24,"column":1}},"line":20}},"branchMap":{"0":{"loc":{"start":{"line":6,"column":21},"end":{"line":6,"column":33}},"type":"default-arg","locations":[{"start":{"line":6,"column":29},"end":{"line":6,"column":33}}],"line":6},"1":{"loc":{"start":{"line":6,"column":35},"end":{"line":6,"column":48}},"type":"default-arg","locations":[{"start":{"line":6,"column":44},"end":{"line":6,"column":48}}],"line":6},"2":{"loc":{"start":{"line":6,"column":50},"end":{"line":6,"column":58}},"type":"default-arg","locations":[{"start":{"line":6,"column":57},"end":{"line":6,"column":58}}],"line":6},"3":{"loc":{"start":{"line":13,"column":48},"end":{"line":13,"column":71}},"type":"binary-expr","locations":[{"start":{"line":13,"column":48},"end":{"line":13,"column":54}},{"start":{"line":13,"column":58},"end":{"line":13,"column":71}}],"line":13},"4":{"loc":{"start":{"line":14,"column":9},"end":{"line":14,"column":25}},"type":"binary-expr","locations":[{"start":{"line":14,"column":9},"end":{"line":14,"column":13}},{"start":{"line":14,"column":17},"end":{"line":14,"column":25}}],"line":14}},"s":{"0":1,"1":0,"2":0,"3":0,"4":0,"5":0,"6":1,"7":0},"f":{"0":0,"1":0},"b":{"0":[0],"1":[0],"2":[0],"3":[0,0],"4":[0,0]},"_coverageSchema":"1a1c01bbd47fc00a2c39e90264f33305004495a9","hash":"797cad96d39f91e062ff7681ccc58cb2eac3f718"}
,"/Users/kane/Lab/Eros/src/components/Typography/Typography.tsx": {"path":"/Users/kane/Lab/Eros/src/components/Typography/Typography.tsx","statementMap":{"0":{"start":{"line":35,"column":19},"end":{"line":57,"column":1}},"1":{"start":{"line":43,"column":6},"end":{"line":43,"column":11}},"2":{"start":{"line":44,"column":18},"end":{"line":44,"column":28}},"3":{"start":{"line":45,"column":29},"end":{"line":50,"column":33}},"4":{"start":{"line":46,"column":26},"end":{"line":46,"column":48}},"5":{"start":{"line":47,"column":25},"end":{"line":47,"column":58}},"6":{"start":{"line":49,"column":4},"end":{"line":49,"column":68}},"7":{"start":{"line":52,"column":2},"end":{"line":56,"column":4}}},"fnMap":{"0":{"name":"(anonymous_0)","decl":{"start":{"line":35,"column":19},"end":{"line":35,"column":20}},"loc":{"start":{"line":35,"column":47},"end":{"line":57,"column":1}},"line":35},"1":{"name":"(anonymous_1)","decl":{"start":{"line":45,"column":43},"end":{"line":45,"column":44}},"loc":{"start":{"line":45,"column":49},"end":{"line":50,"column":3}},"line":45}},"branchMap":{"0":{"loc":{"start":{"line":40,"column":4},"end":{"line":40,"column":18}},"type":"default-arg","locations":[{"start":{"line":40,"column":13},"end":{"line":40,"column":18}}],"line":40},"1":{"loc":{"start":{"line":41,"column":4},"end":{"line":41,"column":32}},"type":"default-arg","locations":[{"start":{"line":41,"column":11},"end":{"line":41,"column":32}}],"line":41},"2":{"loc":{"start":{"line":47,"column":41},"end":{"line":47,"column":56}},"type":"cond-expr","locations":[{"start":{"line":47,"column":50},"end":{"line":47,"column":52}},{"start":{"line":47,"column":55},"end":{"line":47,"column":56}}],"line":47},"3":{"loc":{"start":{"line":54,"column":7},"end":{"line":54,"column":36}},"type":"binary-expr","locations":[{"start":{"line":54,"column":7},"end":{"line":54,"column":11}},{"start":{"line":54,"column":15},"end":{"line":54,"column":23}},{"start":{"line":54,"column":27},"end":{"line":54,"column":36}}],"line":54}},"s":{"0":1,"1":1,"2":1,"3":1,"4":1,"5":1,"6":1,"7":1},"f":{"0":1,"1":1},"b":{"0":[1],"1":[0],"2":[0,1],"3":[1,1,0]},"_coverageSchema":"1a1c01bbd47fc00a2c39e90264f33305004495a9","hash":"d14aa9602ff6aa0aa4c484b68115bf4b2fdd088a"}
,"/Users/kane/Lab/Eros/src/components/Typography/index.ts": {"path":"/Users/kane/Lab/Eros/src/components/Typography/index.ts","statementMap":{},"fnMap":{},"branchMap":{},"s":{},"f":{},"b":{},"_coverageSchema":"1a1c01bbd47fc00a2c39e90264f33305004495a9","hash":"d59277a5ccbc9d398918d2fe22c77f862db6fdbb"}
,"/Users/kane/Lab/Eros/src/components/Utils/Hoverable/Hoverable.js": {"path":"/Users/kane/Lab/Eros/src/components/Utils/Hoverable/Hoverable.js","statementMap":{"0":{"start":{"line":11,"column":23},"end":{"line":11,"column":34}},"1":{"start":{"line":13,"column":21},"end":{"line":18,"column":3}},"2":{"start":{"line":20,"column":10},"end":{"line":22,"column":3}},"3":{"start":{"line":24,"column":22},"end":{"line":32,"column":3}},"4":{"start":{"line":25,"column":4},"end":{"line":31,"column":5}},"5":{"start":{"line":26,"column":28},"end":{"line":26,"column":38}},"6":{"start":{"line":27,"column":6},"end":{"line":29,"column":7}},"7":{"start":{"line":28,"column":8},"end":{"line":28,"column":20}},"8":{"start":{"line":30,"column":6},"end":{"line":30,"column":49}},"9":{"start":{"line":30,"column":27},"end":{"line":30,"column":46}},"10":{"start":{"line":34,"column":22},"end":{"line":42,"column":3}},"11":{"start":{"line":35,"column":4},"end":{"line":41,"column":5}},"12":{"start":{"line":36,"column":29},"end":{"line":36,"column":39}},"13":{"start":{"line":37,"column":6},"end":{"line":39,"column":7}},"14":{"start":{"line":38,"column":8},"end":{"line":38,"column":21}},"15":{"start":{"line":40,"column":6},"end":{"line":40,"column":50}},"16":{"start":{"line":40,"column":27},"end":{"line":40,"column":47}},"17":{"start":{"line":44,"column":12},"end":{"line":50,"column":3}},"18":{"start":{"line":45,"column":4},"end":{"line":49,"column":5}},"19":{"start":{"line":46,"column":6},"end":{"line":46,"column":31}},"20":{"start":{"line":48,"column":6},"end":{"line":48,"column":31}},"21":{"start":{"line":53,"column":33},"end":{"line":53,"column":43}},"22":{"start":{"line":56,"column":6},"end":{"line":58,"column":18}},"23":{"start":{"line":60,"column":4},"end":{"line":65,"column":5}},"24":{"start":{"line":61,"column":6},"end":{"line":64,"column":9}},"25":{"start":{"line":66,"column":4},"end":{"line":75,"column":6}}},"fnMap":{"0":{"name":"(anonymous_0)","decl":{"start":{"line":24,"column":22},"end":{"line":24,"column":23}},"loc":{"start":{"line":24,"column":28},"end":{"line":32,"column":3}},"line":24},"1":{"name":"(anonymous_1)","decl":{"start":{"line":30,"column":20},"end":{"line":30,"column":21}},"loc":{"start":{"line":30,"column":27},"end":{"line":30,"column":46}},"line":30},"2":{"name":"(anonymous_2)","decl":{"start":{"line":34,"column":22},"end":{"line":34,"column":23}},"loc":{"start":{"line":34,"column":28},"end":{"line":42,"column":3}},"line":34},"3":{"name":"(anonymous_3)","decl":{"start":{"line":40,"column":20},"end":{"line":40,"column":21}},"loc":{"start":{"line":40,"column":27},"end":{"line":40,"column":47}},"line":40},"4":{"name":"(anonymous_4)","decl":{"start":{"line":44,"column":12},"end":{"line":44,"column":13}},"loc":{"start":{"line":44,"column":18},"end":{"line":50,"column":3}},"line":44},"5":{"name":"(anonymous_5)","decl":{"start":{"line":52,"column":2},"end":{"line":52,"column":3}},"loc":{"start":{"line":52,"column":11},"end":{"line":76,"column":3}},"line":52}},"branchMap":{"0":{"loc":{"start":{"line":25,"column":4},"end":{"line":31,"column":5}},"type":"if","locations":[{"start":{"line":25,"column":4},"end":{"line":31,"column":5}},{"start":{"line":25,"column":4},"end":{"line":31,"column":5}}],"line":25},"1":{"loc":{"start":{"line":27,"column":6},"end":{"line":29,"column":7}},"type":"if","locations":[{"start":{"line":27,"column":6},"end":{"line":29,"column":7}},{"start":{"line":27,"column":6},"end":{"line":29,"column":7}}],"line":27},"2":{"loc":{"start":{"line":35,"column":4},"end":{"line":41,"column":5}},"type":"if","locations":[{"start":{"line":35,"column":4},"end":{"line":41,"column":5}},{"start":{"line":35,"column":4},"end":{"line":41,"column":5}}],"line":35},"3":{"loc":{"start":{"line":37,"column":6},"end":{"line":39,"column":7}},"type":"if","locations":[{"start":{"line":37,"column":6},"end":{"line":39,"column":7}},{"start":{"line":37,"column":6},"end":{"line":39,"column":7}}],"line":37},"4":{"loc":{"start":{"line":45,"column":4},"end":{"line":49,"column":5}},"type":"if","locations":[{"start":{"line":45,"column":4},"end":{"line":49,"column":5}},{"start":{"line":45,"column":4},"end":{"line":49,"column":5}}],"line":45},"5":{"loc":{"start":{"line":56,"column":6},"end":{"line":58,"column":18}},"type":"cond-expr","locations":[{"start":{"line":57,"column":10},"end":{"line":57,"column":40}},{"start":{"line":58,"column":10},"end":{"line":58,"column":18}}],"line":56},"6":{"loc":{"start":{"line":60,"column":4},"end":{"line":65,"column":5}},"type":"if","locations":[{"start":{"line":60,"column":4},"end":{"line":65,"column":5}},{"start":{"line":60,"column":4},"end":{"line":65,"column":5}}],"line":60}},"s":{"0":2,"1":2,"2":2,"3":2,"4":0,"5":0,"6":0,"7":0,"8":0,"9":0,"10":2,"11":0,"12":0,"13":0,"14":0,"15":0,"16":0,"17":2,"18":0,"19":0,"20":0,"21":2,"22":2,"23":2,"24":0,"25":2},"f":{"0":0,"1":0,"2":0,"3":0,"4":0,"5":2},"b":{"0":[0,0],"1":[0,0],"2":[0,0],"3":[0,0],"4":[0,0],"5":[0,2],"6":[0,2]},"_coverageSchema":"1a1c01bbd47fc00a2c39e90264f33305004495a9","hash":"66e19b718e864a1278f44ea353dd19c6c13aa30f"}
,"/Users/kane/Lab/Eros/src/theme/ThemeProvider.tsx": {"path":"/Users/kane/Lab/Eros/src/theme/ThemeProvider.tsx","statementMap":{"0":{"start":{"line":8,"column":28},"end":{"line":8,"column":65}},"1":{"start":{"line":9,"column":41},"end":{"line":9,"column":67}},"2":{"start":{"line":9,"column":62},"end":{"line":9,"column":66}},"3":{"start":{"line":10,"column":28},"end":{"line":10,"column":63}},"4":{"start":{"line":29,"column":29},"end":{"line":68,"column":1}},"5":{"start":{"line":30,"column":38},"end":{"line":30,"column":43}},"6":{"start":{"line":31,"column":2},"end":{"line":31,"column":76}},"7":{"start":{"line":31,"column":20},"end":{"line":31,"column":76}},"8":{"start":{"line":32,"column":22},"end":{"line":32,"column":38}},"9":{"start":{"line":33,"column":2},"end":{"line":36,"column":4}},"10":{"start":{"line":38,"column":36},"end":{"line":40,"column":3}},"11":{"start":{"line":42,"column":17},"end":{"line":42,"column":38}},"12":{"start":{"line":44,"column":22},"end":{"line":50,"column":3}},"13":{"start":{"line":46,"column":6},"end":{"line":48,"column":7}},"14":{"start":{"line":47,"column":8},"end":{"line":47,"column":70}},"15":{"start":{"line":52,"column":16},"end":{"line":62,"column":30}},"16":{"start":{"line":53,"column":25},"end":{"line":53,"column":42}},"17":{"start":{"line":56,"column":6},"end":{"line":58,"column":63}},"18":{"start":{"line":61,"column":4},"end":{"line":61,"column":17}},"19":{"start":{"line":64,"column":16},"end":{"line":64,"column":56}},"20":{"start":{"line":65,"column":2},"end":{"line":67,"column":4}}},"fnMap":{"0":{"name":"(anonymous_0)","decl":{"start":{"line":9,"column":56},"end":{"line":9,"column":57}},"loc":{"start":{"line":9,"column":62},"end":{"line":9,"column":66}},"line":9},"1":{"name":"(anonymous_1)","decl":{"start":{"line":29,"column":29},"end":{"line":29,"column":30}},"loc":{"start":{"line":29,"column":60},"end":{"line":68,"column":1}},"line":29},"2":{"name":"(anonymous_2)","decl":{"start":{"line":45,"column":4},"end":{"line":45,"column":5}},"loc":{"start":{"line":46,"column":6},"end":{"line":48,"column":7}},"line":46},"3":{"name":"(anonymous_3)","decl":{"start":{"line":46,"column":19},"end":{"line":46,"column":20}},"loc":{"start":{"line":47,"column":8},"end":{"line":47,"column":70}},"line":47},"4":{"name":"(anonymous_4)","decl":{"start":{"line":52,"column":30},"end":{"line":52,"column":31}},"loc":{"start":{"line":52,"column":36},"end":{"line":62,"column":3}},"line":52}},"branchMap":{"0":{"loc":{"start":{"line":31,"column":2},"end":{"line":31,"column":76}},"type":"if","locations":[{"start":{"line":31,"column":2},"end":{"line":31,"column":76}},{"start":{"line":31,"column":2},"end":{"line":31,"column":76}}],"line":31},"1":{"loc":{"start":{"line":35,"column":29},"end":{"line":35,"column":57}},"type":"binary-expr","locations":[{"start":{"line":35,"column":29},"end":{"line":35,"column":42}},{"start":{"line":35,"column":46},"end":{"line":35,"column":57}}],"line":35},"2":{"loc":{"start":{"line":39,"column":4},"end":{"line":39,"column":42}},"type":"binary-expr","locations":[{"start":{"line":39,"column":4},"end":{"line":39,"column":17}},{"start":{"line":39,"column":21},"end":{"line":39,"column":32}},{"start":{"line":39,"column":36},"end":{"line":39,"column":42}}],"line":39},"3":{"loc":{"start":{"line":47,"column":8},"end":{"line":47,"column":70}},"type":"cond-expr","locations":[{"start":{"line":47,"column":36},"end":{"line":47,"column":51}},{"start":{"line":47,"column":54},"end":{"line":47,"column":70}}],"line":47},"4":{"loc":{"start":{"line":53,"column":25},"end":{"line":53,"column":42}},"type":"binary-expr","locations":[{"start":{"line":53,"column":25},"end":{"line":53,"column":36}},{"start":{"line":53,"column":40},"end":{"line":53,"column":42}}],"line":53},"5":{"loc":{"start":{"line":56,"column":6},"end":{"line":58,"column":63}},"type":"cond-expr","locations":[{"start":{"line":57,"column":10},"end":{"line":57,"column":64}},{"start":{"line":58,"column":10},"end":{"line":58,"column":63}}],"line":56}},"s":{"0":2,"1":2,"2":0,"3":2,"4":2,"5":2,"6":2,"7":2,"8":2,"9":2,"10":2,"11":2,"12":2,"13":0,"14":0,"15":2,"16":2,"17":2,"18":2,"19":2,"20":2},"f":{"0":0,"1":2,"2":0,"3":0,"4":2},"b":{"0":[2,0],"1":[2,2],"2":[2,2,0],"3":[0,0],"4":[2,2],"5":[2,0]},"_coverageSchema":"1a1c01bbd47fc00a2c39e90264f33305004495a9","hash":"4d049d6182932009e57a800daf44da1888725f17"}
,"/Users/kane/Lab/Eros/src/theme/Typography.ts": {"path":"/Users/kane/Lab/Eros/src/theme/Typography.ts","statementMap":{"0":{"start":{"line":21,"column":36},"end":{"line":28,"column":1}},"1":{"start":{"line":30,"column":25},"end":{"line":30,"column":34}},"2":{"start":{"line":72,"column":26},"end":{"line":163,"column":1}}},"fnMap":{},"branchMap":{},"s":{"0":2,"1":2,"2":2},"f":{},"b":{},"_coverageSchema":"1a1c01bbd47fc00a2c39e90264f33305004495a9","hash":"48ccf8bdea9ee8174073318345fb3ce1224b2aca"}
,"/Users/kane/Lab/Eros/src/theme/dark.ts": {"path":"/Users/kane/Lab/Eros/src/theme/dark.ts","statementMap":{"0":{"start":{"line":5,"column":23},"end":{"line":7,"column":1}},"1":{"start":{"line":9,"column":20},"end":{"line":9,"column":26}},"2":{"start":{"line":11,"column":34},"end":{"line":11,"column":52}},"3":{"start":{"line":12,"column":26},"end":{"line":12,"column":44}},"4":{"start":{"line":13,"column":31},"end":{"line":13,"column":49}},"5":{"start":{"line":14,"column":37},"end":{"line":14,"column":58}},"6":{"start":{"line":15,"column":42},"end":{"line":15,"column":63}},"7":{"start":{"line":17,"column":22},"end":{"line":17,"column":41}},"8":{"start":{"line":18,"column":28},"end":{"line":18,"column":49}},"9":{"start":{"line":19,"column":23},"end":{"line":19,"column":29}},"10":{"start":{"line":20,"column":29},"end":{"line":20,"column":41}},"11":{"start":{"line":21,"column":23},"end":{"line":21,"column":42}},"12":{"start":{"line":22,"column":29},"end":{"line":22,"column":50}},"13":{"start":{"line":23,"column":23},"end":{"line":23,"column":42}},"14":{"start":{"line":24,"column":29},"end":{"line":24,"column":50}},"15":{"start":{"line":26,"column":27},"end":{"line":26,"column":50}},"16":{"start":{"line":28,"column":25},"end":{"line":35,"column":1}},"17":{"start":{"line":37,"column":28},"end":{"line":37,"column":49}},"18":{"start":{"line":38,"column":34},"end":{"line":38,"column":58}},"19":{"start":{"line":39,"column":39},"end":{"line":39,"column":63}},"20":{"start":{"line":40,"column":44},"end":{"line":40,"column":67}},"21":{"start":{"line":43,"column":35},"end":{"line":43,"column":56}},"22":{"start":{"line":44,"column":41},"end":{"line":44,"column":67}},"23":{"start":{"line":46,"column":30},"end":{"line":46,"column":50}},"24":{"start":{"line":47,"column":36},"end":{"line":47,"column":59}},"25":{"start":{"line":48,"column":41},"end":{"line":48,"column":64}},"26":{"start":{"line":49,"column":46},"end":{"line":49,"column":68}},"27":{"start":{"line":51,"column":21},"end":{"line":51,"column":30}},"28":{"start":{"line":53,"column":32},"end":{"line":53,"column":44}},"29":{"start":{"line":54,"column":28},"end":{"line":54,"column":29}},"30":{"start":{"line":55,"column":27},"end":{"line":55,"column":28}},"31":{"start":{"line":57,"column":20},"end":{"line":57,"column":21}},"32":{"start":{"line":58,"column":22},"end":{"line":58,"column":24}},"33":{"start":{"line":59,"column":23},"end":{"line":59,"column":25}},"34":{"start":{"line":60,"column":26},"end":{"line":60,"column":28}},"35":{"start":{"line":61,"column":27},"end":{"line":61,"column":29}},"36":{"start":{"line":62,"column":34},"end":{"line":62,"column":37}},"37":{"start":{"line":63,"column":36},"end":{"line":63,"column":38}},"38":{"start":{"line":64,"column":29},"end":{"line":64,"column":31}},"39":{"start":{"line":65,"column":35},"end":{"line":65,"column":37}},"40":{"start":{"line":66,"column":34},"end":{"line":66,"column":37}},"41":{"start":{"line":67,"column":26},"end":{"line":67,"column":29}},"42":{"start":{"line":68,"column":32},"end":{"line":68,"column":35}},"43":{"start":{"line":69,"column":34},"end":{"line":69,"column":74}},"44":{"start":{"line":70,"column":28},"end":{"line":70,"column":31}},"45":{"start":{"line":71,"column":26},"end":{"line":71,"column":29}},"46":{"start":{"line":72,"column":27},"end":{"line":72,"column":30}},"47":{"start":{"line":74,"column":24},"end":{"line":74,"column":55}},"48":{"start":{"line":75,"column":27},"end":{"line":75,"column":58}},"49":{"start":{"line":76,"column":25},"end":{"line":76,"column":44}},"50":{"start":{"line":78,"column":26},"end":{"line":169,"column":1}}},"fnMap":{},"branchMap":{"0":{"loc":{"start":{"line":74,"column":24},"end":{"line":74,"column":55}},"type":"cond-expr","locations":[{"start":{"line":74,"column":48},"end":{"line":74,"column":50}},{"start":{"line":74,"column":53},"end":{"line":74,"column":55}}],"line":74},"1":{"loc":{"start":{"line":75,"column":27},"end":{"line":75,"column":58}},"type":"cond-expr","locations":[{"start":{"line":75,"column":51},"end":{"line":75,"column":53}},{"start":{"line":75,"column":56},"end":{"line":75,"column":58}}],"line":75}},"s":{"0":2,"1":2,"2":2,"3":2,"4":2,"5":2,"6":2,"7":2,"8":2,"9":2,"10":2,"11":2,"12":2,"13":2,"14":2,"15":2,"16":2,"17":2,"18":2,"19":2,"20":2,"21":2,"22":2,"23":2,"24":2,"25":2,"26":2,"27":2,"28":2,"29":2,"30":2,"31":2,"32":2,"33":2,"34":2,"35":2,"36":2,"37":2,"38":2,"39":2,"40":2,"41":2,"42":2,"43":2,"44":2,"45":2,"46":2,"47":2,"48":2,"49":2,"50":2},"f":{},"b":{"0":[0,2],"1":[0,2]},"_coverageSchema":"1a1c01bbd47fc00a2c39e90264f33305004495a9","hash":"85e06c952599a41f7a43a4de53b57d5c8ddc9fd0"}
,"/Users/kane/Lab/Eros/src/theme/index.ts": {"path":"/Users/kane/Lab/Eros/src/theme/index.ts","statementMap":{},"fnMap":{},"branchMap":{},"s":{},"f":{},"b":{},"_coverageSchema":"1a1c01bbd47fc00a2c39e90264f33305004495a9","hash":"b2548eef9abc1615b4fe208c66c04748caf1ab06"}
,"/Users/kane/Lab/Eros/src/theme/light.ts": {"path":"/Users/kane/Lab/Eros/src/theme/light.ts","statementMap":{"0":{"start":{"line":5,"column":20},"end":{"line":5,"column":27}},"1":{"start":{"line":7,"column":26},"end":{"line":7,"column":47}},"2":{"start":{"line":8,"column":34},"end":{"line":8,"column":44}},"3":{"start":{"line":9,"column":31},"end":{"line":9,"column":41}},"4":{"start":{"line":10,"column":37},"end":{"line":10,"column":61}},"5":{"start":{"line":11,"column":42},"end":{"line":11,"column":66}},"6":{"start":{"line":13,"column":22},"end":{"line":13,"column":44}},"7":{"start":{"line":14,"column":28},"end":{"line":14,"column":52}},"8":{"start":{"line":15,"column":23},"end":{"line":15,"column":29}},"9":{"start":{"line":16,"column":29},"end":{"line":16,"column":41}},"10":{"start":{"line":17,"column":23},"end":{"line":17,"column":45}},"11":{"start":{"line":18,"column":29},"end":{"line":18,"column":53}},"12":{"start":{"line":19,"column":23},"end":{"line":19,"column":45}},"13":{"start":{"line":20,"column":29},"end":{"line":20,"column":53}},"14":{"start":{"line":22,"column":27},"end":{"line":22,"column":45}},"15":{"start":{"line":24,"column":20},"end":{"line":24,"column":21}},"16":{"start":{"line":25,"column":22},"end":{"line":25,"column":24}},"17":{"start":{"line":26,"column":23},"end":{"line":26,"column":25}},"18":{"start":{"line":27,"column":26},"end":{"line":27,"column":28}},"19":{"start":{"line":28,"column":27},"end":{"line":28,"column":29}},"20":{"start":{"line":29,"column":34},"end":{"line":29,"column":37}},"21":{"start":{"line":30,"column":36},"end":{"line":30,"column":38}},"22":{"start":{"line":31,"column":29},"end":{"line":31,"column":31}},"23":{"start":{"line":32,"column":35},"end":{"line":32,"column":37}},"24":{"start":{"line":33,"column":34},"end":{"line":33,"column":37}},"25":{"start":{"line":34,"column":26},"end":{"line":34,"column":29}},"26":{"start":{"line":35,"column":32},"end":{"line":35,"column":35}},"27":{"start":{"line":36,"column":34},"end":{"line":36,"column":74}},"28":{"start":{"line":37,"column":28},"end":{"line":37,"column":31}},"29":{"start":{"line":38,"column":26},"end":{"line":38,"column":29}},"30":{"start":{"line":39,"column":27},"end":{"line":39,"column":30}},"31":{"start":{"line":41,"column":25},"end":{"line":48,"column":1}},"32":{"start":{"line":50,"column":28},"end":{"line":50,"column":49}},"33":{"start":{"line":51,"column":34},"end":{"line":51,"column":58}},"34":{"start":{"line":52,"column":39},"end":{"line":52,"column":63}},"35":{"start":{"line":53,"column":44},"end":{"line":53,"column":67}},"36":{"start":{"line":56,"column":35},"end":{"line":56,"column":56}},"37":{"start":{"line":57,"column":41},"end":{"line":57,"column":67}},"38":{"start":{"line":59,"column":30},"end":{"line":59,"column":50}},"39":{"start":{"line":60,"column":36},"end":{"line":60,"column":59}},"40":{"start":{"line":61,"column":41},"end":{"line":61,"column":64}},"41":{"start":{"line":62,"column":46},"end":{"line":62,"column":68}},"42":{"start":{"line":64,"column":21},"end":{"line":64,"column":30}},"43":{"start":{"line":66,"column":24},"end":{"line":66,"column":55}},"44":{"start":{"line":67,"column":27},"end":{"line":67,"column":58}},"45":{"start":{"line":68,"column":25},"end":{"line":68,"column":44}},"46":{"start":{"line":70,"column":32},"end":{"line":70,"column":49}},"47":{"start":{"line":71,"column":28},"end":{"line":71,"column":29}},"48":{"start":{"line":72,"column":27},"end":{"line":72,"column":51}},"49":{"start":{"line":90,"column":26},"end":{"line":181,"column":1}}},"fnMap":{},"branchMap":{"0":{"loc":{"start":{"line":66,"column":24},"end":{"line":66,"column":55}},"type":"cond-expr","locations":[{"start":{"line":66,"column":48},"end":{"line":66,"column":50}},{"start":{"line":66,"column":53},"end":{"line":66,"column":55}}],"line":66},"1":{"loc":{"start":{"line":67,"column":27},"end":{"line":67,"column":58}},"type":"cond-expr","locations":[{"start":{"line":67,"column":51},"end":{"line":67,"column":53}},{"start":{"line":67,"column":56},"end":{"line":67,"column":58}}],"line":67}},"s":{"0":2,"1":2,"2":2,"3":2,"4":2,"5":2,"6":2,"7":2,"8":2,"9":2,"10":2,"11":2,"12":2,"13":2,"14":2,"15":2,"16":2,"17":2,"18":2,"19":2,"20":2,"21":2,"22":2,"23":2,"24":2,"25":2,"26":2,"27":2,"28":2,"29":2,"30":2,"31":2,"32":2,"33":2,"34":2,"35":2,"36":2,"37":2,"38":2,"39":2,"40":2,"41":2,"42":2,"43":2,"44":2,"45":2,"46":2,"47":2,"48":2,"49":2},"f":{},"b":{"0":[0,2],"1":[0,2]},"_coverageSchema":"1a1c01bbd47fc00a2c39e90264f33305004495a9","hash":"5ef87a49975ebaecc50e66b534c613cb22292b19"}
,"/Users/kane/Lab/Eros/src/theme/makeStyles.ts": {"path":"/Users/kane/Lab/Eros/src/theme/makeStyles.ts","statementMap":{"0":{"start":{"line":8,"column":19},"end":{"line":19,"column":1}},"1":{"start":{"line":9,"column":20},"end":{"line":16,"column":3}},"2":{"start":{"line":10,"column":24},"end":{"line":10,"column":34}},"3":{"start":{"line":11,"column":19},"end":{"line":14,"column":5}},"4":{"start":{"line":12,"column":12},"end":{"line":12,"column":30}},"5":{"start":{"line":15,"column":4},"end":{"line":15,"column":18}},"6":{"start":{"line":18,"column":2},"end":{"line":18,"column":46}},"7":{"start":{"line":18,"column":15},"end":{"line":18,"column":45}}},"fnMap":{"0":{"name":"(anonymous_0)","decl":{"start":{"line":8,"column":19},"end":{"line":8,"column":20}},"loc":{"start":{"line":8,"column":47},"end":{"line":19,"column":1}},"line":8},"1":{"name":"(anonymous_1)","decl":{"start":{"line":9,"column":20},"end":{"line":9,"column":21}},"loc":{"start":{"line":9,"column":26},"end":{"line":16,"column":3}},"line":9},"2":{"name":"(anonymous_2)","decl":{"start":{"line":12,"column":6},"end":{"line":12,"column":7}},"loc":{"start":{"line":12,"column":12},"end":{"line":12,"column":30}},"line":12},"3":{"name":"(anonymous_3)","decl":{"start":{"line":18,"column":9},"end":{"line":18,"column":10}},"loc":{"start":{"line":18,"column":15},"end":{"line":18,"column":45}},"line":18}},"branchMap":{},"s":{"0":2,"1":10,"2":3,"3":3,"4":3,"5":3,"6":10,"7":3},"f":{"0":10,"1":3,"2":3,"3":3},"b":{},"_coverageSchema":"1a1c01bbd47fc00a2c39e90264f33305004495a9","hash":"8a656a7f3aceb47941cad11e46e921bfafe75b4d"}
,"/Users/kane/Lab/Eros/src/theme/makeTheme.ts": {"path":"/Users/kane/Lab/Eros/src/theme/makeTheme.ts","statementMap":{"0":{"start":{"line":16,"column":24},"end":{"line":17,"column":42}},"1":{"start":{"line":17,"column":2},"end":{"line":17,"column":42}},"2":{"start":{"line":19,"column":18},"end":{"line":23,"column":1}},"3":{"start":{"line":20,"column":20},"end":{"line":20,"column":69}},"4":{"start":{"line":21,"column":25},"end":{"line":21,"column":62}},"5":{"start":{"line":22,"column":2},"end":{"line":22,"column":24}}},"fnMap":{"0":{"name":"(anonymous_0)","decl":{"start":{"line":16,"column":24},"end":{"line":16,"column":25}},"loc":{"start":{"line":17,"column":2},"end":{"line":17,"column":42}},"line":17},"1":{"name":"(anonymous_1)","decl":{"start":{"line":19,"column":18},"end":{"line":19,"column":19}},"loc":{"start":{"line":19,"column":48},"end":{"line":23,"column":1}},"line":19}},"branchMap":{"0":{"loc":{"start":{"line":17,"column":2},"end":{"line":17,"column":42}},"type":"cond-expr","locations":[{"start":{"line":17,"column":30},"end":{"line":17,"column":35}},{"start":{"line":17,"column":38},"end":{"line":17,"column":42}}],"line":17},"1":{"loc":{"start":{"line":20,"column":36},"end":{"line":20,"column":68}},"type":"binary-expr","locations":[{"start":{"line":20,"column":36},"end":{"line":20,"column":49}},{"start":{"line":20,"column":53},"end":{"line":20,"column":68}}],"line":20}},"s":{"0":2,"1":4,"2":2,"3":4,"4":4,"5":4},"f":{"0":4,"1":4},"b":{"0":[4,0],"1":[4,0]},"_coverageSchema":"1a1c01bbd47fc00a2c39e90264f33305004495a9","hash":"d77582993b5edfe33f5ff493bf3aa8ef40722360"}
,"/Users/kane/Lab/Eros/src/theme/useTheme.ts": {"path":"/Users/kane/Lab/Eros/src/theme/useTheme.ts","statementMap":{"0":{"start":{"line":4,"column":17},"end":{"line":7,"column":1}},"1":{"start":{"line":5,"column":31},"end":{"line":5,"column":75}},"2":{"start":{"line":6,"column":2},"end":{"line":6,"column":50}}},"fnMap":{"0":{"name":"(anonymous_0)","decl":{"start":{"line":4,"column":17},"end":{"line":4,"column":18}},"loc":{"start":{"line":4,"column":41},"end":{"line":7,"column":1}},"line":4}},"branchMap":{},"s":{"0":2,"1":5,"2":5},"f":{"0":5},"b":{},"_coverageSchema":"1a1c01bbd47fc00a2c39e90264f33305004495a9","hash":"369d678f9cba5a5279159b2e91e0f5a93141bb35"}
}
