TN:
SF:src/components/Chip/Chip.js
FN:10,(anonymous_0)
FN:30,(anonymous_1)
FN:64,(anonymous_2)
FN:65,(anonymous_3)
FN:66,(anonymous_4)
FN:67,(anonymous_5)
FNF:6
FNH:0
FNDA:0,(anonymous_0)
FNDA:0,(anonymous_1)
FNDA:0,(anonymous_2)
FNDA:0,(anonymous_3)
FNDA:0,(anonymous_4)
FNDA:0,(anonymous_5)
DA:8,1
DA:10,1
DA:30,1
DA:35,0
DA:36,0
DA:37,0
DA:38,0
DA:40,0
DA:61,0
DA:64,0
DA:65,0
DA:66,0
DA:67,0
LF:13
LH:3
BRDA:31,0,0,0
BRDA:31,1,0,0
BRDA:31,2,0,0
BRDA:31,3,0,0
BRDA:31,4,0,0
BRDA:42,5,0,0
BRDA:42,5,1,0
BRDA:56,6,0,0
BRDA:56,6,1,0
BRDA:57,7,0,0
BRDA:57,7,1,0
BRDA:70,8,0,0
BRDA:70,8,1,0
BRDA:70,8,2,0
BRDA:70,8,3,0
BRF:15
BRH:0
end_of_record
TN:
SF:src/components/Menu/Menu.js
FN:39,(anonymous_0)
FN:47,(anonymous_1)
FN:55,(anonymous_2)
FN:62,(anonymous_3)
FN:78,(anonymous_4)
FN:91,(anonymous_5)
FN:100,(anonymous_6)
FN:106,(anonymous_7)
FN:143,(anonymous_8)
FN:210,(anonymous_9)
FNF:10
FNH:1
FNDA:0,(anonymous_0)
FNDA:0,(anonymous_1)
FNDA:0,(anonymous_2)
FNDA:0,(anonymous_3)
FNDA:0,(anonymous_4)
FNDA:0,(anonymous_5)
FNDA:0,(anonymous_6)
FNDA:0,(anonymous_7)
FNDA:1,(anonymous_8)
FNDA:0,(anonymous_9)
DA:11,1
DA:29,1
DA:40,0
DA:42,0
DA:43,0
DA:48,0
DA:50,0
DA:51,0
DA:55,1
DA:56,0
DA:57,0
DA:62,1
DA:63,0
DA:68,0
DA:69,0
DA:70,0
DA:71,0
DA:78,0
DA:79,0
DA:80,0
DA:81,0
DA:91,1
DA:92,0
DA:94,0
DA:103,0
DA:105,0
DA:106,0
DA:107,0
DA:110,0
DA:112,0
DA:114,0
DA:115,0
DA:116,0
DA:118,0
DA:119,0
DA:120,0
DA:121,0
DA:124,0
DA:154,1
DA:169,1
DA:171,1
DA:178,1
DA:179,0
DA:180,0
DA:182,0
DA:186,1
DA:187,0
DA:188,0
DA:190,0
DA:191,0
DA:192,0
DA:193,0
DA:194,0
DA:195,0
DA:196,0
DA:197,0
DA:201,1
DA:202,0
DA:203,0
DA:206,1
DA:211,0
LF:61
LH:12
BRDA:42,0,0,0
BRDA:42,0,1,0
BRDA:50,1,0,0
BRDA:50,1,1,0
BRDA:68,2,0,0
BRDA:68,2,1,0
BRDA:105,3,0,0
BRDA:105,3,1,0
BRDA:105,4,0,0
BRDA:105,4,1,0
BRDA:112,5,0,0
BRDA:112,5,1,0
BRDA:118,6,0,0
BRDA:118,6,1,0
BRDA:175,7,0,0
BRDA:175,7,1,1
BRDA:178,8,0,0
BRDA:178,8,1,1
BRDA:179,9,0,0
BRDA:179,9,1,0
BRDA:186,10,0,0
BRDA:186,10,1,1
BRDA:190,11,0,0
BRDA:190,11,1,0
BRDA:191,12,0,0
BRDA:191,12,1,0
BRDA:192,13,0,0
BRDA:192,13,1,0
BRDA:193,14,0,0
BRDA:193,14,1,0
BRDA:195,15,0,0
BRDA:195,15,1,0
BRDA:196,16,0,0
BRDA:196,16,1,0
BRDA:201,17,0,0
BRDA:201,17,1,1
BRDA:201,18,0,1
BRDA:201,18,1,1
BRDA:215,19,0,0
BRDA:215,19,1,1
BRDA:233,20,0,0
BRDA:233,20,1,1
BRF:42
BRH:8
end_of_record
TN:
SF:src/components/Menu/Menu.styles.js
FNF:0
FNH:0
DA:4,1
LF:1
LH:1
BRF:0
BRH:0
end_of_record
TN:
SF:src/components/Menu/MenuItem/MenuItem.js
FN:11,(anonymous_0)
FN:18,(anonymous_1)
FN:26,(anonymous_2)
FN:34,(anonymous_3)
FN:44,(anonymous_4)
FN:66,(anonymous_5)
FN:74,(anonymous_6)
FN:75,(anonymous_7)
FNF:8
FNH:3
FNDA:1,(anonymous_0)
FNDA:0,(anonymous_1)
FNDA:0,(anonymous_2)
FNDA:0,(anonymous_3)
FNDA:1,(anonymous_4)
FNDA:1,(anonymous_5)
FNDA:0,(anonymous_6)
FNDA:0,(anonymous_7)
DA:12,1
DA:13,1
DA:19,0
DA:20,0
DA:21,0
DA:23,0
DA:27,0
DA:28,0
DA:35,0
DA:36,0
DA:47,1
DA:48,1
DA:69,1
DA:70,1
DA:72,1
DA:74,0
DA:75,0
DA:91,1
DA:102,1
LF:19
LH:9
BRDA:20,0,0,0
BRDA:20,0,1,0
BRDA:21,1,0,0
BRDA:21,1,1,0
BRDA:50,2,0,1
BRDA:50,2,1,0
BRDA:55,3,0,0
BRDA:55,3,1,1
BRDA:56,4,0,0
BRDA:56,4,1,1
BRDA:82,5,0,0
BRDA:82,5,1,1
BRDA:83,6,0,1
BRDA:83,6,1,1
BRDA:84,7,0,0
BRDA:84,7,1,1
BRF:16
BRH:7
end_of_record
TN:
SF:src/components/Menu/MenuItem/MenuItem.styles.js
FNF:0
FNH:0
DA:1,1
LF:1
LH:1
BRF:0
BRH:0
end_of_record
TN:
SF:src/components/Menu/ModalMenu/ModalMenu.native.styles.js
FNF:0
FNH:0
LF:0
LH:0
BRF:0
BRH:0
end_of_record
TN:
SF:src/components/Menu/ModalMenu/index.native.js
FN:31,(anonymous_0)
FNF:1
FNH:0
FNDA:0,(anonymous_0)
DA:16,1
DA:27,1
DA:40,0
DA:42,0
DA:43,0
DA:45,0
LF:6
LH:2
BRF:0
BRH:0
end_of_record
TN:
SF:src/components/Paper/Paper.tsx
FN:15,(anonymous_0)
FN:40,(anonymous_1)
FNF:2
FNH:0
FNDA:0,(anonymous_0)
FNDA:0,(anonymous_1)
DA:15,1
DA:23,0
DA:24,0
DA:26,0
DA:40,1
LF:5
LH:2
BRDA:19,0,0,0
BRDA:21,1,0,0
BRDA:32,2,0,0
BRDA:32,2,1,0
BRF:4
BRH:0
end_of_record
TN:
SF:src/components/Paper/index.ts
FNF:0
FNH:0
LF:0
LH:0
BRF:0
BRH:0
end_of_record
TN:
SF:src/components/Ripple/Ripple.js
FN:23,(anonymous_0)
FN:46,(anonymous_1)
FN:72,(anonymous_2)
FN:76,(anonymous_3)
FN:80,(anonymous_4)
FN:91,(anonymous_5)
FN:95,(anonymous_6)
FN:99,(anonymous_7)
FN:103,(anonymous_8)
FN:109,(anonymous_9)
FN:125,(anonymous_10)
FN:136,(anonymous_11)
FN:148,(anonymous_12)
FN:155,(anonymous_13)
FN:161,(anonymous_14)
FN:163,(anonymous_15)
FN:169,(anonymous_16)
FN:212,(anonymous_17)
FN:215,(anonymous_18)
FN:248,(anonymous_19)
FNF:20
FNH:3
FNDA:0,(anonymous_0)
FNDA:2,(anonymous_1)
FNDA:2,(anonymous_2)
FNDA:0,(anonymous_3)
FNDA:0,(anonymous_4)
FNDA:0,(anonymous_5)
FNDA:0,(anonymous_6)
FNDA:0,(anonymous_7)
FNDA:0,(anonymous_8)
FNDA:0,(anonymous_9)
FNDA:0,(anonymous_10)
FNDA:0,(anonymous_11)
FNDA:0,(anonymous_12)
FNDA:0,(anonymous_13)
FNDA:0,(anonymous_14)
FNDA:0,(anonymous_15)
FNDA:0,(anonymous_16)
FNDA:0,(anonymous_17)
FNDA:0,(anonymous_18)
FNDA:2,(anonymous_19)
DA:9,2
DA:23,0
DA:27,2
DA:47,2
DA:49,2
DA:50,2
DA:51,2
DA:52,2
DA:53,2
DA:54,2
DA:56,2
DA:58,2
DA:59,2
DA:61,2
DA:62,2
DA:63,2
DA:65,2
DA:73,2
DA:77,0
DA:81,0
DA:82,0
DA:84,0
DA:85,0
DA:88,0
DA:92,0
DA:94,0
DA:95,0
DA:100,0
DA:101,0
DA:102,0
DA:103,0
DA:106,0
DA:110,0
DA:111,0
DA:112,0
DA:114,0
DA:116,0
DA:117,0
DA:118,0
DA:121,0
DA:126,0
DA:128,0
DA:129,0
DA:132,0
DA:133,0
DA:137,0
DA:138,0
DA:139,0
DA:141,0
DA:142,0
DA:145,0
DA:148,2
DA:149,0
DA:150,0
DA:151,0
DA:152,0
DA:156,0
DA:157,0
DA:162,0
DA:163,0
DA:166,0
DA:170,0
DA:173,0
DA:175,0
DA:176,0
DA:178,0
DA:180,0
DA:181,0
DA:182,0
DA:184,0
DA:185,0
DA:186,0
DA:188,0
DA:189,0
DA:191,0
DA:195,0
DA:203,0
DA:210,0
DA:212,0
DA:218,0
DA:219,0
DA:221,0
DA:243,0
DA:249,2
DA:252,2
DA:268,2
DA:270,2
DA:288,2
DA:292,2
LF:89
LH:24
BRDA:61,0,0,2
BRDA:61,0,1,2
BRDA:84,1,0,0
BRDA:84,1,1,0
BRDA:94,2,0,0
BRDA:94,2,1,0
BRDA:101,3,0,0
BRDA:101,3,1,0
BRDA:102,4,0,0
BRDA:102,4,1,0
BRDA:112,5,0,0
BRDA:112,5,1,0
BRDA:116,6,0,0
BRDA:116,6,1,0
BRDA:116,7,0,0
BRDA:116,7,1,0
BRDA:117,8,0,0
BRDA:117,8,1,0
BRDA:128,9,0,0
BRDA:128,9,1,0
BRDA:137,10,0,0
BRDA:137,10,1,0
BRDA:137,11,0,0
BRDA:137,11,1,0
BRDA:141,12,0,0
BRDA:141,12,1,0
BRDA:156,13,0,0
BRDA:156,13,1,0
BRDA:162,14,0,0
BRDA:162,14,1,0
BRDA:180,15,0,0
BRDA:180,15,1,0
BRDA:184,16,0,0
BRDA:184,16,1,0
BRDA:191,17,0,0
BRDA:191,17,1,0
BRDA:235,18,0,0
BRDA:235,18,1,0
BRDA:284,19,0,0
BRDA:284,19,1,2
BRF:40
BRH:3
end_of_record
TN:
SF:src/components/Ripple/Ripple.styles.js
FNF:0
FNH:0
DA:3,2
DA:5,2
LF:2
LH:2
BRF:0
BRH:0
end_of_record
TN:
SF:src/components/Shadow/index.js
FN:231,(anonymous_0)
FNF:1
FNH:1
FNDA:3,(anonymous_0)
DA:3,3
DA:231,3
LF:2
LH:2
BRDA:231,0,0,3
BRDA:231,0,1,0
BRF:2
BRH:1
end_of_record
TN:
SF:src/components/TextField/TextField.tsx
FN:19,(anonymous_0)
FN:47,(anonymous_1)
FN:48,(anonymous_2)
FN:58,(anonymous_3)
FNF:4
FNH:2
FNDA:1,(anonymous_0)
FNDA:0,(anonymous_1)
FNDA:0,(anonymous_2)
FNDA:1,(anonymous_3)
DA:19,1
DA:27,1
DA:28,1
DA:29,1
DA:30,1
DA:31,1
DA:33,1
DA:42,1
DA:43,1
DA:47,0
DA:48,0
DA:58,1
LF:12
LH:10
BRDA:21,0,0,1
BRDA:22,1,0,1
BRDA:23,2,0,1
BRDA:35,3,0,1
BRDA:35,3,1,0
BRDA:36,4,0,1
BRDA:36,4,1,0
BRDA:37,5,0,1
BRDA:37,5,1,0
BRDA:38,6,0,1
BRDA:38,6,1,0
BRDA:42,7,0,1
BRDA:42,7,1,0
BRDA:51,8,0,0
BRDA:51,8,1,1
BRDA:51,9,0,1
BRDA:51,9,1,1
BRF:17
BRH:11
end_of_record
TN:
SF:src/components/Typography/BodyText.js
FN:5,(anonymous_0)
FN:35,(anonymous_1)
FNF:2
FNH:0
FNDA:0,(anonymous_0)
FNDA:0,(anonymous_1)
DA:5,1
DA:13,0
DA:14,0
DA:15,0
DA:16,0
DA:20,0
DA:26,0
DA:28,0
DA:35,1
LF:9
LH:2
BRDA:6,0,0,0
BRDA:7,1,0,0
BRDA:8,2,0,0
BRDA:9,3,0,0
BRDA:10,4,0,0
BRDA:15,5,0,0
BRDA:15,5,1,0
BRDA:16,6,0,0
BRDA:16,6,1,0
BRDA:23,7,0,0
BRDA:23,7,1,0
BRDA:26,8,0,0
BRDA:26,8,1,0
BRF:13
BRH:0
end_of_record
TN:
SF:src/components/Typography/ButtonText.js
FN:5,(anonymous_0)
FN:21,(anonymous_1)
FNF:2
FNH:0
FNDA:0,(anonymous_0)
FNDA:0,(anonymous_1)
DA:5,1
DA:21,1
DA:24,0
DA:25,0
DA:26,0
LF:5
LH:2
BRDA:22,0,0,0
BRDA:22,1,0,0
BRDA:25,2,0,0
BRDA:25,2,1,0
BRDA:27,3,0,0
BRDA:27,3,1,0
BRDA:27,4,0,0
BRDA:27,4,1,0
BRF:8
BRH:0
end_of_record
TN:
SF:src/components/Typography/Caption.js
FN:5,(anonymous_0)
FN:17,(anonymous_1)
FNF:2
FNH:0
FNDA:0,(anonymous_0)
FNDA:0,(anonymous_1)
DA:5,1
DA:17,1
DA:20,0
DA:21,0
LF:4
LH:2
BRDA:18,0,0,0
BRDA:18,1,0,0
BRDA:22,2,0,0
BRDA:22,2,1,0
BRDA:23,3,0,0
BRDA:23,3,1,0
BRF:6
BRH:0
end_of_record
TN:
SF:src/components/Typography/Headline.js
FN:5,(anonymous_0)
FN:27,(anonymous_1)
FNF:2
FNH:0
FNDA:0,(anonymous_0)
FNDA:0,(anonymous_1)
DA:5,1
DA:11,0
DA:12,0
DA:13,0
DA:14,0
DA:15,0
DA:17,0
DA:27,1
LF:8
LH:2
BRDA:7,0,0,0
BRDA:7,1,0,0
BRDA:7,2,0,0
BRDA:20,3,0,0
BRDA:20,3,1,0
BRDA:22,4,0,0
BRDA:22,4,1,0
BRF:7
BRH:0
end_of_record
TN:
SF:src/components/Typography/Overline.js
FN:5,(anonymous_0)
FN:18,(anonymous_1)
FNF:2
FNH:0
FNDA:0,(anonymous_0)
FNDA:0,(anonymous_1)
DA:5,1
DA:18,1
DA:21,0
DA:22,0
DA:23,0
LF:5
LH:2
BRDA:19,0,0,0
BRDA:19,1,0,0
BRDA:21,2,0,0
BRDA:21,2,1,0
BRDA:24,3,0,0
BRDA:24,3,1,0
BRF:6
BRH:0
end_of_record
TN:
SF:src/components/Typography/Subtitle.js
FN:5,(anonymous_0)
FN:20,(anonymous_1)
FNF:2
FNH:0
FNDA:0,(anonymous_0)
FNDA:0,(anonymous_1)
DA:5,1
DA:13,0
DA:14,0
DA:16,0
DA:17,0
DA:20,1
LF:6
LH:2
BRDA:6,0,0,0
BRDA:7,1,0,0
BRDA:8,2,0,0
BRDA:9,3,0,0
BRDA:10,4,0,0
BRDA:14,5,0,0
BRDA:14,5,1,0
BRDA:16,6,0,0
BRDA:16,6,1,0
BRDA:17,7,0,0
BRDA:17,7,1,0
BRF:11
BRH:0
end_of_record
TN:
SF:src/components/Typography/Title.js
FN:5,(anonymous_0)
FN:26,(anonymous_1)
FNF:2
FNH:0
FNDA:0,(anonymous_0)
FNDA:0,(anonymous_1)
DA:5,1
DA:11,0
DA:12,0
DA:13,0
DA:14,0
DA:16,0
DA:26,1
LF:7
LH:2
BRDA:7,0,0,0
BRDA:7,1,0,0
BRDA:7,2,0,0
BRDA:19,3,0,0
BRDA:19,3,1,0
BRDA:21,4,0,0
BRDA:21,4,1,0
BRF:7
BRH:0
end_of_record
TN:
SF:src/components/Typography/Typography.js
FN:5,(anonymous_0)
FN:15,(anonymous_1)
FNF:2
FNH:0
FNDA:0,(anonymous_0)
FNDA:0,(anonymous_1)
DA:5,1
DA:13,0
DA:15,0
DA:19,0
DA:20,0
DA:21,0
DA:23,0
LF:7
LH:1
BRDA:6,0,0,0
BRDA:7,1,0,0
BRDA:8,2,0,0
BRDA:9,3,0,0
BRDA:10,4,0,0
BRDA:19,5,0,0
BRDA:19,5,1,0
BRDA:21,6,0,0
BRDA:21,6,1,0
BRF:9
BRH:0
end_of_record
TN:
SF:src/components/Typography/index.js
FNF:0
FNH:0
LF:0
LH:0
BRF:0
BRH:0
end_of_record
TN:
SF:src/components/Utils/Hoverable/Hoverable.js
FN:21,(anonymous_0)
FN:27,(anonymous_1)
FN:31,(anonymous_2)
FN:37,(anonymous_3)
FN:41,(anonymous_4)
FN:49,(anonymous_5)
FNF:6
FNH:1
FNDA:0,(anonymous_0)
FNDA:0,(anonymous_1)
FNDA:0,(anonymous_2)
FNDA:0,(anonymous_3)
FNDA:0,(anonymous_4)
FNDA:2,(anonymous_5)
DA:8,2
DA:10,2
DA:17,2
DA:21,2
DA:22,0
DA:23,0
DA:24,0
DA:25,0
DA:27,0
DA:31,2
DA:32,0
DA:33,0
DA:34,0
DA:35,0
DA:37,0
DA:41,2
DA:42,0
DA:43,0
DA:45,0
DA:50,2
DA:52,2
DA:54,2
DA:55,0
DA:60,2
LF:24
LH:10
BRDA:22,0,0,0
BRDA:22,0,1,0
BRDA:24,1,0,0
BRDA:24,1,1,0
BRDA:32,2,0,0
BRDA:32,2,1,0
BRDA:34,3,0,0
BRDA:34,3,1,0
BRDA:42,4,0,0
BRDA:42,4,1,0
BRDA:52,5,0,0
BRDA:52,5,1,2
BRDA:54,6,0,0
BRDA:54,6,1,2
BRF:14
BRH:2
end_of_record
TN:
SF:src/theme/ThemeProvider.tsx
FN:9,(anonymous_0)
FN:29,(anonymous_1)
FN:42,(anonymous_2)
FN:43,(anonymous_3)
FN:49,(anonymous_4)
FNF:5
FNH:2
FNDA:0,(anonymous_0)
FNDA:2,(anonymous_1)
FNDA:0,(anonymous_2)
FNDA:0,(anonymous_3)
FNDA:2,(anonymous_4)
DA:8,2
DA:9,2
DA:10,2
DA:29,2
DA:30,2
DA:31,2
DA:32,2
DA:37,2
DA:41,2
DA:43,0
DA:44,0
DA:49,2
DA:51,2
DA:54,2
DA:57,2
DA:58,2
LF:16
LH:14
BRDA:30,0,0,2
BRDA:34,1,0,2
BRDA:34,1,1,2
BRDA:38,2,0,2
BRDA:38,2,1,2
BRDA:44,3,0,0
BRDA:44,3,1,0
BRDA:51,4,0,2
BRDA:51,4,1,0
BRF:9
BRH:6
end_of_record
TN:
SF:src/theme/dark.js
FNF:0
FNH:0
DA:5,2
DA:9,2
DA:11,2
DA:12,2
DA:13,2
DA:14,2
DA:15,2
DA:17,2
DA:18,2
DA:19,2
DA:20,2
DA:21,2
DA:22,2
DA:23,2
DA:24,2
DA:26,2
DA:28,2
DA:37,2
DA:38,2
DA:39,2
DA:40,2
DA:43,2
DA:44,2
DA:46,2
DA:47,2
DA:48,2
DA:49,2
DA:51,2
DA:53,2
DA:54,2
DA:55,2
DA:57,2
DA:58,2
DA:59,2
DA:60,2
DA:61,2
DA:62,2
DA:63,2
DA:64,2
DA:65,2
DA:66,2
DA:67,2
DA:68,2
DA:69,2
DA:70,2
DA:71,2
DA:72,2
DA:74,2
DA:75,2
DA:76,2
DA:78,2
LF:51
LH:51
BRDA:74,0,0,0
BRDA:74,0,1,2
BRDA:75,1,0,0
BRDA:75,1,1,2
BRF:4
BRH:2
end_of_record
TN:
SF:src/theme/index.ts
FNF:0
FNH:0
LF:0
LH:0
BRF:0
BRH:0
end_of_record
TN:
SF:src/theme/light.ts
FNF:0
FNH:0
DA:5,2
DA:7,2
DA:8,2
DA:9,2
DA:10,2
DA:11,2
DA:13,2
DA:14,2
DA:15,2
DA:16,2
DA:17,2
DA:18,2
DA:19,2
DA:20,2
DA:22,2
DA:25,2
DA:26,2
DA:27,2
DA:28,2
DA:29,2
DA:30,2
DA:31,2
DA:32,2
DA:33,2
DA:34,2
DA:35,2
DA:36,2
DA:37,2
DA:38,2
DA:39,2
DA:40,2
DA:42,2
DA:51,2
DA:52,2
DA:53,2
DA:54,2
DA:57,2
DA:58,2
DA:60,2
DA:61,2
DA:62,2
DA:63,2
DA:65,2
DA:68,2
DA:69,2
DA:70,2
DA:72,2
DA:73,2
DA:74,2
DA:92,2
LF:50
LH:50
BRDA:68,0,0,0
BRDA:68,0,1,2
BRDA:69,1,0,0
BRDA:69,1,1,2
BRF:4
BRH:2
end_of_record
TN:
SF:src/theme/makeStyles.ts
FN:8,(anonymous_0)
FN:9,(anonymous_1)
FN:11,(anonymous_2)
FNF:3
FNH:3
FNDA:10,(anonymous_0)
FNDA:1,(anonymous_1)
FNDA:1,(anonymous_2)
DA:8,2
DA:9,10
DA:10,1
DA:11,1
DA:14,1
DA:17,10
LF:6
LH:6
BRF:0
BRH:0
end_of_record
TN:
SF:src/theme/makeTheme.ts
FN:16,(anonymous_0)
FN:19,(anonymous_1)
FNF:2
FNH:2
FNDA:4,(anonymous_0)
FNDA:4,(anonymous_1)
DA:16,2
DA:17,4
DA:19,2
DA:20,4
DA:21,4
DA:22,4
LF:6
LH:6
BRDA:17,0,0,4
BRDA:17,0,1,0
BRDA:20,1,0,4
BRDA:20,1,1,0
BRF:4
BRH:2
end_of_record
TN:
SF:src/theme/useTheme.ts
FN:4,(anonymous_0)
FNF:1
FNH:1
FNDA:2,(anonymous_0)
DA:4,2
DA:5,2
DA:6,2
LF:3
LH:3
BRF:0
BRH:0
end_of_record
