TN:
SF:src/components/Chip/Chip.tsx
FN:20,(anonymous_0)
FN:35,(anonymous_1)
FN:52,(anonymous_2)
FN:53,(anonymous_3)
FN:54,(anonymous_4)
FN:55,(anonymous_5)
FN:64,(anonymous_6)
FNF:7
FNH:3
FNDA:1,(anonymous_0)
FNDA:1,(anonymous_1)
FNDA:0,(anonymous_2)
FNDA:0,(anonymous_3)
FNDA:0,(anonymous_4)
FNDA:0,(anonymous_5)
FNDA:1,(anonymous_6)
DA:9,1
DA:20,1
DA:29,1
DA:30,1
DA:31,1
DA:32,1
DA:34,1
DA:36,1
DA:49,1
DA:52,0
DA:53,0
DA:54,0
DA:55,0
DA:64,1
LF:14
LH:10
BRDA:23,0,0,1
BRDA:38,1,0,1
BRDA:38,1,1,0
BRDA:39,2,0,1
BRDA:39,2,1,0
BRDA:40,3,0,1
BRDA:40,3,1,0
BRDA:41,4,0,1
BRDA:41,4,1,0
BRDA:42,5,0,1
BRDA:42,5,1,0
BRDA:43,6,0,1
BRDA:43,6,1,0
BRDA:57,7,0,1
BRDA:57,7,1,1
BRDA:57,7,2,0
BRDA:57,7,3,0
BRF:17
BRH:9
end_of_record
TN:
SF:src/components/Menu/Menu.styles.ts
FNF:0
FNH:0
DA:4,1
LF:1
LH:1
BRF:0
BRH:0
end_of_record
TN:
SF:src/components/Menu/Menu.tsx
FN:40,(anonymous_0)
FN:48,(anonymous_1)
FN:56,(anonymous_2)
FN:63,(anonymous_3)
FN:79,(anonymous_4)
FN:92,(anonymous_5)
FN:101,(anonymous_6)
FN:111,(anonymous_7)
FN:148,(anonymous_8)
FN:223,(anonymous_9)
FNF:10
FNH:1
FNDA:0,(anonymous_0)
FNDA:0,(anonymous_1)
FNDA:0,(anonymous_2)
FNDA:0,(anonymous_3)
FNDA:0,(anonymous_4)
FNDA:0,(anonymous_5)
FNDA:0,(anonymous_6)
FNDA:0,(anonymous_7)
FNDA:1,(anonymous_8)
FNDA:0,(anonymous_9)
DA:9,1
DA:30,1
DA:41,0
DA:43,0
DA:44,0
DA:49,0
DA:51,0
DA:52,0
DA:56,1
DA:57,0
DA:58,0
DA:63,1
DA:64,0
DA:69,0
DA:70,0
DA:71,0
DA:72,0
DA:79,0
DA:80,0
DA:81,0
DA:82,0
DA:92,1
DA:93,0
DA:95,0
DA:108,0
DA:110,0
DA:111,0
DA:112,0
DA:115,0
DA:117,0
DA:119,0
DA:120,0
DA:121,0
DA:123,0
DA:124,0
DA:125,0
DA:126,0
DA:129,0
DA:159,1
DA:174,1
DA:176,1
DA:183,1
DA:184,0
DA:185,0
DA:188,0
DA:192,1
DA:193,0
DA:194,0
DA:197,0
DA:198,0
DA:200,0
DA:201,0
DA:203,0
DA:204,0
DA:205,0
DA:207,0
DA:211,1
DA:215,0
DA:216,0
DA:219,1
DA:224,0
LF:61
LH:12
BRDA:43,0,0,0
BRDA:43,0,1,0
BRDA:51,1,0,0
BRDA:51,1,1,0
BRDA:69,2,0,0
BRDA:69,2,1,0
BRDA:110,3,0,0
BRDA:110,3,1,0
BRDA:110,4,0,0
BRDA:110,4,1,0
BRDA:117,5,0,0
BRDA:117,5,1,0
BRDA:123,6,0,0
BRDA:123,6,1,0
BRDA:180,7,0,0
BRDA:180,7,1,1
BRDA:183,8,0,0
BRDA:183,8,1,1
BRDA:184,9,0,0
BRDA:184,9,1,0
BRDA:192,10,0,0
BRDA:192,10,1,1
BRDA:197,11,0,0
BRDA:197,11,1,0
BRDA:199,12,0,0
BRDA:199,12,1,0
BRDA:200,13,0,0
BRDA:200,13,1,0
BRDA:202,14,0,0
BRDA:202,14,1,0
BRDA:204,15,0,0
BRDA:204,15,1,0
BRDA:206,16,0,0
BRDA:206,16,1,0
BRDA:211,17,0,0
BRDA:211,17,1,1
BRDA:212,18,0,1
BRDA:212,18,1,1
BRDA:228,19,0,0
BRDA:228,19,1,1
BRDA:245,20,0,0
BRDA:245,20,1,1
BRF:42
BRH:8
end_of_record
TN:
SF:src/components/Menu/MenuItem/MenuItem.styles.ts
FNF:0
FNH:0
DA:1,1
LF:1
LH:1
BRF:0
BRH:0
end_of_record
TN:
SF:src/components/Menu/MenuItem/MenuItem.tsx
FN:11,(anonymous_0)
FN:18,(anonymous_1)
FN:26,(anonymous_2)
FN:34,(anonymous_3)
FN:44,(anonymous_4)
FN:63,(anonymous_5)
FN:70,(anonymous_6)
FN:71,(anonymous_7)
FNF:8
FNH:3
FNDA:1,(anonymous_0)
FNDA:0,(anonymous_1)
FNDA:0,(anonymous_2)
FNDA:0,(anonymous_3)
FNDA:1,(anonymous_4)
FNDA:1,(anonymous_5)
FNDA:0,(anonymous_6)
FNDA:0,(anonymous_7)
DA:12,1
DA:13,1
DA:19,0
DA:20,0
DA:21,0
DA:23,0
DA:27,0
DA:28,0
DA:35,0
DA:36,0
DA:45,1
DA:46,1
DA:65,1
DA:66,1
DA:68,1
DA:70,0
DA:71,0
DA:89,1
DA:100,1
LF:19
LH:9
BRDA:20,0,0,0
BRDA:20,0,1,0
BRDA:21,1,0,0
BRDA:21,1,1,0
BRDA:48,2,0,1
BRDA:48,2,1,0
BRDA:53,3,0,0
BRDA:53,3,1,1
BRDA:54,4,0,0
BRDA:54,4,1,1
BRDA:80,5,0,0
BRDA:80,5,1,1
BRDA:81,6,0,1
BRDA:81,6,1,1
BRDA:82,7,0,0
BRDA:82,7,1,1
BRF:16
BRH:7
end_of_record
TN:
SF:src/components/Menu/ModalMenu/ModalMenu.native.styles.js
FNF:0
FNH:0
LF:0
LH:0
BRF:0
BRH:0
end_of_record
TN:
SF:src/components/Menu/ModalMenu/index.native.js
FN:31,(anonymous_0)
FNF:1
FNH:0
FNDA:0,(anonymous_0)
DA:16,1
DA:27,1
DA:40,0
DA:42,0
DA:43,0
DA:45,0
LF:6
LH:2
BRF:0
BRH:0
end_of_record
TN:
SF:src/components/Paper/Paper.tsx
FN:31,(anonymous_0)
FN:58,(anonymous_1)
FNF:2
FNH:2
FNDA:1,(anonymous_0)
FNDA:1,(anonymous_1)
DA:30,1
DA:39,1
DA:40,1
DA:42,1
DA:58,1
LF:5
LH:5
BRDA:35,0,0,1
BRDA:37,1,0,1
BRDA:48,2,0,1
BRDA:48,2,1,0
BRF:4
BRH:3
end_of_record
TN:
SF:src/components/Paper/index.ts
FNF:0
FNH:0
LF:0
LH:0
BRF:0
BRH:0
end_of_record
TN:
SF:src/components/Ripple/Ripple.js
FN:27,(anonymous_0)
FN:50,(anonymous_1)
FN:77,(anonymous_2)
FN:81,(anonymous_3)
FN:85,(anonymous_4)
FN:96,(anonymous_5)
FN:100,(anonymous_6)
FN:104,(anonymous_7)
FN:108,(anonymous_8)
FN:114,(anonymous_9)
FN:130,(anonymous_10)
FN:141,(anonymous_11)
FN:153,(anonymous_12)
FN:160,(anonymous_13)
FN:166,(anonymous_14)
FN:168,(anonymous_15)
FN:174,(anonymous_16)
FN:217,(anonymous_17)
FN:220,(anonymous_18)
FN:255,(anonymous_19)
FNF:20
FNH:3
FNDA:0,(anonymous_0)
FNDA:2,(anonymous_1)
FNDA:2,(anonymous_2)
FNDA:0,(anonymous_3)
FNDA:0,(anonymous_4)
FNDA:0,(anonymous_5)
FNDA:0,(anonymous_6)
FNDA:0,(anonymous_7)
FNDA:0,(anonymous_8)
FNDA:0,(anonymous_9)
FNDA:0,(anonymous_10)
FNDA:0,(anonymous_11)
FNDA:0,(anonymous_12)
FNDA:0,(anonymous_13)
FNDA:0,(anonymous_14)
FNDA:0,(anonymous_15)
FNDA:0,(anonymous_16)
FNDA:0,(anonymous_17)
FNDA:0,(anonymous_18)
FNDA:2,(anonymous_19)
DA:13,2
DA:27,0
DA:31,2
DA:51,2
DA:53,2
DA:54,2
DA:55,2
DA:56,2
DA:57,2
DA:58,2
DA:60,2
DA:62,2
DA:63,2
DA:65,2
DA:67,2
DA:68,2
DA:70,2
DA:78,2
DA:82,0
DA:86,0
DA:87,0
DA:89,0
DA:90,0
DA:93,0
DA:97,0
DA:99,0
DA:100,0
DA:105,0
DA:106,0
DA:107,0
DA:108,0
DA:111,0
DA:115,0
DA:116,0
DA:117,0
DA:119,0
DA:121,0
DA:122,0
DA:123,0
DA:126,0
DA:131,0
DA:133,0
DA:134,0
DA:137,0
DA:138,0
DA:142,0
DA:143,0
DA:144,0
DA:146,0
DA:147,0
DA:150,0
DA:153,2
DA:154,0
DA:155,0
DA:156,0
DA:157,0
DA:161,0
DA:162,0
DA:167,0
DA:168,0
DA:171,0
DA:175,0
DA:177,0
DA:179,0
DA:180,0
DA:182,0
DA:184,0
DA:185,0
DA:186,0
DA:188,0
DA:189,0
DA:190,0
DA:192,0
DA:193,0
DA:196,0
DA:200,0
DA:208,0
DA:215,0
DA:217,0
DA:221,0
DA:222,0
DA:224,0
DA:246,0
DA:256,2
DA:257,2
DA:273,2
DA:275,2
DA:293,2
DA:297,2
LF:89
LH:24
BRDA:66,0,0,2
BRDA:66,0,1,2
BRDA:89,1,0,0
BRDA:89,1,1,0
BRDA:99,2,0,0
BRDA:99,2,1,0
BRDA:106,3,0,0
BRDA:106,3,1,0
BRDA:107,4,0,0
BRDA:107,4,1,0
BRDA:117,5,0,0
BRDA:117,5,1,0
BRDA:121,6,0,0
BRDA:121,6,1,0
BRDA:121,7,0,0
BRDA:121,7,1,0
BRDA:122,8,0,0
BRDA:122,8,1,0
BRDA:133,9,0,0
BRDA:133,9,1,0
BRDA:142,10,0,0
BRDA:142,10,1,0
BRDA:142,11,0,0
BRDA:142,11,1,0
BRDA:146,12,0,0
BRDA:146,12,1,0
BRDA:161,13,0,0
BRDA:161,13,1,0
BRDA:167,14,0,0
BRDA:167,14,1,0
BRDA:184,15,0,0
BRDA:184,15,1,0
BRDA:188,16,0,0
BRDA:188,16,1,0
BRDA:196,17,0,0
BRDA:196,17,1,0
BRDA:238,18,0,0
BRDA:238,18,1,0
BRDA:289,19,0,0
BRDA:289,19,1,2
BRF:40
BRH:3
end_of_record
TN:
SF:src/components/Ripple/Ripple.styles.js
FNF:0
FNH:0
DA:3,2
DA:5,2
LF:2
LH:2
BRF:0
BRH:0
end_of_record
TN:
SF:src/components/Shadow/index.ts
FN:231,(anonymous_0)
FNF:1
FNH:1
FNDA:6,(anonymous_0)
DA:3,3
DA:231,3
DA:232,6
LF:3
LH:3
BRDA:232,0,0,6
BRDA:232,0,1,0
BRF:2
BRH:1
end_of_record
TN:
SF:src/components/TextField/TextField.tsx
FN:20,(anonymous_0)
FN:36,(anonymous_1)
FN:54,(anonymous_2)
FN:55,(anonymous_3)
FN:65,(anonymous_4)
FNF:5
FNH:3
FNDA:1,(anonymous_0)
FNDA:1,(anonymous_1)
FNDA:0,(anonymous_2)
FNDA:0,(anonymous_3)
FNDA:1,(anonymous_4)
DA:20,1
DA:29,1
DA:30,1
DA:31,1
DA:32,1
DA:33,1
DA:35,1
DA:37,1
DA:49,1
DA:50,1
DA:54,0
DA:55,0
DA:65,1
LF:13
LH:11
BRDA:22,0,0,1
BRDA:23,1,0,1
BRDA:24,2,0,1
BRDA:25,3,0,1
BRDA:39,4,0,1
BRDA:39,4,1,0
BRDA:40,5,0,1
BRDA:40,5,1,0
BRDA:41,6,0,1
BRDA:41,6,1,0
BRDA:42,7,0,1
BRDA:42,7,1,0
BRDA:43,8,0,1
BRDA:43,8,1,0
BRDA:49,9,0,1
BRDA:49,9,1,0
BRDA:58,10,0,0
BRDA:58,10,1,1
BRDA:58,11,0,1
BRDA:58,11,1,1
BRF:20
BRH:13
end_of_record
TN:
SF:src/components/Typography/BodyText.tsx
FN:5,(anonymous_0)
FN:36,(anonymous_1)
FNF:2
FNH:0
FNDA:0,(anonymous_0)
FNDA:0,(anonymous_1)
DA:5,1
DA:13,0
DA:14,0
DA:15,0
DA:17,0
DA:21,0
DA:27,0
DA:29,0
DA:36,1
LF:9
LH:2
BRDA:6,0,0,0
BRDA:7,1,0,0
BRDA:8,2,0,0
BRDA:9,3,0,0
BRDA:10,4,0,0
BRDA:15,5,0,0
BRDA:15,5,1,0
BRDA:17,6,0,0
BRDA:17,6,1,0
BRDA:24,7,0,0
BRDA:24,7,1,0
BRDA:27,8,0,0
BRDA:27,8,1,0
BRF:13
BRH:0
end_of_record
TN:
SF:src/components/Typography/ButtonText.tsx
FN:5,(anonymous_0)
FN:21,(anonymous_1)
FNF:2
FNH:0
FNDA:0,(anonymous_0)
FNDA:0,(anonymous_1)
DA:5,1
DA:21,1
DA:28,0
DA:29,0
DA:30,0
LF:5
LH:2
BRDA:22,0,0,0
BRDA:23,1,0,0
BRDA:29,2,0,0
BRDA:29,2,1,0
BRDA:35,3,0,0
BRDA:35,3,1,0
BRDA:36,4,0,0
BRDA:36,4,1,0
BRF:8
BRH:0
end_of_record
TN:
SF:src/components/Typography/Caption.tsx
FN:5,(anonymous_0)
FN:17,(anonymous_1)
FNF:2
FNH:0
FNDA:0,(anonymous_0)
FNDA:0,(anonymous_1)
DA:5,1
DA:17,1
DA:24,0
DA:25,0
LF:4
LH:2
BRDA:18,0,0,0
BRDA:19,1,0,0
BRDA:26,2,0,0
BRDA:26,2,1,0
BRDA:27,3,0,0
BRDA:27,3,1,0
BRF:6
BRH:0
end_of_record
TN:
SF:src/components/Typography/Headline.tsx
FN:6,(anonymous_0)
FN:21,(anonymous_1)
FNF:2
FNH:0
FNDA:0,(anonymous_0)
FNDA:0,(anonymous_1)
DA:5,1
DA:7,0
DA:8,0
DA:9,0
DA:10,0
DA:11,0
DA:13,0
DA:21,1
LF:8
LH:2
BRDA:6,0,0,0
BRDA:6,1,0,0
BRDA:6,2,0,0
BRDA:14,3,0,0
BRDA:14,3,1,0
BRDA:15,4,0,0
BRDA:15,4,1,0
BRF:7
BRH:0
end_of_record
TN:
SF:src/components/Typography/Overline.tsx
FN:5,(anonymous_0)
FN:18,(anonymous_1)
FNF:2
FNH:0
FNDA:0,(anonymous_0)
FNDA:0,(anonymous_1)
DA:5,1
DA:18,1
DA:19,0
DA:20,0
DA:21,0
LF:5
LH:2
BRDA:18,0,0,0
BRDA:18,1,0,0
BRDA:19,2,0,0
BRDA:19,2,1,0
BRDA:22,3,0,0
BRDA:22,3,1,0
BRF:6
BRH:0
end_of_record
TN:
SF:src/components/Typography/Subtitle.tsx
FN:5,(anonymous_0)
FN:24,(anonymous_1)
FNF:2
FNH:0
FNDA:0,(anonymous_0)
FNDA:0,(anonymous_1)
DA:5,1
DA:13,0
DA:14,0
DA:16,0
DA:17,0
DA:24,1
LF:6
LH:2
BRDA:6,0,0,0
BRDA:7,1,0,0
BRDA:8,2,0,0
BRDA:9,3,0,0
BRDA:10,4,0,0
BRDA:14,5,0,0
BRDA:14,5,1,0
BRDA:16,6,0,0
BRDA:16,6,1,0
BRDA:19,7,0,0
BRDA:19,7,1,0
BRF:11
BRH:0
end_of_record
TN:
SF:src/components/Typography/Title.tsx
FN:6,(anonymous_0)
FN:20,(anonymous_1)
FNF:2
FNH:0
FNDA:0,(anonymous_0)
FNDA:0,(anonymous_1)
DA:5,1
DA:7,0
DA:8,0
DA:9,0
DA:10,0
DA:12,0
DA:20,1
LF:7
LH:2
BRDA:6,0,0,0
BRDA:6,1,0,0
BRDA:6,2,0,0
BRDA:13,3,0,0
BRDA:13,3,1,0
BRDA:14,4,0,0
BRDA:14,4,1,0
BRF:7
BRH:0
end_of_record
TN:
SF:src/components/Typography/Typography.tsx
FN:35,(anonymous_0)
FN:45,(anonymous_1)
FNF:2
FNH:2
FNDA:1,(anonymous_0)
FNDA:1,(anonymous_1)
DA:35,1
DA:43,1
DA:44,1
DA:45,1
DA:46,1
DA:47,1
DA:49,1
DA:52,1
LF:8
LH:8
BRDA:40,0,0,1
BRDA:41,1,0,0
BRDA:47,2,0,0
BRDA:47,2,1,1
BRDA:54,3,0,1
BRDA:54,3,1,1
BRDA:54,3,2,0
BRF:7
BRH:4
end_of_record
TN:
SF:src/components/Typography/index.ts
FNF:0
FNH:0
LF:0
LH:0
BRF:0
BRH:0
end_of_record
TN:
SF:src/components/Utils/Hoverable/Hoverable.js
FN:24,(anonymous_0)
FN:30,(anonymous_1)
FN:34,(anonymous_2)
FN:40,(anonymous_3)
FN:44,(anonymous_4)
FN:52,(anonymous_5)
FNF:6
FNH:1
FNDA:0,(anonymous_0)
FNDA:0,(anonymous_1)
FNDA:0,(anonymous_2)
FNDA:0,(anonymous_3)
FNDA:0,(anonymous_4)
FNDA:2,(anonymous_5)
DA:11,2
DA:13,2
DA:20,2
DA:24,2
DA:25,0
DA:26,0
DA:27,0
DA:28,0
DA:30,0
DA:34,2
DA:35,0
DA:36,0
DA:37,0
DA:38,0
DA:40,0
DA:44,2
DA:45,0
DA:46,0
DA:48,0
DA:53,2
DA:56,2
DA:60,2
DA:61,0
DA:66,2
LF:24
LH:10
BRDA:25,0,0,0
BRDA:25,0,1,0
BRDA:27,1,0,0
BRDA:27,1,1,0
BRDA:35,2,0,0
BRDA:35,2,1,0
BRDA:37,3,0,0
BRDA:37,3,1,0
BRDA:45,4,0,0
BRDA:45,4,1,0
BRDA:56,5,0,0
BRDA:56,5,1,2
BRDA:60,6,0,0
BRDA:60,6,1,2
BRF:14
BRH:2
end_of_record
TN:
SF:src/theme/ThemeProvider.tsx
FN:9,(anonymous_0)
FN:29,(anonymous_1)
FN:45,(anonymous_2)
FN:46,(anonymous_3)
FN:52,(anonymous_4)
FNF:5
FNH:2
FNDA:0,(anonymous_0)
FNDA:2,(anonymous_1)
FNDA:0,(anonymous_2)
FNDA:0,(anonymous_3)
FNDA:2,(anonymous_4)
DA:8,2
DA:9,2
DA:10,2
DA:29,2
DA:30,2
DA:31,2
DA:32,2
DA:33,2
DA:38,2
DA:42,2
DA:44,2
DA:46,0
DA:47,0
DA:52,2
DA:53,2
DA:56,2
DA:59,2
DA:60,2
DA:63,2
DA:64,2
LF:20
LH:18
BRDA:31,0,0,2
BRDA:31,0,1,0
BRDA:35,1,0,2
BRDA:35,1,1,2
BRDA:39,2,0,2
BRDA:39,2,1,2
BRDA:39,2,2,0
BRDA:47,3,0,0
BRDA:47,3,1,0
BRDA:53,4,0,2
BRDA:53,4,1,2
BRDA:56,5,0,2
BRDA:56,5,1,0
BRF:13
BRH:8
end_of_record
TN:
SF:src/theme/Typography.ts
FNF:0
FNH:0
DA:21,2
DA:30,2
DA:72,2
LF:3
LH:3
BRF:0
BRH:0
end_of_record
TN:
SF:src/theme/dark.ts
FNF:0
FNH:0
DA:5,2
DA:9,2
DA:11,2
DA:12,2
DA:13,2
DA:14,2
DA:15,2
DA:17,2
DA:18,2
DA:19,2
DA:20,2
DA:21,2
DA:22,2
DA:23,2
DA:24,2
DA:26,2
DA:28,2
DA:37,2
DA:38,2
DA:39,2
DA:40,2
DA:43,2
DA:44,2
DA:46,2
DA:47,2
DA:48,2
DA:49,2
DA:51,2
DA:53,2
DA:54,2
DA:55,2
DA:57,2
DA:58,2
DA:59,2
DA:60,2
DA:61,2
DA:62,2
DA:63,2
DA:64,2
DA:65,2
DA:66,2
DA:67,2
DA:68,2
DA:69,2
DA:70,2
DA:71,2
DA:72,2
DA:74,2
DA:75,2
DA:76,2
DA:78,2
LF:51
LH:51
BRDA:74,0,0,0
BRDA:74,0,1,2
BRDA:75,1,0,0
BRDA:75,1,1,2
BRF:4
BRH:2
end_of_record
TN:
SF:src/theme/index.ts
FNF:0
FNH:0
LF:0
LH:0
BRF:0
BRH:0
end_of_record
TN:
SF:src/theme/light.ts
FNF:0
FNH:0
DA:5,2
DA:7,2
DA:8,2
DA:9,2
DA:10,2
DA:11,2
DA:13,2
DA:14,2
DA:15,2
DA:16,2
DA:17,2
DA:18,2
DA:19,2
DA:20,2
DA:22,2
DA:24,2
DA:25,2
DA:26,2
DA:27,2
DA:28,2
DA:29,2
DA:30,2
DA:31,2
DA:32,2
DA:33,2
DA:34,2
DA:35,2
DA:36,2
DA:37,2
DA:38,2
DA:39,2
DA:41,2
DA:50,2
DA:51,2
DA:52,2
DA:53,2
DA:56,2
DA:57,2
DA:59,2
DA:60,2
DA:61,2
DA:62,2
DA:64,2
DA:66,2
DA:67,2
DA:68,2
DA:70,2
DA:71,2
DA:72,2
DA:90,2
LF:50
LH:50
BRDA:66,0,0,0
BRDA:66,0,1,2
BRDA:67,1,0,0
BRDA:67,1,1,2
BRF:4
BRH:2
end_of_record
TN:
SF:src/theme/makeStyles.ts
FN:8,(anonymous_0)
FN:9,(anonymous_1)
FN:12,(anonymous_2)
FN:18,(anonymous_3)
FNF:4
FNH:4
FNDA:10,(anonymous_0)
FNDA:3,(anonymous_1)
FNDA:3,(anonymous_2)
FNDA:3,(anonymous_3)
DA:8,2
DA:9,10
DA:10,3
DA:11,3
DA:12,3
DA:15,3
DA:18,10
LF:7
LH:7
BRF:0
BRH:0
end_of_record
TN:
SF:src/theme/makeTheme.ts
FN:16,(anonymous_0)
FN:19,(anonymous_1)
FNF:2
FNH:2
FNDA:4,(anonymous_0)
FNDA:4,(anonymous_1)
DA:16,2
DA:17,4
DA:19,2
DA:20,4
DA:21,4
DA:22,4
LF:6
LH:6
BRDA:17,0,0,4
BRDA:17,0,1,0
BRDA:20,1,0,4
BRDA:20,1,1,0
BRF:4
BRH:2
end_of_record
TN:
SF:src/theme/useTheme.ts
FN:4,(anonymous_0)
FNF:1
FNH:1
FNDA:5,(anonymous_0)
DA:4,2
DA:5,5
DA:6,5
LF:3
LH:3
BRF:0
BRH:0
end_of_record
